2024-11-22 01:00:40,278 - INFO - [31m[1mWARNING: This is a development server. Do not use it in a production deployment. Use a production WSGI server instead.[0m
 * Running on all addresses (0.0.0.0)
 * Running on http://127.0.0.1:5000
 * Running on http://192.168.43.85:5000
2024-11-22 01:00:40,279 - INFO - [33mPress CTRL+C to quit[0m
2024-11-22 01:00:40,279 - INFO -  * Restarting with stat
2024-11-22 01:00:46,426 - WARNING -  * Debugger is active!
2024-11-22 01:00:46,428 - INFO -  * Debugger PIN: 144-004-194
2024-11-22 01:00:59,943 - INFO - Rendering the index page.
2024-11-22 01:01:00,015 - INFO - 127.0.0.1 - - [22/Nov/2024 01:01:00] "[35m[1mGET / HTTP/1.1[0m" 500 -
2024-11-22 01:01:00,103 - INFO - 127.0.0.1 - - [22/Nov/2024 01:01:00] "[36mGET /?__debugger__=yes&cmd=resource&f=style.css HTTP/1.1[0m" 304 -
2024-11-22 01:01:00,104 - INFO - 127.0.0.1 - - [22/Nov/2024 01:01:00] "[36mGET /?__debugger__=yes&cmd=resource&f=debugger.js HTTP/1.1[0m" 304 -
2024-11-22 01:01:00,179 - INFO - 127.0.0.1 - - [22/Nov/2024 01:01:00] "GET /?__debugger__=yes&cmd=resource&f=console.png&s=jD6DTb2zQSuIASEskp8R HTTP/1.1" 200 -
2024-11-22 01:01:00,237 - INFO - 127.0.0.1 - - [22/Nov/2024 01:01:00] "[36mGET /?__debugger__=yes&cmd=resource&f=console.png HTTP/1.1[0m" 304 -
2024-11-22 01:01:52,282 - INFO - Rendering the index page.
2024-11-22 01:01:52,302 - INFO - 127.0.0.1 - - [22/Nov/2024 01:01:52] "GET / HTTP/1.1" 200 -
2024-11-22 01:01:52,438 - INFO - 127.0.0.1 - - [22/Nov/2024 01:01:52] "[33mGET /static/main.js HTTP/1.1[0m" 404 -
2024-11-22 01:04:02,615 - INFO - Rendering the index page.
2024-11-22 01:04:02,616 - INFO - 127.0.0.1 - - [22/Nov/2024 01:04:02] "GET / HTTP/1.1" 200 -
2024-11-22 01:04:02,673 - INFO - 127.0.0.1 - - [22/Nov/2024 01:04:02] "[33mGET /static/main.js HTTP/1.1[0m" 404 -
2024-11-22 01:05:01,431 - INFO - Rendering the index page.
2024-11-22 01:05:01,436 - INFO - 127.0.0.1 - - [22/Nov/2024 01:05:01] "GET / HTTP/1.1" 200 -
2024-11-22 01:05:01,571 - INFO - 127.0.0.1 - - [22/Nov/2024 01:05:01] "GET /static/js/main.js HTTP/1.1" 200 -
2024-11-22 01:05:03,302 - INFO - 192.168.43.85 - - [22/Nov/2024 01:05:03] "GET /socket.io/?EIO=4&transport=polling&t=PDHBxp1 HTTP/1.1" 200 -
2024-11-22 01:05:03,480 - INFO - 192.168.43.85 - - [22/Nov/2024 01:05:03] "POST /socket.io/?EIO=4&transport=polling&t=PDHBxqs&sid=1zWI8Vv-3UVcQEhbAAAA HTTP/1.1" 200 -
2024-11-22 01:05:03,481 - INFO - 192.168.43.85 - - [22/Nov/2024 01:05:03] "GET /socket.io/?EIO=4&transport=polling&t=PDHBxqx&sid=1zWI8Vv-3UVcQEhbAAAA HTTP/1.1" 200 -
2024-11-22 01:05:03,528 - INFO - 192.168.43.85 - - [22/Nov/2024 01:05:03] "GET /socket.io/?EIO=4&transport=polling&t=PDHBxsM&sid=1zWI8Vv-3UVcQEhbAAAA HTTP/1.1" 200 -
2024-11-22 01:05:03,558 - INFO - 192.168.43.85 - - [22/Nov/2024 01:05:03] "POST /socket.io/?EIO=4&transport=polling&t=PDHBxsY&sid=1zWI8Vv-3UVcQEhbAAAA HTTP/1.1" 200 -
2024-11-22 01:05:03,704 - ERROR - An error occurred during image processing: cannot identify image file <_io.BytesIO object at 0x7a38d2564d60>
Traceback (most recent call last):
  File "/home/flutterfinn/AntiSpoofin/app/blueprints/services.py", line 16, in process_image
    pil_image = Image.open(image_bytes)
                ^^^^^^^^^^^^^^^^^^^^^^^
  File "/home/flutterfinn/livelinessCheckEnv/lib/python3.12/site-packages/PIL/Image.py", line 3536, in open
    raise UnidentifiedImageError(msg)
PIL.UnidentifiedImageError: cannot identify image file <_io.BytesIO object at 0x7a38d2564d60>
2024-11-22 01:05:03,706 - ERROR - An error occurred during image processing: cannot identify image file <_io.BytesIO object at 0x7a38d25641d0>
Traceback (most recent call last):
  File "/home/flutterfinn/AntiSpoofin/app/blueprints/services.py", line 16, in process_image
    pil_image = Image.open(image_bytes)
                ^^^^^^^^^^^^^^^^^^^^^^^
  File "/home/flutterfinn/livelinessCheckEnv/lib/python3.12/site-packages/PIL/Image.py", line 3536, in open
    raise UnidentifiedImageError(msg)
PIL.UnidentifiedImageError: cannot identify image file <_io.BytesIO object at 0x7a38d25641d0>
2024-11-22 01:05:03,705 - ERROR - An error occurred during image processing: cannot identify image file <_io.BytesIO object at 0x7a38d2565850>
Traceback (most recent call last):
  File "/home/flutterfinn/AntiSpoofin/app/blueprints/services.py", line 16, in process_image
    pil_image = Image.open(image_bytes)
                ^^^^^^^^^^^^^^^^^^^^^^^
  File "/home/flutterfinn/livelinessCheckEnv/lib/python3.12/site-packages/PIL/Image.py", line 3536, in open
    raise UnidentifiedImageError(msg)
PIL.UnidentifiedImageError: cannot identify image file <_io.BytesIO object at 0x7a38d2565850>
2024-11-22 01:05:03,706 - ERROR - An error occurred during image processing: cannot identify image file <_io.BytesIO object at 0x7a3943250810>
Traceback (most recent call last):
  File "/home/flutterfinn/AntiSpoofin/app/blueprints/services.py", line 16, in process_image
    pil_image = Image.open(image_bytes)
                ^^^^^^^^^^^^^^^^^^^^^^^
  File "/home/flutterfinn/livelinessCheckEnv/lib/python3.12/site-packages/PIL/Image.py", line 3536, in open
    raise UnidentifiedImageError(msg)
PIL.UnidentifiedImageError: cannot identify image file <_io.BytesIO object at 0x7a3943250810>
2024-11-22 01:05:03,710 - ERROR - An error occurred during image processing: cannot identify image file <_io.BytesIO object at 0x7a38d2566480>
Traceback (most recent call last):
  File "/home/flutterfinn/AntiSpoofin/app/blueprints/services.py", line 16, in process_image
    pil_image = Image.open(image_bytes)
                ^^^^^^^^^^^^^^^^^^^^^^^
  File "/home/flutterfinn/livelinessCheckEnv/lib/python3.12/site-packages/PIL/Image.py", line 3536, in open
    raise UnidentifiedImageError(msg)
PIL.UnidentifiedImageError: cannot identify image file <_io.BytesIO object at 0x7a38d2566480>
2024-11-22 01:05:03,708 - ERROR - An error occurred during image processing: cannot identify image file <_io.BytesIO object at 0x7a38d24f5ad0>
Traceback (most recent call last):
  File "/home/flutterfinn/AntiSpoofin/app/blueprints/services.py", line 16, in process_image
    pil_image = Image.open(image_bytes)
                ^^^^^^^^^^^^^^^^^^^^^^^
  File "/home/flutterfinn/livelinessCheckEnv/lib/python3.12/site-packages/PIL/Image.py", line 3536, in open
    raise UnidentifiedImageError(msg)
PIL.UnidentifiedImageError: cannot identify image file <_io.BytesIO object at 0x7a38d24f5ad0>
2024-11-22 01:05:03,713 - ERROR - An error occurred during image processing: cannot identify image file <_io.BytesIO object at 0x7a39432cbdd0>
Traceback (most recent call last):
  File "/home/flutterfinn/AntiSpoofin/app/blueprints/services.py", line 16, in process_image
    pil_image = Image.open(image_bytes)
                ^^^^^^^^^^^^^^^^^^^^^^^
  File "/home/flutterfinn/livelinessCheckEnv/lib/python3.12/site-packages/PIL/Image.py", line 3536, in open
    raise UnidentifiedImageError(msg)
PIL.UnidentifiedImageError: cannot identify image file <_io.BytesIO object at 0x7a39432cbdd0>
2024-11-22 01:05:03,708 - ERROR - An error occurred during image processing: cannot identify image file <_io.BytesIO object at 0x7a38d24b6c50>
Traceback (most recent call last):
  File "/home/flutterfinn/AntiSpoofin/app/blueprints/services.py", line 16, in process_image
    pil_image = Image.open(image_bytes)
                ^^^^^^^^^^^^^^^^^^^^^^^
  File "/home/flutterfinn/livelinessCheckEnv/lib/python3.12/site-packages/PIL/Image.py", line 3536, in open
    raise UnidentifiedImageError(msg)
PIL.UnidentifiedImageError: cannot identify image file <_io.BytesIO object at 0x7a38d24b6c50>
2024-11-22 01:05:03,708 - ERROR - An error occurred during image processing: cannot identify image file <_io.BytesIO object at 0x7a38d2487b50>
Traceback (most recent call last):
  File "/home/flutterfinn/AntiSpoofin/app/blueprints/services.py", line 16, in process_image
    pil_image = Image.open(image_bytes)
                ^^^^^^^^^^^^^^^^^^^^^^^
  File "/home/flutterfinn/livelinessCheckEnv/lib/python3.12/site-packages/PIL/Image.py", line 3536, in open
    raise UnidentifiedImageError(msg)
PIL.UnidentifiedImageError: cannot identify image file <_io.BytesIO object at 0x7a38d2487b50>
2024-11-22 01:05:03,750 - INFO - 127.0.0.1 - - [22/Nov/2024 01:05:03] "[33mGET /undefined HTTP/1.1[0m" 404 -
2024-11-22 01:05:03,759 - ERROR - An error occurred during image processing: cannot identify image file <_io.BytesIO object at 0x7a39432cbe20>
Traceback (most recent call last):
  File "/home/flutterfinn/AntiSpoofin/app/blueprints/services.py", line 16, in process_image
    pil_image = Image.open(image_bytes)
                ^^^^^^^^^^^^^^^^^^^^^^^
  File "/home/flutterfinn/livelinessCheckEnv/lib/python3.12/site-packages/PIL/Image.py", line 3536, in open
    raise UnidentifiedImageError(msg)
PIL.UnidentifiedImageError: cannot identify image file <_io.BytesIO object at 0x7a39432cbe20>
2024-11-22 01:05:03,799 - ERROR - An error occurred during image processing: cannot identify image file <_io.BytesIO object at 0x7a39432dc040>
Traceback (most recent call last):
  File "/home/flutterfinn/AntiSpoofin/app/blueprints/services.py", line 16, in process_image
    pil_image = Image.open(image_bytes)
                ^^^^^^^^^^^^^^^^^^^^^^^
  File "/home/flutterfinn/livelinessCheckEnv/lib/python3.12/site-packages/PIL/Image.py", line 3536, in open
    raise UnidentifiedImageError(msg)
PIL.UnidentifiedImageError: cannot identify image file <_io.BytesIO object at 0x7a39432dc040>
2024-11-22 01:05:03,820 - INFO - 127.0.0.1 - - [22/Nov/2024 01:05:03] "[33mGET /undefined HTTP/1.1[0m" 404 -
2024-11-22 01:05:03,844 - ERROR - An error occurred during image processing: cannot identify image file <_io.BytesIO object at 0x7a39432dc6d0>
Traceback (most recent call last):
  File "/home/flutterfinn/AntiSpoofin/app/blueprints/services.py", line 16, in process_image
    pil_image = Image.open(image_bytes)
                ^^^^^^^^^^^^^^^^^^^^^^^
  File "/home/flutterfinn/livelinessCheckEnv/lib/python3.12/site-packages/PIL/Image.py", line 3536, in open
    raise UnidentifiedImageError(msg)
PIL.UnidentifiedImageError: cannot identify image file <_io.BytesIO object at 0x7a39432dc6d0>
2024-11-22 01:05:03,892 - INFO - 127.0.0.1 - - [22/Nov/2024 01:05:03] "[33mGET /undefined HTTP/1.1[0m" 404 -
2024-11-22 01:05:03,898 - ERROR - An error occurred during image processing: cannot identify image file <_io.BytesIO object at 0x7a39432dd030>
Traceback (most recent call last):
  File "/home/flutterfinn/AntiSpoofin/app/blueprints/services.py", line 16, in process_image
    pil_image = Image.open(image_bytes)
                ^^^^^^^^^^^^^^^^^^^^^^^
  File "/home/flutterfinn/livelinessCheckEnv/lib/python3.12/site-packages/PIL/Image.py", line 3536, in open
    raise UnidentifiedImageError(msg)
PIL.UnidentifiedImageError: cannot identify image file <_io.BytesIO object at 0x7a39432dd030>
2024-11-22 01:05:03,934 - ERROR - An error occurred during image processing: cannot identify image file <_io.BytesIO object at 0x7a38d24f5a80>
Traceback (most recent call last):
  File "/home/flutterfinn/AntiSpoofin/app/blueprints/services.py", line 16, in process_image
    pil_image = Image.open(image_bytes)
                ^^^^^^^^^^^^^^^^^^^^^^^
  File "/home/flutterfinn/livelinessCheckEnv/lib/python3.12/site-packages/PIL/Image.py", line 3536, in open
    raise UnidentifiedImageError(msg)
PIL.UnidentifiedImageError: cannot identify image file <_io.BytesIO object at 0x7a38d24f5a80>
2024-11-22 01:05:03,959 - INFO - 127.0.0.1 - - [22/Nov/2024 01:05:03] "[33mGET /undefined HTTP/1.1[0m" 404 -
2024-11-22 01:05:03,985 - ERROR - An error occurred during image processing: cannot identify image file <_io.BytesIO object at 0x7a38d25661b0>
Traceback (most recent call last):
  File "/home/flutterfinn/AntiSpoofin/app/blueprints/services.py", line 16, in process_image
    pil_image = Image.open(image_bytes)
                ^^^^^^^^^^^^^^^^^^^^^^^
  File "/home/flutterfinn/livelinessCheckEnv/lib/python3.12/site-packages/PIL/Image.py", line 3536, in open
    raise UnidentifiedImageError(msg)
PIL.UnidentifiedImageError: cannot identify image file <_io.BytesIO object at 0x7a38d25661b0>
2024-11-22 01:05:04,014 - INFO - 127.0.0.1 - - [22/Nov/2024 01:05:04] "[33mGET /undefined HTTP/1.1[0m" 404 -
2024-11-22 01:05:27,085 - INFO - 192.168.43.85 - - [22/Nov/2024 01:05:27] "GET /socket.io/?EIO=4&transport=websocket&sid=1zWI8Vv-3UVcQEhbAAAA HTTP/1.1" 200 -
2024-11-22 01:06:26,819 - INFO - Rendering the index page.
2024-11-22 01:06:26,821 - INFO - 127.0.0.1 - - [22/Nov/2024 01:06:26] "GET / HTTP/1.1" 200 -
2024-11-22 01:06:26,996 - INFO - 127.0.0.1 - - [22/Nov/2024 01:06:26] "GET /static/js/main.js HTTP/1.1" 200 -
2024-11-22 01:06:27,480 - INFO - 192.168.43.85 - - [22/Nov/2024 01:06:27] "GET /socket.io/?EIO=4&transport=polling&t=PDHCGMH HTTP/1.1" 200 -
2024-11-22 01:06:27,508 - INFO - 192.168.43.85 - - [22/Nov/2024 01:06:27] "POST /socket.io/?EIO=4&transport=polling&t=PDHCGMk&sid=sxYcAuxF-ioAMGhAAAAC HTTP/1.1" 200 -
2024-11-22 01:06:27,517 - INFO - 192.168.43.85 - - [22/Nov/2024 01:06:27] "GET /socket.io/?EIO=4&transport=polling&t=PDHCGMm&sid=sxYcAuxF-ioAMGhAAAAC HTTP/1.1" 200 -
2024-11-22 01:06:27,540 - INFO - 192.168.43.85 - - [22/Nov/2024 01:06:27] "GET /socket.io/?EIO=4&transport=polling&t=PDHCGNB&sid=sxYcAuxF-ioAMGhAAAAC HTTP/1.1" 200 -
2024-11-22 01:06:27,689 - INFO - 192.168.43.85 - - [22/Nov/2024 01:06:27] "POST /socket.io/?EIO=4&transport=polling&t=PDHCGND&sid=sxYcAuxF-ioAMGhAAAAC HTTP/1.1" 200 -
2024-11-22 01:06:27,719 - ERROR - An error occurred during image processing: cannot identify image file <_io.BytesIO object at 0x7a38ce6646d0>
Traceback (most recent call last):
  File "/home/flutterfinn/AntiSpoofin/app/blueprints/services.py", line 16, in process_image
    pil_image = Image.open(image_bytes)
                ^^^^^^^^^^^^^^^^^^^^^^^
  File "/home/flutterfinn/livelinessCheckEnv/lib/python3.12/site-packages/PIL/Image.py", line 3536, in open
    raise UnidentifiedImageError(msg)
PIL.UnidentifiedImageError: cannot identify image file <_io.BytesIO object at 0x7a38ce6646d0>
2024-11-22 01:06:27,723 - ERROR - An error occurred during image processing: cannot identify image file <_io.BytesIO object at 0x7a38ce675620>
Traceback (most recent call last):
  File "/home/flutterfinn/AntiSpoofin/app/blueprints/services.py", line 16, in process_image
    pil_image = Image.open(image_bytes)
                ^^^^^^^^^^^^^^^^^^^^^^^
  File "/home/flutterfinn/livelinessCheckEnv/lib/python3.12/site-packages/PIL/Image.py", line 3536, in open
    raise UnidentifiedImageError(msg)
PIL.UnidentifiedImageError: cannot identify image file <_io.BytesIO object at 0x7a38ce675620>
2024-11-22 01:06:27,726 - ERROR - An error occurred during image processing: cannot identify image file <_io.BytesIO object at 0x7a38ce675350>
Traceback (most recent call last):
  File "/home/flutterfinn/AntiSpoofin/app/blueprints/services.py", line 16, in process_image
    pil_image = Image.open(image_bytes)
                ^^^^^^^^^^^^^^^^^^^^^^^
  File "/home/flutterfinn/livelinessCheckEnv/lib/python3.12/site-packages/PIL/Image.py", line 3536, in open
    raise UnidentifiedImageError(msg)
PIL.UnidentifiedImageError: cannot identify image file <_io.BytesIO object at 0x7a38ce675350>
2024-11-22 01:06:27,731 - ERROR - An error occurred during image processing: cannot identify image file <_io.BytesIO object at 0x7a38cfb928e0>
Traceback (most recent call last):
  File "/home/flutterfinn/AntiSpoofin/app/blueprints/services.py", line 16, in process_image
    pil_image = Image.open(image_bytes)
                ^^^^^^^^^^^^^^^^^^^^^^^
  File "/home/flutterfinn/livelinessCheckEnv/lib/python3.12/site-packages/PIL/Image.py", line 3536, in open
    raise UnidentifiedImageError(msg)
PIL.UnidentifiedImageError: cannot identify image file <_io.BytesIO object at 0x7a38cfb928e0>
2024-11-22 01:06:27,740 - INFO - 127.0.0.1 - - [22/Nov/2024 01:06:27] "[33mGET /undefined HTTP/1.1[0m" 404 -
2024-11-22 01:06:27,753 - ERROR - An error occurred during image processing: cannot identify image file <_io.BytesIO object at 0x7a38ce432610>
Traceback (most recent call last):
  File "/home/flutterfinn/AntiSpoofin/app/blueprints/services.py", line 16, in process_image
    pil_image = Image.open(image_bytes)
                ^^^^^^^^^^^^^^^^^^^^^^^
  File "/home/flutterfinn/livelinessCheckEnv/lib/python3.12/site-packages/PIL/Image.py", line 3536, in open
    raise UnidentifiedImageError(msg)
PIL.UnidentifiedImageError: cannot identify image file <_io.BytesIO object at 0x7a38ce432610>
2024-11-22 01:06:27,795 - INFO - 127.0.0.1 - - [22/Nov/2024 01:06:27] "[33mGET /undefined HTTP/1.1[0m" 404 -
2024-11-22 01:06:27,800 - ERROR - An error occurred during image processing: cannot identify image file <_io.BytesIO object at 0x7a38c61284a0>
Traceback (most recent call last):
  File "/home/flutterfinn/AntiSpoofin/app/blueprints/services.py", line 16, in process_image
    pil_image = Image.open(image_bytes)
                ^^^^^^^^^^^^^^^^^^^^^^^
  File "/home/flutterfinn/livelinessCheckEnv/lib/python3.12/site-packages/PIL/Image.py", line 3536, in open
    raise UnidentifiedImageError(msg)
PIL.UnidentifiedImageError: cannot identify image file <_io.BytesIO object at 0x7a38c61284a0>
2024-11-22 01:06:27,817 - ERROR - An error occurred during image processing: cannot identify image file <_io.BytesIO object at 0x7a38d2f18220>
Traceback (most recent call last):
  File "/home/flutterfinn/AntiSpoofin/app/blueprints/services.py", line 16, in process_image
    pil_image = Image.open(image_bytes)
                ^^^^^^^^^^^^^^^^^^^^^^^
  File "/home/flutterfinn/livelinessCheckEnv/lib/python3.12/site-packages/PIL/Image.py", line 3536, in open
    raise UnidentifiedImageError(msg)
PIL.UnidentifiedImageError: cannot identify image file <_io.BytesIO object at 0x7a38d2f18220>
2024-11-22 01:06:27,838 - ERROR - An error occurred during image processing: cannot identify image file <_io.BytesIO object at 0x7a38bb41f920>
Traceback (most recent call last):
  File "/home/flutterfinn/AntiSpoofin/app/blueprints/services.py", line 16, in process_image
    pil_image = Image.open(image_bytes)
                ^^^^^^^^^^^^^^^^^^^^^^^
  File "/home/flutterfinn/livelinessCheckEnv/lib/python3.12/site-packages/PIL/Image.py", line 3536, in open
    raise UnidentifiedImageError(msg)
PIL.UnidentifiedImageError: cannot identify image file <_io.BytesIO object at 0x7a38bb41f920>
2024-11-22 01:06:27,846 - INFO - 127.0.0.1 - - [22/Nov/2024 01:06:27] "[33mGET /undefined HTTP/1.1[0m" 404 -
2024-11-22 01:06:27,891 - INFO - 127.0.0.1 - - [22/Nov/2024 01:06:27] "[33mGET /undefined HTTP/1.1[0m" 404 -
2024-11-22 01:06:27,892 - ERROR - An error occurred during image processing: cannot identify image file <_io.BytesIO object at 0x7a38c4153bf0>
Traceback (most recent call last):
  File "/home/flutterfinn/AntiSpoofin/app/blueprints/services.py", line 16, in process_image
    pil_image = Image.open(image_bytes)
                ^^^^^^^^^^^^^^^^^^^^^^^
  File "/home/flutterfinn/livelinessCheckEnv/lib/python3.12/site-packages/PIL/Image.py", line 3536, in open
    raise UnidentifiedImageError(msg)
PIL.UnidentifiedImageError: cannot identify image file <_io.BytesIO object at 0x7a38c4153bf0>
2024-11-22 01:06:27,927 - ERROR - An error occurred during image processing: cannot identify image file <_io.BytesIO object at 0x7a38c4152520>
Traceback (most recent call last):
  File "/home/flutterfinn/AntiSpoofin/app/blueprints/services.py", line 16, in process_image
    pil_image = Image.open(image_bytes)
                ^^^^^^^^^^^^^^^^^^^^^^^
  File "/home/flutterfinn/livelinessCheckEnv/lib/python3.12/site-packages/PIL/Image.py", line 3536, in open
    raise UnidentifiedImageError(msg)
PIL.UnidentifiedImageError: cannot identify image file <_io.BytesIO object at 0x7a38c4152520>
2024-11-22 01:06:27,933 - INFO - 127.0.0.1 - - [22/Nov/2024 01:06:27] "[33mGET /undefined HTTP/1.1[0m" 404 -
2024-11-22 01:06:27,971 - ERROR - An error occurred during image processing: cannot identify image file <_io.BytesIO object at 0x7a38bb5ecfe0>
Traceback (most recent call last):
  File "/home/flutterfinn/AntiSpoofin/app/blueprints/services.py", line 16, in process_image
    pil_image = Image.open(image_bytes)
                ^^^^^^^^^^^^^^^^^^^^^^^
  File "/home/flutterfinn/livelinessCheckEnv/lib/python3.12/site-packages/PIL/Image.py", line 3536, in open
    raise UnidentifiedImageError(msg)
PIL.UnidentifiedImageError: cannot identify image file <_io.BytesIO object at 0x7a38bb5ecfe0>
2024-11-22 01:06:27,976 - INFO - 127.0.0.1 - - [22/Nov/2024 01:06:27] "[33mGET /undefined HTTP/1.1[0m" 404 -
2024-11-22 01:06:28,016 - ERROR - An error occurred during image processing: cannot identify image file <_io.BytesIO object at 0x7a38ce751670>
Traceback (most recent call last):
  File "/home/flutterfinn/AntiSpoofin/app/blueprints/services.py", line 16, in process_image
    pil_image = Image.open(image_bytes)
                ^^^^^^^^^^^^^^^^^^^^^^^
  File "/home/flutterfinn/livelinessCheckEnv/lib/python3.12/site-packages/PIL/Image.py", line 3536, in open
    raise UnidentifiedImageError(msg)
PIL.UnidentifiedImageError: cannot identify image file <_io.BytesIO object at 0x7a38ce751670>
2024-11-22 01:06:28,027 - INFO - 127.0.0.1 - - [22/Nov/2024 01:06:28] "[33mGET /undefined HTTP/1.1[0m" 404 -
2024-11-22 01:06:28,061 - ERROR - An error occurred during image processing: cannot identify image file <_io.BytesIO object at 0x7a38c454ecf0>
Traceback (most recent call last):
  File "/home/flutterfinn/AntiSpoofin/app/blueprints/services.py", line 16, in process_image
    pil_image = Image.open(image_bytes)
                ^^^^^^^^^^^^^^^^^^^^^^^
  File "/home/flutterfinn/livelinessCheckEnv/lib/python3.12/site-packages/PIL/Image.py", line 3536, in open
    raise UnidentifiedImageError(msg)
PIL.UnidentifiedImageError: cannot identify image file <_io.BytesIO object at 0x7a38c454ecf0>
2024-11-22 01:06:28,069 - INFO - 127.0.0.1 - - [22/Nov/2024 01:06:28] "[33mGET /undefined HTTP/1.1[0m" 404 -
2024-11-22 01:06:28,106 - ERROR - An error occurred during image processing: cannot identify image file <_io.BytesIO object at 0x7a38c41536f0>
Traceback (most recent call last):
  File "/home/flutterfinn/AntiSpoofin/app/blueprints/services.py", line 16, in process_image
    pil_image = Image.open(image_bytes)
                ^^^^^^^^^^^^^^^^^^^^^^^
  File "/home/flutterfinn/livelinessCheckEnv/lib/python3.12/site-packages/PIL/Image.py", line 3536, in open
    raise UnidentifiedImageError(msg)
PIL.UnidentifiedImageError: cannot identify image file <_io.BytesIO object at 0x7a38c41536f0>
2024-11-22 01:06:28,115 - INFO - 127.0.0.1 - - [22/Nov/2024 01:06:28] "[33mGET /undefined HTTP/1.1[0m" 404 -
2024-11-22 01:06:28,151 - ERROR - An error occurred during image processing: cannot identify image file <_io.BytesIO object at 0x7a38cfb927f0>
Traceback (most recent call last):
  File "/home/flutterfinn/AntiSpoofin/app/blueprints/services.py", line 16, in process_image
    pil_image = Image.open(image_bytes)
                ^^^^^^^^^^^^^^^^^^^^^^^
  File "/home/flutterfinn/livelinessCheckEnv/lib/python3.12/site-packages/PIL/Image.py", line 3536, in open
    raise UnidentifiedImageError(msg)
PIL.UnidentifiedImageError: cannot identify image file <_io.BytesIO object at 0x7a38cfb927f0>
2024-11-22 01:06:28,158 - INFO - 127.0.0.1 - - [22/Nov/2024 01:06:28] "[33mGET /undefined HTTP/1.1[0m" 404 -
2024-11-22 01:06:43,371 - INFO - 192.168.43.85 - - [22/Nov/2024 01:06:43] "GET /socket.io/?EIO=4&transport=websocket&sid=sxYcAuxF-ioAMGhAAAAC HTTP/1.1" 200 -
2024-11-22 01:08:50,686 - INFO -  * Detected change in '/home/flutterfinn/AntiSpoofin/app/blueprints/services.py', reloading
2024-11-22 01:11:00,610 - INFO - [31m[1mWARNING: This is a development server. Do not use it in a production deployment. Use a production WSGI server instead.[0m
 * Running on all addresses (0.0.0.0)
 * Running on http://127.0.0.1:5000
 * Running on http://192.168.43.85:5000
2024-11-22 01:11:00,610 - INFO - [33mPress CTRL+C to quit[0m
2024-11-22 01:11:00,611 - INFO -  * Restarting with stat
2024-11-22 01:11:06,545 - WARNING -  * Debugger is active!
2024-11-22 01:11:06,547 - INFO -  * Debugger PIN: 144-004-194
2024-11-22 01:11:06,580 - INFO - 127.0.0.1 - - [22/Nov/2024 01:11:06] "GET /health HTTP/1.1" 200 -
2024-11-22 01:11:09,678 - INFO - Rendering the index page.
2024-11-22 01:11:09,700 - INFO - 127.0.0.1 - - [22/Nov/2024 01:11:09] "GET / HTTP/1.1" 200 -
2024-11-22 01:11:10,247 - INFO - 192.168.43.85 - - [22/Nov/2024 01:11:10] "GET /socket.io/?EIO=4&transport=polling&t=PDHDLOV HTTP/1.1" 200 -
2024-11-22 01:11:10,292 - INFO - 192.168.43.85 - - [22/Nov/2024 01:11:10] "POST /socket.io/?EIO=4&transport=polling&t=PDHDLO_&sid=7YcW0WC9_V8FlZpaAAAA HTTP/1.1" 200 -
2024-11-22 01:11:10,293 - INFO - 192.168.43.85 - - [22/Nov/2024 01:11:10] "GET /socket.io/?EIO=4&transport=polling&t=PDHDLP1&sid=7YcW0WC9_V8FlZpaAAAA HTTP/1.1" 200 -
2024-11-22 01:11:10,406 - ERROR - An error occurred during image processing: cannot identify image file <_io.BytesIO object at 0x7cd374e33c40>
Traceback (most recent call last):
  File "/home/flutterfinn/AntiSpoofin/app/blueprints/services.py", line 16, in process_image
    pil_image = Image.open(image_bytes)
                ^^^^^^^^^^^^^^^^^^^^^^^
  File "/home/flutterfinn/livelinessCheckEnv/lib/python3.12/site-packages/PIL/Image.py", line 3536, in open
    raise UnidentifiedImageError(msg)
PIL.UnidentifiedImageError: cannot identify image file <_io.BytesIO object at 0x7cd374e33c40>
2024-11-22 01:11:10,407 - ERROR - An error occurred during image processing: cannot identify image file <_io.BytesIO object at 0x7cd370572430>
Traceback (most recent call last):
  File "/home/flutterfinn/AntiSpoofin/app/blueprints/services.py", line 16, in process_image
    pil_image = Image.open(image_bytes)
                ^^^^^^^^^^^^^^^^^^^^^^^
  File "/home/flutterfinn/livelinessCheckEnv/lib/python3.12/site-packages/PIL/Image.py", line 3536, in open
    raise UnidentifiedImageError(msg)
PIL.UnidentifiedImageError: cannot identify image file <_io.BytesIO object at 0x7cd370572430>
2024-11-22 01:11:10,407 - ERROR - An error occurred during image processing: cannot identify image file <_io.BytesIO object at 0x7cd3e56590d0>
Traceback (most recent call last):
  File "/home/flutterfinn/AntiSpoofin/app/blueprints/services.py", line 16, in process_image
    pil_image = Image.open(image_bytes)
                ^^^^^^^^^^^^^^^^^^^^^^^
  File "/home/flutterfinn/livelinessCheckEnv/lib/python3.12/site-packages/PIL/Image.py", line 3536, in open
    raise UnidentifiedImageError(msg)
PIL.UnidentifiedImageError: cannot identify image file <_io.BytesIO object at 0x7cd3e56590d0>
2024-11-22 01:11:10,417 - INFO - 127.0.0.1 - - [22/Nov/2024 01:11:10] "[33mGET /undefined HTTP/1.1[0m" 404 -
2024-11-22 01:11:10,425 - ERROR - An error occurred during image processing: cannot identify image file <_io.BytesIO object at 0x7cd3e56f1120>
Traceback (most recent call last):
  File "/home/flutterfinn/AntiSpoofin/app/blueprints/services.py", line 16, in process_image
    pil_image = Image.open(image_bytes)
                ^^^^^^^^^^^^^^^^^^^^^^^
  File "/home/flutterfinn/livelinessCheckEnv/lib/python3.12/site-packages/PIL/Image.py", line 3536, in open
    raise UnidentifiedImageError(msg)
PIL.UnidentifiedImageError: cannot identify image file <_io.BytesIO object at 0x7cd3e56f1120>
2024-11-22 01:11:10,473 - ERROR - An error occurred during image processing: cannot identify image file <_io.BytesIO object at 0x7cd3e56f1350>
Traceback (most recent call last):
  File "/home/flutterfinn/AntiSpoofin/app/blueprints/services.py", line 16, in process_image
    pil_image = Image.open(image_bytes)
                ^^^^^^^^^^^^^^^^^^^^^^^
  File "/home/flutterfinn/livelinessCheckEnv/lib/python3.12/site-packages/PIL/Image.py", line 3536, in open
    raise UnidentifiedImageError(msg)
PIL.UnidentifiedImageError: cannot identify image file <_io.BytesIO object at 0x7cd3e56f1350>
2024-11-22 01:11:10,478 - INFO - 127.0.0.1 - - [22/Nov/2024 01:11:10] "[33mGET /undefined HTTP/1.1[0m" 404 -
2024-11-22 01:11:10,514 - ERROR - An error occurred during image processing: cannot identify image file <_io.BytesIO object at 0x7cd3e56f1b20>
Traceback (most recent call last):
  File "/home/flutterfinn/AntiSpoofin/app/blueprints/services.py", line 16, in process_image
    pil_image = Image.open(image_bytes)
                ^^^^^^^^^^^^^^^^^^^^^^^
  File "/home/flutterfinn/livelinessCheckEnv/lib/python3.12/site-packages/PIL/Image.py", line 3536, in open
    raise UnidentifiedImageError(msg)
PIL.UnidentifiedImageError: cannot identify image file <_io.BytesIO object at 0x7cd3e56f1b20>
2024-11-22 01:11:10,519 - INFO - 127.0.0.1 - - [22/Nov/2024 01:11:10] "[33mGET /undefined HTTP/1.1[0m" 404 -
2024-11-22 01:11:10,558 - ERROR - An error occurred during image processing: cannot identify image file <_io.BytesIO object at 0x7cd3e56f2200>
Traceback (most recent call last):
  File "/home/flutterfinn/AntiSpoofin/app/blueprints/services.py", line 16, in process_image
    pil_image = Image.open(image_bytes)
                ^^^^^^^^^^^^^^^^^^^^^^^
  File "/home/flutterfinn/livelinessCheckEnv/lib/python3.12/site-packages/PIL/Image.py", line 3536, in open
    raise UnidentifiedImageError(msg)
PIL.UnidentifiedImageError: cannot identify image file <_io.BytesIO object at 0x7cd3e56f2200>
2024-11-22 01:11:10,564 - INFO - 127.0.0.1 - - [22/Nov/2024 01:11:10] "[33mGET /undefined HTTP/1.1[0m" 404 -
2024-11-22 01:11:10,602 - ERROR - An error occurred during image processing: cannot identify image file <_io.BytesIO object at 0x7cd3e56f2110>
Traceback (most recent call last):
  File "/home/flutterfinn/AntiSpoofin/app/blueprints/services.py", line 16, in process_image
    pil_image = Image.open(image_bytes)
                ^^^^^^^^^^^^^^^^^^^^^^^
  File "/home/flutterfinn/livelinessCheckEnv/lib/python3.12/site-packages/PIL/Image.py", line 3536, in open
    raise UnidentifiedImageError(msg)
PIL.UnidentifiedImageError: cannot identify image file <_io.BytesIO object at 0x7cd3e56f2110>
2024-11-22 01:11:10,614 - INFO - 127.0.0.1 - - [22/Nov/2024 01:11:10] "[33mGET /undefined HTTP/1.1[0m" 404 -
2024-11-22 01:11:10,647 - ERROR - An error occurred during image processing: cannot identify image file <_io.BytesIO object at 0x7cd3e56f18f0>
Traceback (most recent call last):
  File "/home/flutterfinn/AntiSpoofin/app/blueprints/services.py", line 16, in process_image
    pil_image = Image.open(image_bytes)
                ^^^^^^^^^^^^^^^^^^^^^^^
  File "/home/flutterfinn/livelinessCheckEnv/lib/python3.12/site-packages/PIL/Image.py", line 3536, in open
    raise UnidentifiedImageError(msg)
PIL.UnidentifiedImageError: cannot identify image file <_io.BytesIO object at 0x7cd3e56f18f0>
2024-11-22 01:11:10,657 - INFO - 127.0.0.1 - - [22/Nov/2024 01:11:10] "[33mGET /undefined HTTP/1.1[0m" 404 -
2024-11-22 01:11:10,693 - ERROR - An error occurred during image processing: cannot identify image file <_io.BytesIO object at 0x7cd3e56f1120>
Traceback (most recent call last):
  File "/home/flutterfinn/AntiSpoofin/app/blueprints/services.py", line 16, in process_image
    pil_image = Image.open(image_bytes)
                ^^^^^^^^^^^^^^^^^^^^^^^
  File "/home/flutterfinn/livelinessCheckEnv/lib/python3.12/site-packages/PIL/Image.py", line 3536, in open
    raise UnidentifiedImageError(msg)
PIL.UnidentifiedImageError: cannot identify image file <_io.BytesIO object at 0x7cd3e56f1120>
2024-11-22 01:11:10,699 - INFO - 127.0.0.1 - - [22/Nov/2024 01:11:10] "[33mGET /undefined HTTP/1.1[0m" 404 -
2024-11-22 01:11:10,738 - ERROR - An error occurred during image processing: cannot identify image file <_io.BytesIO object at 0x7cd3e56f27f0>
Traceback (most recent call last):
  File "/home/flutterfinn/AntiSpoofin/app/blueprints/services.py", line 16, in process_image
    pil_image = Image.open(image_bytes)
                ^^^^^^^^^^^^^^^^^^^^^^^
  File "/home/flutterfinn/livelinessCheckEnv/lib/python3.12/site-packages/PIL/Image.py", line 3536, in open
    raise UnidentifiedImageError(msg)
PIL.UnidentifiedImageError: cannot identify image file <_io.BytesIO object at 0x7cd3e56f27f0>
2024-11-22 01:11:10,749 - INFO - 127.0.0.1 - - [22/Nov/2024 01:11:10] "[33mGET /undefined HTTP/1.1[0m" 404 -
2024-11-22 01:11:10,782 - ERROR - An error occurred during image processing: cannot identify image file <_io.BytesIO object at 0x7cd3e56f0a90>
Traceback (most recent call last):
  File "/home/flutterfinn/AntiSpoofin/app/blueprints/services.py", line 16, in process_image
    pil_image = Image.open(image_bytes)
                ^^^^^^^^^^^^^^^^^^^^^^^
  File "/home/flutterfinn/livelinessCheckEnv/lib/python3.12/site-packages/PIL/Image.py", line 3536, in open
    raise UnidentifiedImageError(msg)
PIL.UnidentifiedImageError: cannot identify image file <_io.BytesIO object at 0x7cd3e56f0a90>
2024-11-22 01:11:10,794 - INFO - 127.0.0.1 - - [22/Nov/2024 01:11:10] "[33mGET /undefined HTTP/1.1[0m" 404 -
2024-11-22 01:11:10,830 - ERROR - An error occurred during image processing: cannot identify image file <_io.BytesIO object at 0x7cd3e56f19e0>
Traceback (most recent call last):
  File "/home/flutterfinn/AntiSpoofin/app/blueprints/services.py", line 16, in process_image
    pil_image = Image.open(image_bytes)
                ^^^^^^^^^^^^^^^^^^^^^^^
  File "/home/flutterfinn/livelinessCheckEnv/lib/python3.12/site-packages/PIL/Image.py", line 3536, in open
    raise UnidentifiedImageError(msg)
PIL.UnidentifiedImageError: cannot identify image file <_io.BytesIO object at 0x7cd3e56f19e0>
2024-11-22 01:11:10,838 - INFO - 127.0.0.1 - - [22/Nov/2024 01:11:10] "[33mGET /undefined HTTP/1.1[0m" 404 -
2024-11-22 01:11:10,872 - ERROR - An error occurred during image processing: cannot identify image file <_io.BytesIO object at 0x7cd3e56f1f80>
Traceback (most recent call last):
  File "/home/flutterfinn/AntiSpoofin/app/blueprints/services.py", line 16, in process_image
    pil_image = Image.open(image_bytes)
                ^^^^^^^^^^^^^^^^^^^^^^^
  File "/home/flutterfinn/livelinessCheckEnv/lib/python3.12/site-packages/PIL/Image.py", line 3536, in open
    raise UnidentifiedImageError(msg)
PIL.UnidentifiedImageError: cannot identify image file <_io.BytesIO object at 0x7cd3e56f1f80>
2024-11-22 01:11:10,877 - INFO - 127.0.0.1 - - [22/Nov/2024 01:11:10] "[33mGET /undefined HTTP/1.1[0m" 404 -
2024-11-22 01:11:22,091 - INFO - Rendering the index page.
2024-11-22 01:11:22,125 - INFO - 127.0.0.1 - - [22/Nov/2024 01:11:22] "GET / HTTP/1.1" 200 -
2024-11-22 01:11:22,185 - INFO - 192.168.43.85 - - [22/Nov/2024 01:11:22] "GET /socket.io/?EIO=4&transport=websocket&sid=7YcW0WC9_V8FlZpaAAAA HTTP/1.1" 200 -
2024-11-22 01:11:22,301 - INFO - 127.0.0.1 - - [22/Nov/2024 01:11:22] "[36mGET /static/js/main.js HTTP/1.1[0m" 304 -
2024-11-22 01:11:25,103 - INFO - 192.168.43.85 - - [22/Nov/2024 01:11:25] "GET /socket.io/?EIO=4&transport=polling&t=PDHDOwn HTTP/1.1" 200 -
2024-11-22 01:11:25,126 - INFO - 192.168.43.85 - - [22/Nov/2024 01:11:25] "POST /socket.io/?EIO=4&transport=polling&t=PDHDP0v&sid=IrmxVpsjXNPNwir8AAAC HTTP/1.1" 200 -
2024-11-22 01:11:25,145 - INFO - 192.168.43.85 - - [22/Nov/2024 01:11:25] "GET /socket.io/?EIO=4&transport=polling&t=PDHDP0z&sid=IrmxVpsjXNPNwir8AAAC HTTP/1.1" 200 -
2024-11-22 01:11:25,183 - ERROR - An error occurred during image processing: cannot identify image file <_io.BytesIO object at 0x7cd36618c8b0>
Traceback (most recent call last):
  File "/home/flutterfinn/AntiSpoofin/app/blueprints/services.py", line 16, in process_image
    pil_image = Image.open(image_bytes)
                ^^^^^^^^^^^^^^^^^^^^^^^
  File "/home/flutterfinn/livelinessCheckEnv/lib/python3.12/site-packages/PIL/Image.py", line 3536, in open
    raise UnidentifiedImageError(msg)
PIL.UnidentifiedImageError: cannot identify image file <_io.BytesIO object at 0x7cd36618c8b0>
2024-11-22 01:11:25,190 - ERROR - An error occurred during image processing: cannot identify image file <_io.BytesIO object at 0x7cd36618eb60>
Traceback (most recent call last):
  File "/home/flutterfinn/AntiSpoofin/app/blueprints/services.py", line 16, in process_image
    pil_image = Image.open(image_bytes)
                ^^^^^^^^^^^^^^^^^^^^^^^
  File "/home/flutterfinn/livelinessCheckEnv/lib/python3.12/site-packages/PIL/Image.py", line 3536, in open
    raise UnidentifiedImageError(msg)
PIL.UnidentifiedImageError: cannot identify image file <_io.BytesIO object at 0x7cd36618eb60>
2024-11-22 01:11:25,195 - ERROR - An error occurred during image processing: cannot identify image file <_io.BytesIO object at 0x7cd36618e7f0>
Traceback (most recent call last):
  File "/home/flutterfinn/AntiSpoofin/app/blueprints/services.py", line 16, in process_image
    pil_image = Image.open(image_bytes)
                ^^^^^^^^^^^^^^^^^^^^^^^
  File "/home/flutterfinn/livelinessCheckEnv/lib/python3.12/site-packages/PIL/Image.py", line 3536, in open
    raise UnidentifiedImageError(msg)
PIL.UnidentifiedImageError: cannot identify image file <_io.BytesIO object at 0x7cd36618e7f0>
2024-11-22 01:11:25,198 - ERROR - An error occurred during image processing: cannot identify image file <_io.BytesIO object at 0x7cd3661faa70>
Traceback (most recent call last):
  File "/home/flutterfinn/AntiSpoofin/app/blueprints/services.py", line 16, in process_image
    pil_image = Image.open(image_bytes)
                ^^^^^^^^^^^^^^^^^^^^^^^
  File "/home/flutterfinn/livelinessCheckEnv/lib/python3.12/site-packages/PIL/Image.py", line 3536, in open
    raise UnidentifiedImageError(msg)
PIL.UnidentifiedImageError: cannot identify image file <_io.BytesIO object at 0x7cd3661faa70>
2024-11-22 01:11:25,204 - ERROR - An error occurred during image processing: cannot identify image file <_io.BytesIO object at 0x7cd3661f8e00>
Traceback (most recent call last):
  File "/home/flutterfinn/AntiSpoofin/app/blueprints/services.py", line 16, in process_image
    pil_image = Image.open(image_bytes)
                ^^^^^^^^^^^^^^^^^^^^^^^
  File "/home/flutterfinn/livelinessCheckEnv/lib/python3.12/site-packages/PIL/Image.py", line 3536, in open
    raise UnidentifiedImageError(msg)
PIL.UnidentifiedImageError: cannot identify image file <_io.BytesIO object at 0x7cd3661f8e00>
2024-11-22 01:11:25,202 - ERROR - An error occurred during image processing: cannot identify image file <_io.BytesIO object at 0x7cd3661fbb50>
Traceback (most recent call last):
  File "/home/flutterfinn/AntiSpoofin/app/blueprints/services.py", line 16, in process_image
    pil_image = Image.open(image_bytes)
                ^^^^^^^^^^^^^^^^^^^^^^^
  File "/home/flutterfinn/livelinessCheckEnv/lib/python3.12/site-packages/PIL/Image.py", line 3536, in open
    raise UnidentifiedImageError(msg)
PIL.UnidentifiedImageError: cannot identify image file <_io.BytesIO object at 0x7cd3661fbb50>
2024-11-22 01:11:25,208 - ERROR - An error occurred during image processing: cannot identify image file <_io.BytesIO object at 0x7cd3661f9b70>
Traceback (most recent call last):
  File "/home/flutterfinn/AntiSpoofin/app/blueprints/services.py", line 16, in process_image
    pil_image = Image.open(image_bytes)
                ^^^^^^^^^^^^^^^^^^^^^^^
  File "/home/flutterfinn/livelinessCheckEnv/lib/python3.12/site-packages/PIL/Image.py", line 3536, in open
    raise UnidentifiedImageError(msg)
PIL.UnidentifiedImageError: cannot identify image file <_io.BytesIO object at 0x7cd3661f9b70>
2024-11-22 01:11:25,217 - INFO - 127.0.0.1 - - [22/Nov/2024 01:11:25] "[33mGET /undefined HTTP/1.1[0m" 404 -
2024-11-22 01:11:25,219 - ERROR - An error occurred during image processing: cannot identify image file <_io.BytesIO object at 0x7cd36618ec00>
Traceback (most recent call last):
  File "/home/flutterfinn/AntiSpoofin/app/blueprints/services.py", line 16, in process_image
    pil_image = Image.open(image_bytes)
                ^^^^^^^^^^^^^^^^^^^^^^^
  File "/home/flutterfinn/livelinessCheckEnv/lib/python3.12/site-packages/PIL/Image.py", line 3536, in open
    raise UnidentifiedImageError(msg)
PIL.UnidentifiedImageError: cannot identify image file <_io.BytesIO object at 0x7cd36618ec00>
2024-11-22 01:11:25,226 - ERROR - An error occurred during image processing: cannot identify image file <_io.BytesIO object at 0x7cd365d16660>
Traceback (most recent call last):
  File "/home/flutterfinn/AntiSpoofin/app/blueprints/services.py", line 16, in process_image
    pil_image = Image.open(image_bytes)
                ^^^^^^^^^^^^^^^^^^^^^^^
  File "/home/flutterfinn/livelinessCheckEnv/lib/python3.12/site-packages/PIL/Image.py", line 3536, in open
    raise UnidentifiedImageError(msg)
PIL.UnidentifiedImageError: cannot identify image file <_io.BytesIO object at 0x7cd365d16660>
2024-11-22 01:11:25,230 - ERROR - An error occurred during image processing: cannot identify image file <_io.BytesIO object at 0x7cd365d16de0>
Traceback (most recent call last):
  File "/home/flutterfinn/AntiSpoofin/app/blueprints/services.py", line 16, in process_image
    pil_image = Image.open(image_bytes)
                ^^^^^^^^^^^^^^^^^^^^^^^
  File "/home/flutterfinn/livelinessCheckEnv/lib/python3.12/site-packages/PIL/Image.py", line 3536, in open
    raise UnidentifiedImageError(msg)
PIL.UnidentifiedImageError: cannot identify image file <_io.BytesIO object at 0x7cd365d16de0>
2024-11-22 01:11:25,414 - INFO - 127.0.0.1 - - [22/Nov/2024 01:11:25] "[33mGET /undefined HTTP/1.1[0m" 404 -
2024-11-22 01:12:10,263 - INFO - 192.168.43.85 - - [22/Nov/2024 01:12:10] "GET /socket.io/?EIO=4&transport=websocket&sid=IrmxVpsjXNPNwir8AAAC HTTP/1.1" 200 -
2024-11-22 01:12:11,442 - INFO - 192.168.43.85 - - [22/Nov/2024 01:12:11] "GET /socket.io/?EIO=4&transport=polling&t=PDHDaKY HTTP/1.1" 200 -
2024-11-22 01:12:11,543 - INFO - 192.168.43.85 - - [22/Nov/2024 01:12:11] "POST /socket.io/?EIO=4&transport=polling&t=PDHDaMC&sid=8Kn41yXUbx4yIWoVAAAE HTTP/1.1" 200 -
2024-11-22 01:12:11,559 - INFO - 192.168.43.85 - - [22/Nov/2024 01:12:11] "GET /socket.io/?EIO=4&transport=polling&t=PDHDaMG&sid=8Kn41yXUbx4yIWoVAAAE HTTP/1.1" 200 -
2024-11-22 01:12:11,644 - INFO - 192.168.43.85 - - [22/Nov/2024 01:12:11] "GET /socket.io/?EIO=4&transport=polling&t=PDHDaNk&sid=8Kn41yXUbx4yIWoVAAAE HTTP/1.1" 200 -
2024-11-22 01:12:11,720 - INFO - 192.168.43.85 - - [22/Nov/2024 01:12:11] "GET /socket.io/?EIO=4&transport=polling&t=PDHDaP2&sid=8Kn41yXUbx4yIWoVAAAE HTTP/1.1" 200 -
2024-11-22 01:12:17,759 - INFO -  * Detected change in '/home/flutterfinn/AntiSpoofin/app/blueprints/services.py', reloading
2024-11-22 01:12:33,801 - INFO - [31m[1mWARNING: This is a development server. Do not use it in a production deployment. Use a production WSGI server instead.[0m
 * Running on all addresses (0.0.0.0)
 * Running on http://127.0.0.1:5000
 * Running on http://192.168.43.85:5000
2024-11-22 01:12:33,802 - INFO - [33mPress CTRL+C to quit[0m
2024-11-22 01:12:33,802 - INFO -  * Restarting with stat
2024-11-22 01:12:40,100 - WARNING -  * Debugger is active!
2024-11-22 01:12:40,102 - INFO -  * Debugger PIN: 144-004-194
2024-11-22 01:12:40,151 - INFO - Rendering the index page.
2024-11-22 01:12:40,167 - INFO - 127.0.0.1 - - [22/Nov/2024 01:12:40] "GET / HTTP/1.1" 200 -
2024-11-22 01:12:50,296 - INFO - Rendering the index page.
2024-11-22 01:12:50,297 - INFO - 127.0.0.1 - - [22/Nov/2024 01:12:50] "GET / HTTP/1.1" 200 -
2024-11-22 01:12:50,411 - INFO - 127.0.0.1 - - [22/Nov/2024 01:12:50] "[36mGET /static/js/main.js HTTP/1.1[0m" 304 -
2024-11-22 01:12:50,835 - INFO - 192.168.43.85 - - [22/Nov/2024 01:12:50] "GET /socket.io/?EIO=4&transport=polling&t=PDHDjyC HTTP/1.1" 200 -
2024-11-22 01:12:50,865 - INFO - 192.168.43.85 - - [22/Nov/2024 01:12:50] "POST /socket.io/?EIO=4&transport=polling&t=PDHDjyh&sid=NrPdee7zlv9cnTlQAAAA HTTP/1.1" 200 -
2024-11-22 01:12:50,870 - INFO - 192.168.43.85 - - [22/Nov/2024 01:12:50] "GET /socket.io/?EIO=4&transport=polling&t=PDHDjyj&sid=NrPdee7zlv9cnTlQAAAA HTTP/1.1" 200 -
2024-11-22 01:12:50,897 - INFO - 192.168.43.85 - - [22/Nov/2024 01:12:50] "GET /socket.io/?EIO=4&transport=polling&t=PDHDjz9&sid=NrPdee7zlv9cnTlQAAAA HTTP/1.1" 200 -
2024-11-22 01:12:50,902 - INFO - 192.168.43.85 - - [22/Nov/2024 01:12:50] "POST /socket.io/?EIO=4&transport=polling&t=PDHDjzA&sid=NrPdee7zlv9cnTlQAAAA HTTP/1.1" 200 -
2024-11-22 01:12:50,993 - ERROR - An error occurred during image processing: cannot identify image file <_io.BytesIO object at 0x753940b79670>
Traceback (most recent call last):
  File "/home/flutterfinn/AntiSpoofin/app/blueprints/services.py", line 16, in process_image
    pil_image = Image.open(image_bytes)
                ^^^^^^^^^^^^^^^^^^^^^^^
  File "/home/flutterfinn/livelinessCheckEnv/lib/python3.12/site-packages/PIL/Image.py", line 3536, in open
    raise UnidentifiedImageError(msg)
PIL.UnidentifiedImageError: cannot identify image file <_io.BytesIO object at 0x753940b79670>
2024-11-22 01:12:50,993 - ERROR - An error occurred during image processing: cannot identify image file <_io.BytesIO object at 0x753940c0f0b0>
Traceback (most recent call last):
  File "/home/flutterfinn/AntiSpoofin/app/blueprints/services.py", line 16, in process_image
    pil_image = Image.open(image_bytes)
                ^^^^^^^^^^^^^^^^^^^^^^^
  File "/home/flutterfinn/livelinessCheckEnv/lib/python3.12/site-packages/PIL/Image.py", line 3536, in open
    raise UnidentifiedImageError(msg)
PIL.UnidentifiedImageError: cannot identify image file <_io.BytesIO object at 0x753940c0f0b0>
2024-11-22 01:12:50,993 - ERROR - An error occurred during image processing: cannot identify image file <_io.BytesIO object at 0x753941480270>
Traceback (most recent call last):
  File "/home/flutterfinn/AntiSpoofin/app/blueprints/services.py", line 16, in process_image
    pil_image = Image.open(image_bytes)
                ^^^^^^^^^^^^^^^^^^^^^^^
  File "/home/flutterfinn/livelinessCheckEnv/lib/python3.12/site-packages/PIL/Image.py", line 3536, in open
    raise UnidentifiedImageError(msg)
PIL.UnidentifiedImageError: cannot identify image file <_io.BytesIO object at 0x753941480270>
2024-11-22 01:12:51,013 - ERROR - An error occurred during image processing: cannot identify image file <_io.BytesIO object at 0x753940b7b380>
Traceback (most recent call last):
  File "/home/flutterfinn/AntiSpoofin/app/blueprints/services.py", line 16, in process_image
    pil_image = Image.open(image_bytes)
                ^^^^^^^^^^^^^^^^^^^^^^^
  File "/home/flutterfinn/livelinessCheckEnv/lib/python3.12/site-packages/PIL/Image.py", line 3536, in open
    raise UnidentifiedImageError(msg)
PIL.UnidentifiedImageError: cannot identify image file <_io.BytesIO object at 0x753940b7b380>
2024-11-22 01:12:51,057 - ERROR - An error occurred during image processing: cannot identify image file <_io.BytesIO object at 0x7539b1a46bb0>
Traceback (most recent call last):
  File "/home/flutterfinn/AntiSpoofin/app/blueprints/services.py", line 16, in process_image
    pil_image = Image.open(image_bytes)
                ^^^^^^^^^^^^^^^^^^^^^^^
  File "/home/flutterfinn/livelinessCheckEnv/lib/python3.12/site-packages/PIL/Image.py", line 3536, in open
    raise UnidentifiedImageError(msg)
PIL.UnidentifiedImageError: cannot identify image file <_io.BytesIO object at 0x7539b1a46bb0>
2024-11-22 01:12:51,101 - ERROR - An error occurred during image processing: cannot identify image file <_io.BytesIO object at 0x7539b1a46de0>
Traceback (most recent call last):
  File "/home/flutterfinn/AntiSpoofin/app/blueprints/services.py", line 16, in process_image
    pil_image = Image.open(image_bytes)
                ^^^^^^^^^^^^^^^^^^^^^^^
  File "/home/flutterfinn/livelinessCheckEnv/lib/python3.12/site-packages/PIL/Image.py", line 3536, in open
    raise UnidentifiedImageError(msg)
PIL.UnidentifiedImageError: cannot identify image file <_io.BytesIO object at 0x7539b1a46de0>
2024-11-22 01:12:51,146 - ERROR - An error occurred during image processing: cannot identify image file <_io.BytesIO object at 0x7539b1a47010>
Traceback (most recent call last):
  File "/home/flutterfinn/AntiSpoofin/app/blueprints/services.py", line 16, in process_image
    pil_image = Image.open(image_bytes)
                ^^^^^^^^^^^^^^^^^^^^^^^
  File "/home/flutterfinn/livelinessCheckEnv/lib/python3.12/site-packages/PIL/Image.py", line 3536, in open
    raise UnidentifiedImageError(msg)
PIL.UnidentifiedImageError: cannot identify image file <_io.BytesIO object at 0x7539b1a47010>
2024-11-22 01:12:51,192 - ERROR - An error occurred during image processing: cannot identify image file <_io.BytesIO object at 0x7539b1a472e0>
Traceback (most recent call last):
  File "/home/flutterfinn/AntiSpoofin/app/blueprints/services.py", line 16, in process_image
    pil_image = Image.open(image_bytes)
                ^^^^^^^^^^^^^^^^^^^^^^^
  File "/home/flutterfinn/livelinessCheckEnv/lib/python3.12/site-packages/PIL/Image.py", line 3536, in open
    raise UnidentifiedImageError(msg)
PIL.UnidentifiedImageError: cannot identify image file <_io.BytesIO object at 0x7539b1a472e0>
2024-11-22 01:12:51,239 - ERROR - An error occurred during image processing: cannot identify image file <_io.BytesIO object at 0x7539410e13f0>
Traceback (most recent call last):
  File "/home/flutterfinn/AntiSpoofin/app/blueprints/services.py", line 16, in process_image
    pil_image = Image.open(image_bytes)
                ^^^^^^^^^^^^^^^^^^^^^^^
  File "/home/flutterfinn/livelinessCheckEnv/lib/python3.12/site-packages/PIL/Image.py", line 3536, in open
    raise UnidentifiedImageError(msg)
PIL.UnidentifiedImageError: cannot identify image file <_io.BytesIO object at 0x7539410e13f0>
2024-11-22 01:12:51,282 - ERROR - An error occurred during image processing: cannot identify image file <_io.BytesIO object at 0x753940c0f060>
Traceback (most recent call last):
  File "/home/flutterfinn/AntiSpoofin/app/blueprints/services.py", line 16, in process_image
    pil_image = Image.open(image_bytes)
                ^^^^^^^^^^^^^^^^^^^^^^^
  File "/home/flutterfinn/livelinessCheckEnv/lib/python3.12/site-packages/PIL/Image.py", line 3536, in open
    raise UnidentifiedImageError(msg)
PIL.UnidentifiedImageError: cannot identify image file <_io.BytesIO object at 0x753940c0f060>
2024-11-22 01:12:51,327 - ERROR - An error occurred during image processing: cannot identify image file <_io.BytesIO object at 0x7539b1a46e80>
Traceback (most recent call last):
  File "/home/flutterfinn/AntiSpoofin/app/blueprints/services.py", line 16, in process_image
    pil_image = Image.open(image_bytes)
                ^^^^^^^^^^^^^^^^^^^^^^^
  File "/home/flutterfinn/livelinessCheckEnv/lib/python3.12/site-packages/PIL/Image.py", line 3536, in open
    raise UnidentifiedImageError(msg)
PIL.UnidentifiedImageError: cannot identify image file <_io.BytesIO object at 0x7539b1a46e80>
2024-11-22 01:12:51,371 - ERROR - An error occurred during image processing: cannot identify image file <_io.BytesIO object at 0x7539b1a46c50>
Traceback (most recent call last):
  File "/home/flutterfinn/AntiSpoofin/app/blueprints/services.py", line 16, in process_image
    pil_image = Image.open(image_bytes)
                ^^^^^^^^^^^^^^^^^^^^^^^
  File "/home/flutterfinn/livelinessCheckEnv/lib/python3.12/site-packages/PIL/Image.py", line 3536, in open
    raise UnidentifiedImageError(msg)
PIL.UnidentifiedImageError: cannot identify image file <_io.BytesIO object at 0x7539b1a46c50>
2024-11-22 01:12:51,416 - ERROR - An error occurred during image processing: cannot identify image file <_io.BytesIO object at 0x7539b1a46ac0>
Traceback (most recent call last):
  File "/home/flutterfinn/AntiSpoofin/app/blueprints/services.py", line 16, in process_image
    pil_image = Image.open(image_bytes)
                ^^^^^^^^^^^^^^^^^^^^^^^
  File "/home/flutterfinn/livelinessCheckEnv/lib/python3.12/site-packages/PIL/Image.py", line 3536, in open
    raise UnidentifiedImageError(msg)
PIL.UnidentifiedImageError: cannot identify image file <_io.BytesIO object at 0x7539b1a46ac0>
2024-11-22 01:12:51,462 - ERROR - An error occurred during image processing: cannot identify image file <_io.BytesIO object at 0x7539b1a47470>
Traceback (most recent call last):
  File "/home/flutterfinn/AntiSpoofin/app/blueprints/services.py", line 16, in process_image
    pil_image = Image.open(image_bytes)
                ^^^^^^^^^^^^^^^^^^^^^^^
  File "/home/flutterfinn/livelinessCheckEnv/lib/python3.12/site-packages/PIL/Image.py", line 3536, in open
    raise UnidentifiedImageError(msg)
PIL.UnidentifiedImageError: cannot identify image file <_io.BytesIO object at 0x7539b1a47470>
2024-11-22 01:13:36,518 - INFO - 192.168.43.85 - - [22/Nov/2024 01:13:36] "GET /socket.io/?EIO=4&transport=websocket&sid=NrPdee7zlv9cnTlQAAAA HTTP/1.1" 200 -
2024-11-22 01:13:38,111 - INFO - 192.168.43.85 - - [22/Nov/2024 01:13:38] "GET /socket.io/?EIO=4&transport=polling&t=PDHDvUo HTTP/1.1" 200 -
2024-11-22 01:13:38,183 - INFO - 192.168.43.85 - - [22/Nov/2024 01:13:38] "POST /socket.io/?EIO=4&transport=polling&t=PDHDvV-&sid=DOdkS96K1BjotHP7AAAC HTTP/1.1" 200 -
2024-11-22 01:13:38,192 - INFO - 192.168.43.85 - - [22/Nov/2024 01:13:38] "GET /socket.io/?EIO=4&transport=polling&t=PDHDvW0&sid=DOdkS96K1BjotHP7AAAC HTTP/1.1" 200 -
2024-11-22 01:13:38,270 - INFO - 192.168.43.85 - - [22/Nov/2024 01:13:38] "GET /socket.io/?EIO=4&transport=polling&t=PDHDvXL&sid=DOdkS96K1BjotHP7AAAC HTTP/1.1" 200 -
2024-11-22 01:13:38,307 - INFO - 192.168.43.85 - - [22/Nov/2024 01:13:38] "POST /socket.io/?EIO=4&transport=polling&t=PDHDvXQ&sid=DOdkS96K1BjotHP7AAAC HTTP/1.1" 200 -
2024-11-22 01:13:38,431 - INFO - 192.168.43.85 - - [22/Nov/2024 01:13:38] "GET /socket.io/?EIO=4&transport=polling&t=PDHDvZs&sid=DOdkS96K1BjotHP7AAAC HTTP/1.1" 200 -
2024-11-22 01:14:23,252 - INFO - 192.168.43.85 - - [22/Nov/2024 01:14:23] "GET /socket.io/?EIO=4&transport=websocket&sid=DOdkS96K1BjotHP7AAAC HTTP/1.1" 200 -
2024-11-22 01:14:24,366 - INFO - 192.168.43.85 - - [22/Nov/2024 01:14:24] "GET /socket.io/?EIO=4&transport=polling&t=PDHE4nY HTTP/1.1" 200 -
2024-11-22 01:14:24,468 - INFO - 192.168.43.85 - - [22/Nov/2024 01:14:24] "POST /socket.io/?EIO=4&transport=polling&t=PDHE4or&sid=oJzNkOa_hG170ftdAAAE HTTP/1.1" 200 -
2024-11-22 01:14:24,479 - INFO - 192.168.43.85 - - [22/Nov/2024 01:14:24] "GET /socket.io/?EIO=4&transport=polling&t=PDHE4ot&sid=oJzNkOa_hG170ftdAAAE HTTP/1.1" 200 -
2024-11-22 01:14:24,525 - INFO - 192.168.43.85 - - [22/Nov/2024 01:14:24] "GET /socket.io/?EIO=4&transport=polling&t=PDHE4q8&sid=oJzNkOa_hG170ftdAAAE HTTP/1.1" 200 -
2024-11-22 01:14:24,558 - INFO - 192.168.43.85 - - [22/Nov/2024 01:14:24] "POST /socket.io/?EIO=4&transport=polling&t=PDHE4qC&sid=oJzNkOa_hG170ftdAAAE HTTP/1.1" 200 -
2024-11-22 01:14:24,655 - INFO - 192.168.43.85 - - [22/Nov/2024 01:14:24] "GET /socket.io/?EIO=4&transport=polling&t=PDHE4sA&sid=oJzNkOa_hG170ftdAAAE HTTP/1.1" 200 -
2024-11-22 01:14:31,466 - INFO -  * Detected change in '/home/flutterfinn/AntiSpoofin/app/blueprints/services.py', reloading
2024-11-22 01:18:35,849 - INFO - [31m[1mWARNING: This is a development server. Do not use it in a production deployment. Use a production WSGI server instead.[0m
 * Running on all addresses (0.0.0.0)
 * Running on http://127.0.0.1:5000
 * Running on http://192.168.43.85:5000
2024-11-22 01:18:35,849 - INFO - [33mPress CTRL+C to quit[0m
2024-11-22 01:18:35,849 - INFO -  * Restarting with stat
2024-11-22 01:18:42,098 - WARNING -  * Debugger is active!
2024-11-22 01:18:42,100 - INFO -  * Debugger PIN: 144-004-194
2024-11-22 01:18:50,851 - INFO - Rendering the index page.
2024-11-22 01:18:50,871 - INFO - 127.0.0.1 - - [22/Nov/2024 01:18:50] "GET / HTTP/1.1" 200 -
2024-11-22 01:18:51,022 - INFO - 127.0.0.1 - - [22/Nov/2024 01:18:51] "[36mGET /static/js/main.js HTTP/1.1[0m" 304 -
2024-11-22 01:18:52,458 - INFO - 192.168.43.85 - - [22/Nov/2024 01:18:52] "GET /socket.io/?EIO=4&transport=polling&t=PDHF6Eb HTTP/1.1" 200 -
2024-11-22 01:18:52,487 - INFO - 192.168.43.85 - - [22/Nov/2024 01:18:52] "POST /socket.io/?EIO=4&transport=polling&t=PDHF6Em&sid=M3ByqmNz7eGemVv4AAAA HTTP/1.1" 200 -
2024-11-22 01:18:52,492 - INFO - 192.168.43.85 - - [22/Nov/2024 01:18:52] "GET /socket.io/?EIO=4&transport=polling&t=PDHF6Eo&sid=M3ByqmNz7eGemVv4AAAA HTTP/1.1" 200 -
2024-11-22 01:18:52,512 - ERROR - An error occurred during image processing: name 'session' is not defined
Traceback (most recent call last):
  File "/home/flutterfinn/AntiSpoofin/app/blueprints/services.py", line 14, in process_image
    if 'frame_count' not in session:
                            ^^^^^^^
NameError: name 'session' is not defined
2024-11-22 01:18:52,552 - ERROR - An error occurred during image processing: name 'session' is not defined
Traceback (most recent call last):
  File "/home/flutterfinn/AntiSpoofin/app/blueprints/services.py", line 14, in process_image
    if 'frame_count' not in session:
                            ^^^^^^^
NameError: name 'session' is not defined
2024-11-22 01:18:52,597 - ERROR - An error occurred during image processing: name 'session' is not defined
Traceback (most recent call last):
  File "/home/flutterfinn/AntiSpoofin/app/blueprints/services.py", line 14, in process_image
    if 'frame_count' not in session:
                            ^^^^^^^
NameError: name 'session' is not defined
2024-11-22 01:18:52,642 - ERROR - An error occurred during image processing: name 'session' is not defined
Traceback (most recent call last):
  File "/home/flutterfinn/AntiSpoofin/app/blueprints/services.py", line 14, in process_image
    if 'frame_count' not in session:
                            ^^^^^^^
NameError: name 'session' is not defined
2024-11-22 01:18:52,687 - ERROR - An error occurred during image processing: name 'session' is not defined
Traceback (most recent call last):
  File "/home/flutterfinn/AntiSpoofin/app/blueprints/services.py", line 14, in process_image
    if 'frame_count' not in session:
                            ^^^^^^^
NameError: name 'session' is not defined
2024-11-22 01:18:52,732 - ERROR - An error occurred during image processing: name 'session' is not defined
Traceback (most recent call last):
  File "/home/flutterfinn/AntiSpoofin/app/blueprints/services.py", line 14, in process_image
    if 'frame_count' not in session:
                            ^^^^^^^
NameError: name 'session' is not defined
2024-11-22 01:18:52,777 - ERROR - An error occurred during image processing: name 'session' is not defined
Traceback (most recent call last):
  File "/home/flutterfinn/AntiSpoofin/app/blueprints/services.py", line 14, in process_image
    if 'frame_count' not in session:
                            ^^^^^^^
NameError: name 'session' is not defined
2024-11-22 01:18:52,822 - ERROR - An error occurred during image processing: name 'session' is not defined
Traceback (most recent call last):
  File "/home/flutterfinn/AntiSpoofin/app/blueprints/services.py", line 14, in process_image
    if 'frame_count' not in session:
                            ^^^^^^^
NameError: name 'session' is not defined
2024-11-22 01:18:52,867 - ERROR - An error occurred during image processing: name 'session' is not defined
Traceback (most recent call last):
  File "/home/flutterfinn/AntiSpoofin/app/blueprints/services.py", line 14, in process_image
    if 'frame_count' not in session:
                            ^^^^^^^
NameError: name 'session' is not defined
2024-11-22 01:18:52,912 - ERROR - An error occurred during image processing: name 'session' is not defined
Traceback (most recent call last):
  File "/home/flutterfinn/AntiSpoofin/app/blueprints/services.py", line 14, in process_image
    if 'frame_count' not in session:
                            ^^^^^^^
NameError: name 'session' is not defined
2024-11-22 01:18:52,957 - ERROR - An error occurred during image processing: name 'session' is not defined
Traceback (most recent call last):
  File "/home/flutterfinn/AntiSpoofin/app/blueprints/services.py", line 14, in process_image
    if 'frame_count' not in session:
                            ^^^^^^^
NameError: name 'session' is not defined
2024-11-22 01:18:53,003 - ERROR - An error occurred during image processing: name 'session' is not defined
Traceback (most recent call last):
  File "/home/flutterfinn/AntiSpoofin/app/blueprints/services.py", line 14, in process_image
    if 'frame_count' not in session:
                            ^^^^^^^
NameError: name 'session' is not defined
2024-11-22 01:18:53,047 - ERROR - An error occurred during image processing: name 'session' is not defined
Traceback (most recent call last):
  File "/home/flutterfinn/AntiSpoofin/app/blueprints/services.py", line 14, in process_image
    if 'frame_count' not in session:
                            ^^^^^^^
NameError: name 'session' is not defined
2024-11-22 01:18:53,093 - ERROR - An error occurred during image processing: name 'session' is not defined
Traceback (most recent call last):
  File "/home/flutterfinn/AntiSpoofin/app/blueprints/services.py", line 14, in process_image
    if 'frame_count' not in session:
                            ^^^^^^^
NameError: name 'session' is not defined
2024-11-22 01:18:53,489 - ERROR - An error occurred during image processing: name 'session' is not defined
Traceback (most recent call last):
  File "/home/flutterfinn/AntiSpoofin/app/blueprints/services.py", line 14, in process_image
    if 'frame_count' not in session:
                            ^^^^^^^
NameError: name 'session' is not defined
2024-11-22 01:18:53,727 - ERROR - An error occurred during image processing: name 'session' is not defined
Traceback (most recent call last):
  File "/home/flutterfinn/AntiSpoofin/app/blueprints/services.py", line 14, in process_image
    if 'frame_count' not in session:
                            ^^^^^^^
NameError: name 'session' is not defined
2024-11-22 01:18:53,959 - ERROR - An error occurred during image processing: name 'session' is not defined
Traceback (most recent call last):
  File "/home/flutterfinn/AntiSpoofin/app/blueprints/services.py", line 14, in process_image
    if 'frame_count' not in session:
                            ^^^^^^^
NameError: name 'session' is not defined
2024-11-22 01:18:54,246 - ERROR - An error occurred during image processing: name 'session' is not defined
Traceback (most recent call last):
  File "/home/flutterfinn/AntiSpoofin/app/blueprints/services.py", line 14, in process_image
    if 'frame_count' not in session:
                            ^^^^^^^
NameError: name 'session' is not defined
2024-11-22 01:18:54,500 - ERROR - An error occurred during image processing: name 'session' is not defined
Traceback (most recent call last):
  File "/home/flutterfinn/AntiSpoofin/app/blueprints/services.py", line 14, in process_image
    if 'frame_count' not in session:
                            ^^^^^^^
NameError: name 'session' is not defined
2024-11-22 01:18:54,795 - ERROR - An error occurred during image processing: name 'session' is not defined
Traceback (most recent call last):
  File "/home/flutterfinn/AntiSpoofin/app/blueprints/services.py", line 14, in process_image
    if 'frame_count' not in session:
                            ^^^^^^^
NameError: name 'session' is not defined
2024-11-22 01:18:55,090 - ERROR - An error occurred during image processing: name 'session' is not defined
Traceback (most recent call last):
  File "/home/flutterfinn/AntiSpoofin/app/blueprints/services.py", line 14, in process_image
    if 'frame_count' not in session:
                            ^^^^^^^
NameError: name 'session' is not defined
2024-11-22 01:18:55,381 - ERROR - An error occurred during image processing: name 'session' is not defined
Traceback (most recent call last):
  File "/home/flutterfinn/AntiSpoofin/app/blueprints/services.py", line 14, in process_image
    if 'frame_count' not in session:
                            ^^^^^^^
NameError: name 'session' is not defined
2024-11-22 01:18:55,671 - ERROR - An error occurred during image processing: name 'session' is not defined
Traceback (most recent call last):
  File "/home/flutterfinn/AntiSpoofin/app/blueprints/services.py", line 14, in process_image
    if 'frame_count' not in session:
                            ^^^^^^^
NameError: name 'session' is not defined
2024-11-22 01:18:55,924 - ERROR - An error occurred during image processing: name 'session' is not defined
Traceback (most recent call last):
  File "/home/flutterfinn/AntiSpoofin/app/blueprints/services.py", line 14, in process_image
    if 'frame_count' not in session:
                            ^^^^^^^
NameError: name 'session' is not defined
2024-11-22 01:18:56,229 - ERROR - An error occurred during image processing: name 'session' is not defined
Traceback (most recent call last):
  File "/home/flutterfinn/AntiSpoofin/app/blueprints/services.py", line 14, in process_image
    if 'frame_count' not in session:
                            ^^^^^^^
NameError: name 'session' is not defined
2024-11-22 01:18:56,539 - ERROR - An error occurred during image processing: name 'session' is not defined
Traceback (most recent call last):
  File "/home/flutterfinn/AntiSpoofin/app/blueprints/services.py", line 14, in process_image
    if 'frame_count' not in session:
                            ^^^^^^^
NameError: name 'session' is not defined
2024-11-22 01:18:56,827 - ERROR - An error occurred during image processing: name 'session' is not defined
Traceback (most recent call last):
  File "/home/flutterfinn/AntiSpoofin/app/blueprints/services.py", line 14, in process_image
    if 'frame_count' not in session:
                            ^^^^^^^
NameError: name 'session' is not defined
2024-11-22 01:18:57,074 - ERROR - An error occurred during image processing: name 'session' is not defined
Traceback (most recent call last):
  File "/home/flutterfinn/AntiSpoofin/app/blueprints/services.py", line 14, in process_image
    if 'frame_count' not in session:
                            ^^^^^^^
NameError: name 'session' is not defined
2024-11-22 01:18:57,416 - ERROR - An error occurred during image processing: name 'session' is not defined
Traceback (most recent call last):
  File "/home/flutterfinn/AntiSpoofin/app/blueprints/services.py", line 14, in process_image
    if 'frame_count' not in session:
                            ^^^^^^^
NameError: name 'session' is not defined
2024-11-22 01:18:57,733 - ERROR - An error occurred during image processing: name 'session' is not defined
Traceback (most recent call last):
  File "/home/flutterfinn/AntiSpoofin/app/blueprints/services.py", line 14, in process_image
    if 'frame_count' not in session:
                            ^^^^^^^
NameError: name 'session' is not defined
2024-11-22 01:18:57,981 - ERROR - An error occurred during image processing: name 'session' is not defined
Traceback (most recent call last):
  File "/home/flutterfinn/AntiSpoofin/app/blueprints/services.py", line 14, in process_image
    if 'frame_count' not in session:
                            ^^^^^^^
NameError: name 'session' is not defined
2024-11-22 01:18:58,299 - ERROR - An error occurred during image processing: name 'session' is not defined
Traceback (most recent call last):
  File "/home/flutterfinn/AntiSpoofin/app/blueprints/services.py", line 14, in process_image
    if 'frame_count' not in session:
                            ^^^^^^^
NameError: name 'session' is not defined
2024-11-22 01:18:58,591 - ERROR - An error occurred during image processing: name 'session' is not defined
Traceback (most recent call last):
  File "/home/flutterfinn/AntiSpoofin/app/blueprints/services.py", line 14, in process_image
    if 'frame_count' not in session:
                            ^^^^^^^
NameError: name 'session' is not defined
2024-11-22 01:18:58,861 - ERROR - An error occurred during image processing: name 'session' is not defined
Traceback (most recent call last):
  File "/home/flutterfinn/AntiSpoofin/app/blueprints/services.py", line 14, in process_image
    if 'frame_count' not in session:
                            ^^^^^^^
NameError: name 'session' is not defined
2024-11-22 01:18:59,154 - ERROR - An error occurred during image processing: name 'session' is not defined
Traceback (most recent call last):
  File "/home/flutterfinn/AntiSpoofin/app/blueprints/services.py", line 14, in process_image
    if 'frame_count' not in session:
                            ^^^^^^^
NameError: name 'session' is not defined
2024-11-22 01:18:59,461 - ERROR - An error occurred during image processing: name 'session' is not defined
Traceback (most recent call last):
  File "/home/flutterfinn/AntiSpoofin/app/blueprints/services.py", line 14, in process_image
    if 'frame_count' not in session:
                            ^^^^^^^
NameError: name 'session' is not defined
2024-11-22 01:18:59,711 - ERROR - An error occurred during image processing: name 'session' is not defined
Traceback (most recent call last):
  File "/home/flutterfinn/AntiSpoofin/app/blueprints/services.py", line 14, in process_image
    if 'frame_count' not in session:
                            ^^^^^^^
NameError: name 'session' is not defined
2024-11-22 01:19:00,006 - ERROR - An error occurred during image processing: name 'session' is not defined
Traceback (most recent call last):
  File "/home/flutterfinn/AntiSpoofin/app/blueprints/services.py", line 14, in process_image
    if 'frame_count' not in session:
                            ^^^^^^^
NameError: name 'session' is not defined
2024-11-22 01:19:00,277 - ERROR - An error occurred during image processing: name 'session' is not defined
Traceback (most recent call last):
  File "/home/flutterfinn/AntiSpoofin/app/blueprints/services.py", line 14, in process_image
    if 'frame_count' not in session:
                            ^^^^^^^
NameError: name 'session' is not defined
2024-11-22 01:19:00,570 - ERROR - An error occurred during image processing: name 'session' is not defined
Traceback (most recent call last):
  File "/home/flutterfinn/AntiSpoofin/app/blueprints/services.py", line 14, in process_image
    if 'frame_count' not in session:
                            ^^^^^^^
NameError: name 'session' is not defined
2024-11-22 01:19:00,816 - ERROR - An error occurred during image processing: name 'session' is not defined
Traceback (most recent call last):
  File "/home/flutterfinn/AntiSpoofin/app/blueprints/services.py", line 14, in process_image
    if 'frame_count' not in session:
                            ^^^^^^^
NameError: name 'session' is not defined
2024-11-22 01:19:01,110 - ERROR - An error occurred during image processing: name 'session' is not defined
Traceback (most recent call last):
  File "/home/flutterfinn/AntiSpoofin/app/blueprints/services.py", line 14, in process_image
    if 'frame_count' not in session:
                            ^^^^^^^
NameError: name 'session' is not defined
2024-11-22 01:19:01,358 - ERROR - An error occurred during image processing: name 'session' is not defined
Traceback (most recent call last):
  File "/home/flutterfinn/AntiSpoofin/app/blueprints/services.py", line 14, in process_image
    if 'frame_count' not in session:
                            ^^^^^^^
NameError: name 'session' is not defined
2024-11-22 01:19:01,697 - ERROR - An error occurred during image processing: name 'session' is not defined
Traceback (most recent call last):
  File "/home/flutterfinn/AntiSpoofin/app/blueprints/services.py", line 14, in process_image
    if 'frame_count' not in session:
                            ^^^^^^^
NameError: name 'session' is not defined
2024-11-22 01:19:01,966 - ERROR - An error occurred during image processing: name 'session' is not defined
Traceback (most recent call last):
  File "/home/flutterfinn/AntiSpoofin/app/blueprints/services.py", line 14, in process_image
    if 'frame_count' not in session:
                            ^^^^^^^
NameError: name 'session' is not defined
2024-11-22 01:19:02,282 - ERROR - An error occurred during image processing: name 'session' is not defined
Traceback (most recent call last):
  File "/home/flutterfinn/AntiSpoofin/app/blueprints/services.py", line 14, in process_image
    if 'frame_count' not in session:
                            ^^^^^^^
NameError: name 'session' is not defined
2024-11-22 01:19:02,571 - ERROR - An error occurred during image processing: name 'session' is not defined
Traceback (most recent call last):
  File "/home/flutterfinn/AntiSpoofin/app/blueprints/services.py", line 14, in process_image
    if 'frame_count' not in session:
                            ^^^^^^^
NameError: name 'session' is not defined
2024-11-22 01:19:02,812 - ERROR - An error occurred during image processing: name 'session' is not defined
Traceback (most recent call last):
  File "/home/flutterfinn/AntiSpoofin/app/blueprints/services.py", line 14, in process_image
    if 'frame_count' not in session:
                            ^^^^^^^
NameError: name 'session' is not defined
2024-11-22 01:19:03,113 - ERROR - An error occurred during image processing: name 'session' is not defined
Traceback (most recent call last):
  File "/home/flutterfinn/AntiSpoofin/app/blueprints/services.py", line 14, in process_image
    if 'frame_count' not in session:
                            ^^^^^^^
NameError: name 'session' is not defined
2024-11-22 01:19:03,363 - ERROR - An error occurred during image processing: name 'session' is not defined
Traceback (most recent call last):
  File "/home/flutterfinn/AntiSpoofin/app/blueprints/services.py", line 14, in process_image
    if 'frame_count' not in session:
                            ^^^^^^^
NameError: name 'session' is not defined
2024-11-22 01:19:03,649 - ERROR - An error occurred during image processing: name 'session' is not defined
Traceback (most recent call last):
  File "/home/flutterfinn/AntiSpoofin/app/blueprints/services.py", line 14, in process_image
    if 'frame_count' not in session:
                            ^^^^^^^
NameError: name 'session' is not defined
2024-11-22 01:19:03,733 - INFO -  * Detected change in '/home/flutterfinn/AntiSpoofin/app/routes/main.py', reloading
2024-11-22 01:19:04,591 - INFO -  * Restarting with stat
2024-11-22 01:19:11,233 - WARNING -  * Debugger is active!
2024-11-22 01:19:11,233 - INFO -  * Debugger PIN: 144-004-194
2024-11-22 01:19:11,271 - INFO - 192.168.43.85 - - [22/Nov/2024 01:19:11] "GET /socket.io/?EIO=4&transport=polling&t=PDHF9OL HTTP/1.1" 200 -
2024-11-22 01:19:11,325 - INFO - 192.168.43.85 - - [22/Nov/2024 01:19:11] "POST /socket.io/?EIO=4&transport=polling&t=PDHFArN&sid=83S908OlC7XHQIaPAAAA HTTP/1.1" 200 -
2024-11-22 01:19:11,338 - INFO - 192.168.43.85 - - [22/Nov/2024 01:19:11] "GET /socket.io/?EIO=4&transport=polling&t=PDHFArP&sid=83S908OlC7XHQIaPAAAA HTTP/1.1" 200 -
2024-11-22 01:19:11,402 - INFO - 192.168.43.85 - - [22/Nov/2024 01:19:11] "GET /socket.io/?EIO=4&transport=polling&t=PDHFAsZ&sid=83S908OlC7XHQIaPAAAA HTTP/1.1" 200 -
2024-11-22 01:19:11,426 - ERROR - An error occurred during image processing: name 'session' is not defined
Traceback (most recent call last):
  File "/home/flutterfinn/AntiSpoofin/app/blueprints/services.py", line 14, in process_image
    if 'frame_count' not in session:
                            ^^^^^^^
NameError: name 'session' is not defined
2024-11-22 01:19:11,426 - INFO - 192.168.43.85 - - [22/Nov/2024 01:19:11] "POST /socket.io/?EIO=4&transport=polling&t=PDHFAse&sid=83S908OlC7XHQIaPAAAA HTTP/1.1" 200 -
2024-11-22 01:19:11,770 - INFO - 192.168.43.85 - - [22/Nov/2024 01:19:11] "GET /socket.io/?EIO=4&transport=polling&t=PDHFAyK&sid=83S908OlC7XHQIaPAAAA HTTP/1.1" 200 -
2024-11-22 01:19:22,645 - INFO -  * Detected change in '/home/flutterfinn/AntiSpoofin/app/blueprints/services.py', reloading
2024-11-22 01:19:23,395 - INFO -  * Restarting with stat
2024-11-22 01:19:30,279 - WARNING -  * Debugger is active!
2024-11-22 01:19:30,279 - INFO -  * Debugger PIN: 144-004-194
2024-11-22 01:19:30,316 - INFO - 192.168.43.85 - - [22/Nov/2024 01:19:30] "GET /socket.io/?EIO=4&transport=polling&t=PDHFE0z HTTP/1.1" 200 -
2024-11-22 01:19:30,357 - INFO - 192.168.43.85 - - [22/Nov/2024 01:19:30] "POST /socket.io/?EIO=4&transport=polling&t=PDHFFUh&sid=8UzUjLMk-fyC7jCmAAAA HTTP/1.1" 200 -
2024-11-22 01:19:30,359 - INFO - 192.168.43.85 - - [22/Nov/2024 01:19:30] "GET /socket.io/?EIO=4&transport=polling&t=PDHFFUi&sid=8UzUjLMk-fyC7jCmAAAA HTTP/1.1" 200 -
2024-11-22 01:19:30,415 - INFO - 192.168.43.85 - - [22/Nov/2024 01:19:30] "GET /socket.io/?EIO=4&transport=polling&t=PDHFFVi&sid=8UzUjLMk-fyC7jCmAAAA HTTP/1.1" 200 -
2024-11-22 01:19:30,433 - ERROR - An error occurred during image processing: name 'session' is not defined
Traceback (most recent call last):
  File "/home/flutterfinn/AntiSpoofin/app/blueprints/services.py", line 15, in process_image
    if 'frame_count' not in session:
                            ^^^^^^^
NameError: name 'session' is not defined
2024-11-22 01:19:30,434 - INFO - 192.168.43.85 - - [22/Nov/2024 01:19:30] "POST /socket.io/?EIO=4&transport=polling&t=PDHFFVm&sid=8UzUjLMk-fyC7jCmAAAA HTTP/1.1" 200 -
2024-11-22 01:19:30,776 - INFO - 192.168.43.85 - - [22/Nov/2024 01:19:30] "GET /socket.io/?EIO=4&transport=polling&t=PDHFFbK&sid=8UzUjLMk-fyC7jCmAAAA HTTP/1.1" 200 -
2024-11-22 01:19:34,491 - INFO -  * Detected change in '/home/flutterfinn/AntiSpoofin/app/blueprints/services.py', reloading
2024-11-22 01:19:35,209 - INFO -  * Restarting with stat
2024-11-22 01:19:41,933 - WARNING -  * Debugger is active!
2024-11-22 01:19:41,934 - INFO -  * Debugger PIN: 144-004-194
2024-11-22 01:19:41,981 - INFO - Rendering the index page.
2024-11-22 01:19:41,982 - INFO - 192.168.43.85 - - [22/Nov/2024 01:19:41] "GET /socket.io/?EIO=4&transport=polling&t=PDHFGvW HTTP/1.1" 200 -
2024-11-22 01:19:41,991 - INFO - 127.0.0.1 - - [22/Nov/2024 01:19:41] "GET / HTTP/1.1" 200 -
2024-11-22 01:19:42,115 - INFO - 127.0.0.1 - - [22/Nov/2024 01:19:42] "[36mGET /static/js/main.js HTTP/1.1[0m" 304 -
2024-11-22 01:19:42,679 - INFO - 192.168.43.85 - - [22/Nov/2024 01:19:42] "GET /socket.io/?EIO=4&transport=polling&t=PDHFIVF HTTP/1.1" 200 -
2024-11-22 01:19:42,697 - INFO - 192.168.43.85 - - [22/Nov/2024 01:19:42] "POST /socket.io/?EIO=4&transport=polling&t=PDHFIVX&sid=nCrYkc3FGFvBnj9-AAAB HTTP/1.1" 200 -
2024-11-22 01:19:42,711 - INFO - 192.168.43.85 - - [22/Nov/2024 01:19:42] "GET /socket.io/?EIO=4&transport=polling&t=PDHFIVZ&sid=nCrYkc3FGFvBnj9-AAAB HTTP/1.1" 200 -
2024-11-22 01:19:42,808 - ERROR - Cannot identify image file
2024-11-22 01:19:42,809 - ERROR - Cannot identify image file
2024-11-22 01:19:42,810 - ERROR - Cannot identify image file
2024-11-22 01:19:42,816 - INFO - 127.0.0.1 - - [22/Nov/2024 01:19:42] "[33mGET /undefined HTTP/1.1[0m" 404 -
2024-11-22 01:19:42,856 - ERROR - Cannot identify image file
2024-11-22 01:19:42,858 - INFO - 127.0.0.1 - - [22/Nov/2024 01:19:42] "[33mGET /undefined HTTP/1.1[0m" 404 -
2024-11-22 01:19:42,898 - ERROR - Cannot identify image file
2024-11-22 01:19:42,905 - INFO - 127.0.0.1 - - [22/Nov/2024 01:19:42] "[33mGET /undefined HTTP/1.1[0m" 404 -
2024-11-22 01:19:42,945 - ERROR - Cannot identify image file
2024-11-22 01:19:42,949 - INFO - 127.0.0.1 - - [22/Nov/2024 01:19:42] "[33mGET /undefined HTTP/1.1[0m" 404 -
2024-11-22 01:19:42,988 - ERROR - Cannot identify image file
2024-11-22 01:19:42,993 - INFO - 127.0.0.1 - - [22/Nov/2024 01:19:42] "[33mGET /undefined HTTP/1.1[0m" 404 -
2024-11-22 01:19:43,034 - ERROR - Cannot identify image file
2024-11-22 01:19:43,041 - INFO - 127.0.0.1 - - [22/Nov/2024 01:19:43] "[33mGET /undefined HTTP/1.1[0m" 404 -
2024-11-22 01:19:43,402 - ERROR - An error occurred during image processing: name 'frame_skip' is not defined
Traceback (most recent call last):
  File "/home/flutterfinn/AntiSpoofin/app/blueprints/services.py", line 33, in process_image
    if session['frame_count'] % frame_skip == 0:
                                ^^^^^^^^^^
NameError: name 'frame_skip' is not defined
2024-11-22 01:19:43,635 - ERROR - An error occurred during image processing: name 'frame_skip' is not defined
Traceback (most recent call last):
  File "/home/flutterfinn/AntiSpoofin/app/blueprints/services.py", line 33, in process_image
    if session['frame_count'] % frame_skip == 0:
                                ^^^^^^^^^^
NameError: name 'frame_skip' is not defined
2024-11-22 01:19:43,879 - ERROR - An error occurred during image processing: name 'frame_skip' is not defined
Traceback (most recent call last):
  File "/home/flutterfinn/AntiSpoofin/app/blueprints/services.py", line 33, in process_image
    if session['frame_count'] % frame_skip == 0:
                                ^^^^^^^^^^
NameError: name 'frame_skip' is not defined
2024-11-22 01:19:44,123 - ERROR - An error occurred during image processing: name 'frame_skip' is not defined
Traceback (most recent call last):
  File "/home/flutterfinn/AntiSpoofin/app/blueprints/services.py", line 33, in process_image
    if session['frame_count'] % frame_skip == 0:
                                ^^^^^^^^^^
NameError: name 'frame_skip' is not defined
2024-11-22 01:19:44,430 - ERROR - An error occurred during image processing: name 'frame_skip' is not defined
Traceback (most recent call last):
  File "/home/flutterfinn/AntiSpoofin/app/blueprints/services.py", line 33, in process_image
    if session['frame_count'] % frame_skip == 0:
                                ^^^^^^^^^^
NameError: name 'frame_skip' is not defined
2024-11-22 01:19:44,725 - ERROR - An error occurred during image processing: name 'frame_skip' is not defined
Traceback (most recent call last):
  File "/home/flutterfinn/AntiSpoofin/app/blueprints/services.py", line 33, in process_image
    if session['frame_count'] % frame_skip == 0:
                                ^^^^^^^^^^
NameError: name 'frame_skip' is not defined
2024-11-22 01:19:44,968 - ERROR - An error occurred during image processing: name 'frame_skip' is not defined
Traceback (most recent call last):
  File "/home/flutterfinn/AntiSpoofin/app/blueprints/services.py", line 33, in process_image
    if session['frame_count'] % frame_skip == 0:
                                ^^^^^^^^^^
NameError: name 'frame_skip' is not defined
2024-11-22 01:19:45,284 - ERROR - An error occurred during image processing: name 'frame_skip' is not defined
Traceback (most recent call last):
  File "/home/flutterfinn/AntiSpoofin/app/blueprints/services.py", line 33, in process_image
    if session['frame_count'] % frame_skip == 0:
                                ^^^^^^^^^^
NameError: name 'frame_skip' is not defined
2024-11-22 01:19:45,521 - ERROR - An error occurred during image processing: name 'frame_skip' is not defined
Traceback (most recent call last):
  File "/home/flutterfinn/AntiSpoofin/app/blueprints/services.py", line 33, in process_image
    if session['frame_count'] % frame_skip == 0:
                                ^^^^^^^^^^
NameError: name 'frame_skip' is not defined
2024-11-22 01:19:45,839 - ERROR - An error occurred during image processing: name 'frame_skip' is not defined
Traceback (most recent call last):
  File "/home/flutterfinn/AntiSpoofin/app/blueprints/services.py", line 33, in process_image
    if session['frame_count'] % frame_skip == 0:
                                ^^^^^^^^^^
NameError: name 'frame_skip' is not defined
2024-11-22 01:19:46,249 - ERROR - An error occurred during image processing: name 'frame_skip' is not defined
Traceback (most recent call last):
  File "/home/flutterfinn/AntiSpoofin/app/blueprints/services.py", line 33, in process_image
    if session['frame_count'] % frame_skip == 0:
                                ^^^^^^^^^^
NameError: name 'frame_skip' is not defined
2024-11-22 01:19:46,503 - ERROR - An error occurred during image processing: name 'frame_skip' is not defined
Traceback (most recent call last):
  File "/home/flutterfinn/AntiSpoofin/app/blueprints/services.py", line 33, in process_image
    if session['frame_count'] % frame_skip == 0:
                                ^^^^^^^^^^
NameError: name 'frame_skip' is not defined
2024-11-22 01:19:46,822 - ERROR - An error occurred during image processing: name 'frame_skip' is not defined
Traceback (most recent call last):
  File "/home/flutterfinn/AntiSpoofin/app/blueprints/services.py", line 33, in process_image
    if session['frame_count'] % frame_skip == 0:
                                ^^^^^^^^^^
NameError: name 'frame_skip' is not defined
2024-11-22 01:19:47,124 - ERROR - An error occurred during image processing: name 'frame_skip' is not defined
Traceback (most recent call last):
  File "/home/flutterfinn/AntiSpoofin/app/blueprints/services.py", line 33, in process_image
    if session['frame_count'] % frame_skip == 0:
                                ^^^^^^^^^^
NameError: name 'frame_skip' is not defined
2024-11-22 01:19:47,442 - ERROR - An error occurred during image processing: name 'frame_skip' is not defined
Traceback (most recent call last):
  File "/home/flutterfinn/AntiSpoofin/app/blueprints/services.py", line 33, in process_image
    if session['frame_count'] % frame_skip == 0:
                                ^^^^^^^^^^
NameError: name 'frame_skip' is not defined
2024-11-22 01:19:47,735 - ERROR - An error occurred during image processing: name 'frame_skip' is not defined
Traceback (most recent call last):
  File "/home/flutterfinn/AntiSpoofin/app/blueprints/services.py", line 33, in process_image
    if session['frame_count'] % frame_skip == 0:
                                ^^^^^^^^^^
NameError: name 'frame_skip' is not defined
2024-11-22 01:19:47,999 - ERROR - An error occurred during image processing: name 'frame_skip' is not defined
Traceback (most recent call last):
  File "/home/flutterfinn/AntiSpoofin/app/blueprints/services.py", line 33, in process_image
    if session['frame_count'] % frame_skip == 0:
                                ^^^^^^^^^^
NameError: name 'frame_skip' is not defined
2024-11-22 01:19:48,311 - ERROR - An error occurred during image processing: name 'frame_skip' is not defined
Traceback (most recent call last):
  File "/home/flutterfinn/AntiSpoofin/app/blueprints/services.py", line 33, in process_image
    if session['frame_count'] % frame_skip == 0:
                                ^^^^^^^^^^
NameError: name 'frame_skip' is not defined
2024-11-22 01:19:48,551 - ERROR - An error occurred during image processing: name 'frame_skip' is not defined
Traceback (most recent call last):
  File "/home/flutterfinn/AntiSpoofin/app/blueprints/services.py", line 33, in process_image
    if session['frame_count'] % frame_skip == 0:
                                ^^^^^^^^^^
NameError: name 'frame_skip' is not defined
2024-11-22 01:19:48,863 - ERROR - An error occurred during image processing: name 'frame_skip' is not defined
Traceback (most recent call last):
  File "/home/flutterfinn/AntiSpoofin/app/blueprints/services.py", line 33, in process_image
    if session['frame_count'] % frame_skip == 0:
                                ^^^^^^^^^^
NameError: name 'frame_skip' is not defined
2024-11-22 01:19:49,161 - ERROR - An error occurred during image processing: name 'frame_skip' is not defined
Traceback (most recent call last):
  File "/home/flutterfinn/AntiSpoofin/app/blueprints/services.py", line 33, in process_image
    if session['frame_count'] % frame_skip == 0:
                                ^^^^^^^^^^
NameError: name 'frame_skip' is not defined
2024-11-22 01:19:49,438 - ERROR - An error occurred during image processing: name 'frame_skip' is not defined
Traceback (most recent call last):
  File "/home/flutterfinn/AntiSpoofin/app/blueprints/services.py", line 33, in process_image
    if session['frame_count'] % frame_skip == 0:
                                ^^^^^^^^^^
NameError: name 'frame_skip' is not defined
2024-11-22 01:19:49,786 - ERROR - An error occurred during image processing: name 'frame_skip' is not defined
Traceback (most recent call last):
  File "/home/flutterfinn/AntiSpoofin/app/blueprints/services.py", line 33, in process_image
    if session['frame_count'] % frame_skip == 0:
                                ^^^^^^^^^^
NameError: name 'frame_skip' is not defined
2024-11-22 01:19:50,044 - ERROR - An error occurred during image processing: name 'frame_skip' is not defined
Traceback (most recent call last):
  File "/home/flutterfinn/AntiSpoofin/app/blueprints/services.py", line 33, in process_image
    if session['frame_count'] % frame_skip == 0:
                                ^^^^^^^^^^
NameError: name 'frame_skip' is not defined
2024-11-22 01:19:50,365 - ERROR - An error occurred during image processing: name 'frame_skip' is not defined
Traceback (most recent call last):
  File "/home/flutterfinn/AntiSpoofin/app/blueprints/services.py", line 33, in process_image
    if session['frame_count'] % frame_skip == 0:
                                ^^^^^^^^^^
NameError: name 'frame_skip' is not defined
2024-11-22 01:19:50,628 - ERROR - An error occurred during image processing: name 'frame_skip' is not defined
Traceback (most recent call last):
  File "/home/flutterfinn/AntiSpoofin/app/blueprints/services.py", line 33, in process_image
    if session['frame_count'] % frame_skip == 0:
                                ^^^^^^^^^^
NameError: name 'frame_skip' is not defined
2024-11-22 01:19:50,972 - ERROR - An error occurred during image processing: name 'frame_skip' is not defined
Traceback (most recent call last):
  File "/home/flutterfinn/AntiSpoofin/app/blueprints/services.py", line 33, in process_image
    if session['frame_count'] % frame_skip == 0:
                                ^^^^^^^^^^
NameError: name 'frame_skip' is not defined
2024-11-22 01:19:51,216 - ERROR - An error occurred during image processing: name 'frame_skip' is not defined
Traceback (most recent call last):
  File "/home/flutterfinn/AntiSpoofin/app/blueprints/services.py", line 33, in process_image
    if session['frame_count'] % frame_skip == 0:
                                ^^^^^^^^^^
NameError: name 'frame_skip' is not defined
2024-11-22 01:19:51,535 - ERROR - An error occurred during image processing: name 'frame_skip' is not defined
Traceback (most recent call last):
  File "/home/flutterfinn/AntiSpoofin/app/blueprints/services.py", line 33, in process_image
    if session['frame_count'] % frame_skip == 0:
                                ^^^^^^^^^^
NameError: name 'frame_skip' is not defined
2024-11-22 01:19:51,776 - ERROR - An error occurred during image processing: name 'frame_skip' is not defined
Traceback (most recent call last):
  File "/home/flutterfinn/AntiSpoofin/app/blueprints/services.py", line 33, in process_image
    if session['frame_count'] % frame_skip == 0:
                                ^^^^^^^^^^
NameError: name 'frame_skip' is not defined
2024-11-22 01:19:52,104 - ERROR - An error occurred during image processing: name 'frame_skip' is not defined
Traceback (most recent call last):
  File "/home/flutterfinn/AntiSpoofin/app/blueprints/services.py", line 33, in process_image
    if session['frame_count'] % frame_skip == 0:
                                ^^^^^^^^^^
NameError: name 'frame_skip' is not defined
2024-11-22 01:19:52,359 - ERROR - An error occurred during image processing: name 'frame_skip' is not defined
Traceback (most recent call last):
  File "/home/flutterfinn/AntiSpoofin/app/blueprints/services.py", line 33, in process_image
    if session['frame_count'] % frame_skip == 0:
                                ^^^^^^^^^^
NameError: name 'frame_skip' is not defined
2024-11-22 01:19:52,705 - ERROR - An error occurred during image processing: name 'frame_skip' is not defined
Traceback (most recent call last):
  File "/home/flutterfinn/AntiSpoofin/app/blueprints/services.py", line 33, in process_image
    if session['frame_count'] % frame_skip == 0:
                                ^^^^^^^^^^
NameError: name 'frame_skip' is not defined
2024-11-22 01:19:53,039 - ERROR - An error occurred during image processing: name 'frame_skip' is not defined
Traceback (most recent call last):
  File "/home/flutterfinn/AntiSpoofin/app/blueprints/services.py", line 33, in process_image
    if session['frame_count'] % frame_skip == 0:
                                ^^^^^^^^^^
NameError: name 'frame_skip' is not defined
2024-11-22 01:19:53,299 - ERROR - An error occurred during image processing: name 'frame_skip' is not defined
Traceback (most recent call last):
  File "/home/flutterfinn/AntiSpoofin/app/blueprints/services.py", line 33, in process_image
    if session['frame_count'] % frame_skip == 0:
                                ^^^^^^^^^^
NameError: name 'frame_skip' is not defined
2024-11-22 01:19:53,631 - ERROR - An error occurred during image processing: name 'frame_skip' is not defined
Traceback (most recent call last):
  File "/home/flutterfinn/AntiSpoofin/app/blueprints/services.py", line 33, in process_image
    if session['frame_count'] % frame_skip == 0:
                                ^^^^^^^^^^
NameError: name 'frame_skip' is not defined
2024-11-22 01:19:53,900 - ERROR - An error occurred during image processing: name 'frame_skip' is not defined
Traceback (most recent call last):
  File "/home/flutterfinn/AntiSpoofin/app/blueprints/services.py", line 33, in process_image
    if session['frame_count'] % frame_skip == 0:
                                ^^^^^^^^^^
NameError: name 'frame_skip' is not defined
2024-11-22 01:19:54,199 - ERROR - An error occurred during image processing: name 'frame_skip' is not defined
Traceback (most recent call last):
  File "/home/flutterfinn/AntiSpoofin/app/blueprints/services.py", line 33, in process_image
    if session['frame_count'] % frame_skip == 0:
                                ^^^^^^^^^^
NameError: name 'frame_skip' is not defined
2024-11-22 01:19:54,441 - ERROR - An error occurred during image processing: name 'frame_skip' is not defined
Traceback (most recent call last):
  File "/home/flutterfinn/AntiSpoofin/app/blueprints/services.py", line 33, in process_image
    if session['frame_count'] % frame_skip == 0:
                                ^^^^^^^^^^
NameError: name 'frame_skip' is not defined
2024-11-22 01:19:54,768 - ERROR - An error occurred during image processing: name 'frame_skip' is not defined
Traceback (most recent call last):
  File "/home/flutterfinn/AntiSpoofin/app/blueprints/services.py", line 33, in process_image
    if session['frame_count'] % frame_skip == 0:
                                ^^^^^^^^^^
NameError: name 'frame_skip' is not defined
2024-11-22 01:19:55,021 - ERROR - An error occurred during image processing: name 'frame_skip' is not defined
Traceback (most recent call last):
  File "/home/flutterfinn/AntiSpoofin/app/blueprints/services.py", line 33, in process_image
    if session['frame_count'] % frame_skip == 0:
                                ^^^^^^^^^^
NameError: name 'frame_skip' is not defined
2024-11-22 01:19:55,324 - ERROR - An error occurred during image processing: name 'frame_skip' is not defined
Traceback (most recent call last):
  File "/home/flutterfinn/AntiSpoofin/app/blueprints/services.py", line 33, in process_image
    if session['frame_count'] % frame_skip == 0:
                                ^^^^^^^^^^
NameError: name 'frame_skip' is not defined
2024-11-22 01:19:55,578 - ERROR - An error occurred during image processing: name 'frame_skip' is not defined
Traceback (most recent call last):
  File "/home/flutterfinn/AntiSpoofin/app/blueprints/services.py", line 33, in process_image
    if session['frame_count'] % frame_skip == 0:
                                ^^^^^^^^^^
NameError: name 'frame_skip' is not defined
2024-11-22 01:19:55,942 - ERROR - An error occurred during image processing: name 'frame_skip' is not defined
Traceback (most recent call last):
  File "/home/flutterfinn/AntiSpoofin/app/blueprints/services.py", line 33, in process_image
    if session['frame_count'] % frame_skip == 0:
                                ^^^^^^^^^^
NameError: name 'frame_skip' is not defined
2024-11-22 01:19:56,194 - ERROR - An error occurred during image processing: name 'frame_skip' is not defined
Traceback (most recent call last):
  File "/home/flutterfinn/AntiSpoofin/app/blueprints/services.py", line 33, in process_image
    if session['frame_count'] % frame_skip == 0:
                                ^^^^^^^^^^
NameError: name 'frame_skip' is not defined
2024-11-22 01:19:56,489 - ERROR - An error occurred during image processing: name 'frame_skip' is not defined
Traceback (most recent call last):
  File "/home/flutterfinn/AntiSpoofin/app/blueprints/services.py", line 33, in process_image
    if session['frame_count'] % frame_skip == 0:
                                ^^^^^^^^^^
NameError: name 'frame_skip' is not defined
2024-11-22 01:19:56,737 - ERROR - An error occurred during image processing: name 'frame_skip' is not defined
Traceback (most recent call last):
  File "/home/flutterfinn/AntiSpoofin/app/blueprints/services.py", line 33, in process_image
    if session['frame_count'] % frame_skip == 0:
                                ^^^^^^^^^^
NameError: name 'frame_skip' is not defined
2024-11-22 01:19:57,052 - ERROR - An error occurred during image processing: name 'frame_skip' is not defined
Traceback (most recent call last):
  File "/home/flutterfinn/AntiSpoofin/app/blueprints/services.py", line 33, in process_image
    if session['frame_count'] % frame_skip == 0:
                                ^^^^^^^^^^
NameError: name 'frame_skip' is not defined
2024-11-22 01:19:57,327 - ERROR - An error occurred during image processing: name 'frame_skip' is not defined
Traceback (most recent call last):
  File "/home/flutterfinn/AntiSpoofin/app/blueprints/services.py", line 33, in process_image
    if session['frame_count'] % frame_skip == 0:
                                ^^^^^^^^^^
NameError: name 'frame_skip' is not defined
2024-11-22 01:19:57,674 - ERROR - An error occurred during image processing: name 'frame_skip' is not defined
Traceback (most recent call last):
  File "/home/flutterfinn/AntiSpoofin/app/blueprints/services.py", line 33, in process_image
    if session['frame_count'] % frame_skip == 0:
                                ^^^^^^^^^^
NameError: name 'frame_skip' is not defined
2024-11-22 01:19:57,947 - ERROR - An error occurred during image processing: name 'frame_skip' is not defined
Traceback (most recent call last):
  File "/home/flutterfinn/AntiSpoofin/app/blueprints/services.py", line 33, in process_image
    if session['frame_count'] % frame_skip == 0:
                                ^^^^^^^^^^
NameError: name 'frame_skip' is not defined
2024-11-22 01:19:58,200 - ERROR - An error occurred during image processing: name 'frame_skip' is not defined
Traceback (most recent call last):
  File "/home/flutterfinn/AntiSpoofin/app/blueprints/services.py", line 33, in process_image
    if session['frame_count'] % frame_skip == 0:
                                ^^^^^^^^^^
NameError: name 'frame_skip' is not defined
2024-11-22 01:19:58,509 - ERROR - An error occurred during image processing: name 'frame_skip' is not defined
Traceback (most recent call last):
  File "/home/flutterfinn/AntiSpoofin/app/blueprints/services.py", line 33, in process_image
    if session['frame_count'] % frame_skip == 0:
                                ^^^^^^^^^^
NameError: name 'frame_skip' is not defined
2024-11-22 01:19:58,776 - ERROR - An error occurred during image processing: name 'frame_skip' is not defined
Traceback (most recent call last):
  File "/home/flutterfinn/AntiSpoofin/app/blueprints/services.py", line 33, in process_image
    if session['frame_count'] % frame_skip == 0:
                                ^^^^^^^^^^
NameError: name 'frame_skip' is not defined
2024-11-22 01:19:59,229 - ERROR - An error occurred during image processing: name 'frame_skip' is not defined
Traceback (most recent call last):
  File "/home/flutterfinn/AntiSpoofin/app/blueprints/services.py", line 33, in process_image
    if session['frame_count'] % frame_skip == 0:
                                ^^^^^^^^^^
NameError: name 'frame_skip' is not defined
2024-11-22 01:19:59,482 - ERROR - An error occurred during image processing: name 'frame_skip' is not defined
Traceback (most recent call last):
  File "/home/flutterfinn/AntiSpoofin/app/blueprints/services.py", line 33, in process_image
    if session['frame_count'] % frame_skip == 0:
                                ^^^^^^^^^^
NameError: name 'frame_skip' is not defined
2024-11-22 01:19:59,722 - ERROR - An error occurred during image processing: name 'frame_skip' is not defined
Traceback (most recent call last):
  File "/home/flutterfinn/AntiSpoofin/app/blueprints/services.py", line 33, in process_image
    if session['frame_count'] % frame_skip == 0:
                                ^^^^^^^^^^
NameError: name 'frame_skip' is not defined
2024-11-22 01:20:00,076 - ERROR - An error occurred during image processing: name 'frame_skip' is not defined
Traceback (most recent call last):
  File "/home/flutterfinn/AntiSpoofin/app/blueprints/services.py", line 33, in process_image
    if session['frame_count'] % frame_skip == 0:
                                ^^^^^^^^^^
NameError: name 'frame_skip' is not defined
2024-11-22 01:20:00,355 - ERROR - An error occurred during image processing: name 'frame_skip' is not defined
Traceback (most recent call last):
  File "/home/flutterfinn/AntiSpoofin/app/blueprints/services.py", line 33, in process_image
    if session['frame_count'] % frame_skip == 0:
                                ^^^^^^^^^^
NameError: name 'frame_skip' is not defined
2024-11-22 01:20:00,666 - ERROR - An error occurred during image processing: name 'frame_skip' is not defined
Traceback (most recent call last):
  File "/home/flutterfinn/AntiSpoofin/app/blueprints/services.py", line 33, in process_image
    if session['frame_count'] % frame_skip == 0:
                                ^^^^^^^^^^
NameError: name 'frame_skip' is not defined
2024-11-22 01:20:00,926 - ERROR - An error occurred during image processing: name 'frame_skip' is not defined
Traceback (most recent call last):
  File "/home/flutterfinn/AntiSpoofin/app/blueprints/services.py", line 33, in process_image
    if session['frame_count'] % frame_skip == 0:
                                ^^^^^^^^^^
NameError: name 'frame_skip' is not defined
2024-11-22 01:20:01,169 - ERROR - An error occurred during image processing: name 'frame_skip' is not defined
Traceback (most recent call last):
  File "/home/flutterfinn/AntiSpoofin/app/blueprints/services.py", line 33, in process_image
    if session['frame_count'] % frame_skip == 0:
                                ^^^^^^^^^^
NameError: name 'frame_skip' is not defined
2024-11-22 01:20:01,529 - ERROR - An error occurred during image processing: name 'frame_skip' is not defined
Traceback (most recent call last):
  File "/home/flutterfinn/AntiSpoofin/app/blueprints/services.py", line 33, in process_image
    if session['frame_count'] % frame_skip == 0:
                                ^^^^^^^^^^
NameError: name 'frame_skip' is not defined
2024-11-22 01:20:01,866 - ERROR - An error occurred during image processing: name 'frame_skip' is not defined
Traceback (most recent call last):
  File "/home/flutterfinn/AntiSpoofin/app/blueprints/services.py", line 33, in process_image
    if session['frame_count'] % frame_skip == 0:
                                ^^^^^^^^^^
NameError: name 'frame_skip' is not defined
2024-11-22 01:20:02,230 - ERROR - An error occurred during image processing: name 'frame_skip' is not defined
Traceback (most recent call last):
  File "/home/flutterfinn/AntiSpoofin/app/blueprints/services.py", line 33, in process_image
    if session['frame_count'] % frame_skip == 0:
                                ^^^^^^^^^^
NameError: name 'frame_skip' is not defined
2024-11-22 01:20:02,527 - ERROR - An error occurred during image processing: name 'frame_skip' is not defined
Traceback (most recent call last):
  File "/home/flutterfinn/AntiSpoofin/app/blueprints/services.py", line 33, in process_image
    if session['frame_count'] % frame_skip == 0:
                                ^^^^^^^^^^
NameError: name 'frame_skip' is not defined
2024-11-22 01:20:02,810 - ERROR - An error occurred during image processing: name 'frame_skip' is not defined
Traceback (most recent call last):
  File "/home/flutterfinn/AntiSpoofin/app/blueprints/services.py", line 33, in process_image
    if session['frame_count'] % frame_skip == 0:
                                ^^^^^^^^^^
NameError: name 'frame_skip' is not defined
2024-11-22 01:20:03,172 - ERROR - An error occurred during image processing: name 'frame_skip' is not defined
Traceback (most recent call last):
  File "/home/flutterfinn/AntiSpoofin/app/blueprints/services.py", line 33, in process_image
    if session['frame_count'] % frame_skip == 0:
                                ^^^^^^^^^^
NameError: name 'frame_skip' is not defined
2024-11-22 01:20:03,458 - ERROR - An error occurred during image processing: name 'frame_skip' is not defined
Traceback (most recent call last):
  File "/home/flutterfinn/AntiSpoofin/app/blueprints/services.py", line 33, in process_image
    if session['frame_count'] % frame_skip == 0:
                                ^^^^^^^^^^
NameError: name 'frame_skip' is not defined
2024-11-22 01:20:03,740 - ERROR - An error occurred during image processing: name 'frame_skip' is not defined
Traceback (most recent call last):
  File "/home/flutterfinn/AntiSpoofin/app/blueprints/services.py", line 33, in process_image
    if session['frame_count'] % frame_skip == 0:
                                ^^^^^^^^^^
NameError: name 'frame_skip' is not defined
2024-11-22 01:20:04,044 - ERROR - An error occurred during image processing: name 'frame_skip' is not defined
Traceback (most recent call last):
  File "/home/flutterfinn/AntiSpoofin/app/blueprints/services.py", line 33, in process_image
    if session['frame_count'] % frame_skip == 0:
                                ^^^^^^^^^^
NameError: name 'frame_skip' is not defined
2024-11-22 01:20:04,289 - ERROR - An error occurred during image processing: name 'frame_skip' is not defined
Traceback (most recent call last):
  File "/home/flutterfinn/AntiSpoofin/app/blueprints/services.py", line 33, in process_image
    if session['frame_count'] % frame_skip == 0:
                                ^^^^^^^^^^
NameError: name 'frame_skip' is not defined
2024-11-22 01:20:04,619 - ERROR - An error occurred during image processing: name 'frame_skip' is not defined
Traceback (most recent call last):
  File "/home/flutterfinn/AntiSpoofin/app/blueprints/services.py", line 33, in process_image
    if session['frame_count'] % frame_skip == 0:
                                ^^^^^^^^^^
NameError: name 'frame_skip' is not defined
2024-11-22 01:20:04,876 - ERROR - An error occurred during image processing: name 'frame_skip' is not defined
Traceback (most recent call last):
  File "/home/flutterfinn/AntiSpoofin/app/blueprints/services.py", line 33, in process_image
    if session['frame_count'] % frame_skip == 0:
                                ^^^^^^^^^^
NameError: name 'frame_skip' is not defined
2024-11-22 01:20:05,147 - ERROR - An error occurred during image processing: name 'frame_skip' is not defined
Traceback (most recent call last):
  File "/home/flutterfinn/AntiSpoofin/app/blueprints/services.py", line 33, in process_image
    if session['frame_count'] % frame_skip == 0:
                                ^^^^^^^^^^
NameError: name 'frame_skip' is not defined
2024-11-22 01:20:05,466 - ERROR - An error occurred during image processing: name 'frame_skip' is not defined
Traceback (most recent call last):
  File "/home/flutterfinn/AntiSpoofin/app/blueprints/services.py", line 33, in process_image
    if session['frame_count'] % frame_skip == 0:
                                ^^^^^^^^^^
NameError: name 'frame_skip' is not defined
2024-11-22 01:20:05,711 - ERROR - An error occurred during image processing: name 'frame_skip' is not defined
Traceback (most recent call last):
  File "/home/flutterfinn/AntiSpoofin/app/blueprints/services.py", line 33, in process_image
    if session['frame_count'] % frame_skip == 0:
                                ^^^^^^^^^^
NameError: name 'frame_skip' is not defined
2024-11-22 01:20:06,050 - ERROR - An error occurred during image processing: name 'frame_skip' is not defined
Traceback (most recent call last):
  File "/home/flutterfinn/AntiSpoofin/app/blueprints/services.py", line 33, in process_image
    if session['frame_count'] % frame_skip == 0:
                                ^^^^^^^^^^
NameError: name 'frame_skip' is not defined
2024-11-22 01:20:06,320 - ERROR - An error occurred during image processing: name 'frame_skip' is not defined
Traceback (most recent call last):
  File "/home/flutterfinn/AntiSpoofin/app/blueprints/services.py", line 33, in process_image
    if session['frame_count'] % frame_skip == 0:
                                ^^^^^^^^^^
NameError: name 'frame_skip' is not defined
2024-11-22 01:20:06,571 - ERROR - An error occurred during image processing: name 'frame_skip' is not defined
Traceback (most recent call last):
  File "/home/flutterfinn/AntiSpoofin/app/blueprints/services.py", line 33, in process_image
    if session['frame_count'] % frame_skip == 0:
                                ^^^^^^^^^^
NameError: name 'frame_skip' is not defined
2024-11-22 01:20:06,870 - ERROR - An error occurred during image processing: name 'frame_skip' is not defined
Traceback (most recent call last):
  File "/home/flutterfinn/AntiSpoofin/app/blueprints/services.py", line 33, in process_image
    if session['frame_count'] % frame_skip == 0:
                                ^^^^^^^^^^
NameError: name 'frame_skip' is not defined
2024-11-22 01:20:07,126 - ERROR - An error occurred during image processing: name 'frame_skip' is not defined
Traceback (most recent call last):
  File "/home/flutterfinn/AntiSpoofin/app/blueprints/services.py", line 33, in process_image
    if session['frame_count'] % frame_skip == 0:
                                ^^^^^^^^^^
NameError: name 'frame_skip' is not defined
2024-11-22 01:20:07,404 - ERROR - An error occurred during image processing: name 'frame_skip' is not defined
Traceback (most recent call last):
  File "/home/flutterfinn/AntiSpoofin/app/blueprints/services.py", line 33, in process_image
    if session['frame_count'] % frame_skip == 0:
                                ^^^^^^^^^^
NameError: name 'frame_skip' is not defined
2024-11-22 01:20:07,709 - ERROR - An error occurred during image processing: name 'frame_skip' is not defined
Traceback (most recent call last):
  File "/home/flutterfinn/AntiSpoofin/app/blueprints/services.py", line 33, in process_image
    if session['frame_count'] % frame_skip == 0:
                                ^^^^^^^^^^
NameError: name 'frame_skip' is not defined
2024-11-22 01:20:07,970 - ERROR - An error occurred during image processing: name 'frame_skip' is not defined
Traceback (most recent call last):
  File "/home/flutterfinn/AntiSpoofin/app/blueprints/services.py", line 33, in process_image
    if session['frame_count'] % frame_skip == 0:
                                ^^^^^^^^^^
NameError: name 'frame_skip' is not defined
2024-11-22 01:20:08,276 - ERROR - An error occurred during image processing: name 'frame_skip' is not defined
Traceback (most recent call last):
  File "/home/flutterfinn/AntiSpoofin/app/blueprints/services.py", line 33, in process_image
    if session['frame_count'] % frame_skip == 0:
                                ^^^^^^^^^^
NameError: name 'frame_skip' is not defined
2024-11-22 01:20:08,630 - ERROR - An error occurred during image processing: name 'frame_skip' is not defined
Traceback (most recent call last):
  File "/home/flutterfinn/AntiSpoofin/app/blueprints/services.py", line 33, in process_image
    if session['frame_count'] % frame_skip == 0:
                                ^^^^^^^^^^
NameError: name 'frame_skip' is not defined
2024-11-22 01:20:08,898 - ERROR - An error occurred during image processing: name 'frame_skip' is not defined
Traceback (most recent call last):
  File "/home/flutterfinn/AntiSpoofin/app/blueprints/services.py", line 33, in process_image
    if session['frame_count'] % frame_skip == 0:
                                ^^^^^^^^^^
NameError: name 'frame_skip' is not defined
2024-11-22 01:20:09,158 - ERROR - An error occurred during image processing: name 'frame_skip' is not defined
Traceback (most recent call last):
  File "/home/flutterfinn/AntiSpoofin/app/blueprints/services.py", line 33, in process_image
    if session['frame_count'] % frame_skip == 0:
                                ^^^^^^^^^^
NameError: name 'frame_skip' is not defined
2024-11-22 01:20:09,480 - ERROR - An error occurred during image processing: name 'frame_skip' is not defined
Traceback (most recent call last):
  File "/home/flutterfinn/AntiSpoofin/app/blueprints/services.py", line 33, in process_image
    if session['frame_count'] % frame_skip == 0:
                                ^^^^^^^^^^
NameError: name 'frame_skip' is not defined
2024-11-22 01:20:09,737 - ERROR - An error occurred during image processing: name 'frame_skip' is not defined
Traceback (most recent call last):
  File "/home/flutterfinn/AntiSpoofin/app/blueprints/services.py", line 33, in process_image
    if session['frame_count'] % frame_skip == 0:
                                ^^^^^^^^^^
NameError: name 'frame_skip' is not defined
2024-11-22 01:20:10,034 - ERROR - An error occurred during image processing: name 'frame_skip' is not defined
Traceback (most recent call last):
  File "/home/flutterfinn/AntiSpoofin/app/blueprints/services.py", line 33, in process_image
    if session['frame_count'] % frame_skip == 0:
                                ^^^^^^^^^^
NameError: name 'frame_skip' is not defined
2024-11-22 01:20:10,357 - ERROR - An error occurred during image processing: name 'frame_skip' is not defined
Traceback (most recent call last):
  File "/home/flutterfinn/AntiSpoofin/app/blueprints/services.py", line 33, in process_image
    if session['frame_count'] % frame_skip == 0:
                                ^^^^^^^^^^
NameError: name 'frame_skip' is not defined
2024-11-22 01:20:10,630 - ERROR - An error occurred during image processing: name 'frame_skip' is not defined
Traceback (most recent call last):
  File "/home/flutterfinn/AntiSpoofin/app/blueprints/services.py", line 33, in process_image
    if session['frame_count'] % frame_skip == 0:
                                ^^^^^^^^^^
NameError: name 'frame_skip' is not defined
2024-11-22 01:20:10,943 - ERROR - An error occurred during image processing: name 'frame_skip' is not defined
Traceback (most recent call last):
  File "/home/flutterfinn/AntiSpoofin/app/blueprints/services.py", line 33, in process_image
    if session['frame_count'] % frame_skip == 0:
                                ^^^^^^^^^^
NameError: name 'frame_skip' is not defined
2024-11-22 01:20:11,236 - ERROR - An error occurred during image processing: name 'frame_skip' is not defined
Traceback (most recent call last):
  File "/home/flutterfinn/AntiSpoofin/app/blueprints/services.py", line 33, in process_image
    if session['frame_count'] % frame_skip == 0:
                                ^^^^^^^^^^
NameError: name 'frame_skip' is not defined
2024-11-22 01:20:11,530 - ERROR - An error occurred during image processing: name 'frame_skip' is not defined
Traceback (most recent call last):
  File "/home/flutterfinn/AntiSpoofin/app/blueprints/services.py", line 33, in process_image
    if session['frame_count'] % frame_skip == 0:
                                ^^^^^^^^^^
NameError: name 'frame_skip' is not defined
2024-11-22 01:20:11,845 - ERROR - An error occurred during image processing: name 'frame_skip' is not defined
Traceback (most recent call last):
  File "/home/flutterfinn/AntiSpoofin/app/blueprints/services.py", line 33, in process_image
    if session['frame_count'] % frame_skip == 0:
                                ^^^^^^^^^^
NameError: name 'frame_skip' is not defined
2024-11-22 01:20:12,125 - ERROR - An error occurred during image processing: name 'frame_skip' is not defined
Traceback (most recent call last):
  File "/home/flutterfinn/AntiSpoofin/app/blueprints/services.py", line 33, in process_image
    if session['frame_count'] % frame_skip == 0:
                                ^^^^^^^^^^
NameError: name 'frame_skip' is not defined
2024-11-22 01:20:12,493 - ERROR - An error occurred during image processing: name 'frame_skip' is not defined
Traceback (most recent call last):
  File "/home/flutterfinn/AntiSpoofin/app/blueprints/services.py", line 33, in process_image
    if session['frame_count'] % frame_skip == 0:
                                ^^^^^^^^^^
NameError: name 'frame_skip' is not defined
2024-11-22 01:20:12,779 - ERROR - An error occurred during image processing: name 'frame_skip' is not defined
Traceback (most recent call last):
  File "/home/flutterfinn/AntiSpoofin/app/blueprints/services.py", line 33, in process_image
    if session['frame_count'] % frame_skip == 0:
                                ^^^^^^^^^^
NameError: name 'frame_skip' is not defined
2024-11-22 01:20:13,056 - ERROR - An error occurred during image processing: name 'frame_skip' is not defined
Traceback (most recent call last):
  File "/home/flutterfinn/AntiSpoofin/app/blueprints/services.py", line 33, in process_image
    if session['frame_count'] % frame_skip == 0:
                                ^^^^^^^^^^
NameError: name 'frame_skip' is not defined
2024-11-22 01:20:13,367 - ERROR - An error occurred during image processing: name 'frame_skip' is not defined
Traceback (most recent call last):
  File "/home/flutterfinn/AntiSpoofin/app/blueprints/services.py", line 33, in process_image
    if session['frame_count'] % frame_skip == 0:
                                ^^^^^^^^^^
NameError: name 'frame_skip' is not defined
2024-11-22 01:20:13,618 - ERROR - An error occurred during image processing: name 'frame_skip' is not defined
Traceback (most recent call last):
  File "/home/flutterfinn/AntiSpoofin/app/blueprints/services.py", line 33, in process_image
    if session['frame_count'] % frame_skip == 0:
                                ^^^^^^^^^^
NameError: name 'frame_skip' is not defined
2024-11-22 01:20:13,914 - ERROR - An error occurred during image processing: name 'frame_skip' is not defined
Traceback (most recent call last):
  File "/home/flutterfinn/AntiSpoofin/app/blueprints/services.py", line 33, in process_image
    if session['frame_count'] % frame_skip == 0:
                                ^^^^^^^^^^
NameError: name 'frame_skip' is not defined
2024-11-22 01:20:14,224 - ERROR - An error occurred during image processing: name 'frame_skip' is not defined
Traceback (most recent call last):
  File "/home/flutterfinn/AntiSpoofin/app/blueprints/services.py", line 33, in process_image
    if session['frame_count'] % frame_skip == 0:
                                ^^^^^^^^^^
NameError: name 'frame_skip' is not defined
2024-11-22 01:20:14,487 - ERROR - An error occurred during image processing: name 'frame_skip' is not defined
Traceback (most recent call last):
  File "/home/flutterfinn/AntiSpoofin/app/blueprints/services.py", line 33, in process_image
    if session['frame_count'] % frame_skip == 0:
                                ^^^^^^^^^^
NameError: name 'frame_skip' is not defined
2024-11-22 01:20:14,729 - ERROR - An error occurred during image processing: name 'frame_skip' is not defined
Traceback (most recent call last):
  File "/home/flutterfinn/AntiSpoofin/app/blueprints/services.py", line 33, in process_image
    if session['frame_count'] % frame_skip == 0:
                                ^^^^^^^^^^
NameError: name 'frame_skip' is not defined
2024-11-22 01:20:14,991 - ERROR - An error occurred during image processing: name 'frame_skip' is not defined
Traceback (most recent call last):
  File "/home/flutterfinn/AntiSpoofin/app/blueprints/services.py", line 33, in process_image
    if session['frame_count'] % frame_skip == 0:
                                ^^^^^^^^^^
NameError: name 'frame_skip' is not defined
2024-11-22 01:20:15,306 - ERROR - An error occurred during image processing: name 'frame_skip' is not defined
Traceback (most recent call last):
  File "/home/flutterfinn/AntiSpoofin/app/blueprints/services.py", line 33, in process_image
    if session['frame_count'] % frame_skip == 0:
                                ^^^^^^^^^^
NameError: name 'frame_skip' is not defined
2024-11-22 01:20:15,602 - ERROR - An error occurred during image processing: name 'frame_skip' is not defined
Traceback (most recent call last):
  File "/home/flutterfinn/AntiSpoofin/app/blueprints/services.py", line 33, in process_image
    if session['frame_count'] % frame_skip == 0:
                                ^^^^^^^^^^
NameError: name 'frame_skip' is not defined
2024-11-22 01:20:15,884 - ERROR - An error occurred during image processing: name 'frame_skip' is not defined
Traceback (most recent call last):
  File "/home/flutterfinn/AntiSpoofin/app/blueprints/services.py", line 33, in process_image
    if session['frame_count'] % frame_skip == 0:
                                ^^^^^^^^^^
NameError: name 'frame_skip' is not defined
2024-11-22 01:20:16,184 - ERROR - An error occurred during image processing: name 'frame_skip' is not defined
Traceback (most recent call last):
  File "/home/flutterfinn/AntiSpoofin/app/blueprints/services.py", line 33, in process_image
    if session['frame_count'] % frame_skip == 0:
                                ^^^^^^^^^^
NameError: name 'frame_skip' is not defined
2024-11-22 01:20:16,438 - ERROR - An error occurred during image processing: name 'frame_skip' is not defined
Traceback (most recent call last):
  File "/home/flutterfinn/AntiSpoofin/app/blueprints/services.py", line 33, in process_image
    if session['frame_count'] % frame_skip == 0:
                                ^^^^^^^^^^
NameError: name 'frame_skip' is not defined
2024-11-22 01:20:16,685 - ERROR - An error occurred during image processing: name 'frame_skip' is not defined
Traceback (most recent call last):
  File "/home/flutterfinn/AntiSpoofin/app/blueprints/services.py", line 33, in process_image
    if session['frame_count'] % frame_skip == 0:
                                ^^^^^^^^^^
NameError: name 'frame_skip' is not defined
2024-11-22 01:20:16,950 - ERROR - An error occurred during image processing: name 'frame_skip' is not defined
Traceback (most recent call last):
  File "/home/flutterfinn/AntiSpoofin/app/blueprints/services.py", line 33, in process_image
    if session['frame_count'] % frame_skip == 0:
                                ^^^^^^^^^^
NameError: name 'frame_skip' is not defined
2024-11-22 01:20:17,286 - ERROR - An error occurred during image processing: name 'frame_skip' is not defined
Traceback (most recent call last):
  File "/home/flutterfinn/AntiSpoofin/app/blueprints/services.py", line 33, in process_image
    if session['frame_count'] % frame_skip == 0:
                                ^^^^^^^^^^
NameError: name 'frame_skip' is not defined
2024-11-22 01:20:17,549 - ERROR - An error occurred during image processing: name 'frame_skip' is not defined
Traceback (most recent call last):
  File "/home/flutterfinn/AntiSpoofin/app/blueprints/services.py", line 33, in process_image
    if session['frame_count'] % frame_skip == 0:
                                ^^^^^^^^^^
NameError: name 'frame_skip' is not defined
2024-11-22 01:20:17,814 - ERROR - An error occurred during image processing: name 'frame_skip' is not defined
Traceback (most recent call last):
  File "/home/flutterfinn/AntiSpoofin/app/blueprints/services.py", line 33, in process_image
    if session['frame_count'] % frame_skip == 0:
                                ^^^^^^^^^^
NameError: name 'frame_skip' is not defined
2024-11-22 01:20:18,087 - ERROR - An error occurred during image processing: name 'frame_skip' is not defined
Traceback (most recent call last):
  File "/home/flutterfinn/AntiSpoofin/app/blueprints/services.py", line 33, in process_image
    if session['frame_count'] % frame_skip == 0:
                                ^^^^^^^^^^
NameError: name 'frame_skip' is not defined
2024-11-22 01:20:18,383 - ERROR - An error occurred during image processing: name 'frame_skip' is not defined
Traceback (most recent call last):
  File "/home/flutterfinn/AntiSpoofin/app/blueprints/services.py", line 33, in process_image
    if session['frame_count'] % frame_skip == 0:
                                ^^^^^^^^^^
NameError: name 'frame_skip' is not defined
2024-11-22 01:20:18,621 - ERROR - An error occurred during image processing: name 'frame_skip' is not defined
Traceback (most recent call last):
  File "/home/flutterfinn/AntiSpoofin/app/blueprints/services.py", line 33, in process_image
    if session['frame_count'] % frame_skip == 0:
                                ^^^^^^^^^^
NameError: name 'frame_skip' is not defined
2024-11-22 01:20:18,924 - ERROR - An error occurred during image processing: name 'frame_skip' is not defined
Traceback (most recent call last):
  File "/home/flutterfinn/AntiSpoofin/app/blueprints/services.py", line 33, in process_image
    if session['frame_count'] % frame_skip == 0:
                                ^^^^^^^^^^
NameError: name 'frame_skip' is not defined
2024-11-22 01:20:19,247 - ERROR - An error occurred during image processing: name 'frame_skip' is not defined
Traceback (most recent call last):
  File "/home/flutterfinn/AntiSpoofin/app/blueprints/services.py", line 33, in process_image
    if session['frame_count'] % frame_skip == 0:
                                ^^^^^^^^^^
NameError: name 'frame_skip' is not defined
2024-11-22 01:20:19,494 - ERROR - An error occurred during image processing: name 'frame_skip' is not defined
Traceback (most recent call last):
  File "/home/flutterfinn/AntiSpoofin/app/blueprints/services.py", line 33, in process_image
    if session['frame_count'] % frame_skip == 0:
                                ^^^^^^^^^^
NameError: name 'frame_skip' is not defined
2024-11-22 01:20:19,732 - ERROR - An error occurred during image processing: name 'frame_skip' is not defined
Traceback (most recent call last):
  File "/home/flutterfinn/AntiSpoofin/app/blueprints/services.py", line 33, in process_image
    if session['frame_count'] % frame_skip == 0:
                                ^^^^^^^^^^
NameError: name 'frame_skip' is not defined
2024-11-22 01:20:19,968 - ERROR - An error occurred during image processing: name 'frame_skip' is not defined
Traceback (most recent call last):
  File "/home/flutterfinn/AntiSpoofin/app/blueprints/services.py", line 33, in process_image
    if session['frame_count'] % frame_skip == 0:
                                ^^^^^^^^^^
NameError: name 'frame_skip' is not defined
2024-11-22 01:20:20,291 - ERROR - An error occurred during image processing: name 'frame_skip' is not defined
Traceback (most recent call last):
  File "/home/flutterfinn/AntiSpoofin/app/blueprints/services.py", line 33, in process_image
    if session['frame_count'] % frame_skip == 0:
                                ^^^^^^^^^^
NameError: name 'frame_skip' is not defined
2024-11-22 01:20:20,571 - ERROR - An error occurred during image processing: name 'frame_skip' is not defined
Traceback (most recent call last):
  File "/home/flutterfinn/AntiSpoofin/app/blueprints/services.py", line 33, in process_image
    if session['frame_count'] % frame_skip == 0:
                                ^^^^^^^^^^
NameError: name 'frame_skip' is not defined
2024-11-22 01:20:20,831 - ERROR - An error occurred during image processing: name 'frame_skip' is not defined
Traceback (most recent call last):
  File "/home/flutterfinn/AntiSpoofin/app/blueprints/services.py", line 33, in process_image
    if session['frame_count'] % frame_skip == 0:
                                ^^^^^^^^^^
NameError: name 'frame_skip' is not defined
2024-11-22 01:20:21,079 - ERROR - An error occurred during image processing: name 'frame_skip' is not defined
Traceback (most recent call last):
  File "/home/flutterfinn/AntiSpoofin/app/blueprints/services.py", line 33, in process_image
    if session['frame_count'] % frame_skip == 0:
                                ^^^^^^^^^^
NameError: name 'frame_skip' is not defined
2024-11-22 01:20:21,326 - ERROR - An error occurred during image processing: name 'frame_skip' is not defined
Traceback (most recent call last):
  File "/home/flutterfinn/AntiSpoofin/app/blueprints/services.py", line 33, in process_image
    if session['frame_count'] % frame_skip == 0:
                                ^^^^^^^^^^
NameError: name 'frame_skip' is not defined
2024-11-22 01:20:21,696 - ERROR - An error occurred during image processing: name 'frame_skip' is not defined
Traceback (most recent call last):
  File "/home/flutterfinn/AntiSpoofin/app/blueprints/services.py", line 33, in process_image
    if session['frame_count'] % frame_skip == 0:
                                ^^^^^^^^^^
NameError: name 'frame_skip' is not defined
2024-11-22 01:20:22,071 - ERROR - An error occurred during image processing: name 'frame_skip' is not defined
Traceback (most recent call last):
  File "/home/flutterfinn/AntiSpoofin/app/blueprints/services.py", line 33, in process_image
    if session['frame_count'] % frame_skip == 0:
                                ^^^^^^^^^^
NameError: name 'frame_skip' is not defined
2024-11-22 01:20:22,350 - ERROR - An error occurred during image processing: name 'frame_skip' is not defined
Traceback (most recent call last):
  File "/home/flutterfinn/AntiSpoofin/app/blueprints/services.py", line 33, in process_image
    if session['frame_count'] % frame_skip == 0:
                                ^^^^^^^^^^
NameError: name 'frame_skip' is not defined
2024-11-22 01:20:22,613 - ERROR - An error occurred during image processing: name 'frame_skip' is not defined
Traceback (most recent call last):
  File "/home/flutterfinn/AntiSpoofin/app/blueprints/services.py", line 33, in process_image
    if session['frame_count'] % frame_skip == 0:
                                ^^^^^^^^^^
NameError: name 'frame_skip' is not defined
2024-11-22 01:20:22,980 - ERROR - An error occurred during image processing: name 'frame_skip' is not defined
Traceback (most recent call last):
  File "/home/flutterfinn/AntiSpoofin/app/blueprints/services.py", line 33, in process_image
    if session['frame_count'] % frame_skip == 0:
                                ^^^^^^^^^^
NameError: name 'frame_skip' is not defined
2024-11-22 01:20:23,281 - ERROR - An error occurred during image processing: name 'frame_skip' is not defined
Traceback (most recent call last):
  File "/home/flutterfinn/AntiSpoofin/app/blueprints/services.py", line 33, in process_image
    if session['frame_count'] % frame_skip == 0:
                                ^^^^^^^^^^
NameError: name 'frame_skip' is not defined
2024-11-22 01:20:23,533 - ERROR - An error occurred during image processing: name 'frame_skip' is not defined
Traceback (most recent call last):
  File "/home/flutterfinn/AntiSpoofin/app/blueprints/services.py", line 33, in process_image
    if session['frame_count'] % frame_skip == 0:
                                ^^^^^^^^^^
NameError: name 'frame_skip' is not defined
2024-11-22 01:20:23,782 - ERROR - An error occurred during image processing: name 'frame_skip' is not defined
Traceback (most recent call last):
  File "/home/flutterfinn/AntiSpoofin/app/blueprints/services.py", line 33, in process_image
    if session['frame_count'] % frame_skip == 0:
                                ^^^^^^^^^^
NameError: name 'frame_skip' is not defined
2024-11-22 01:20:24,057 - ERROR - An error occurred during image processing: name 'frame_skip' is not defined
Traceback (most recent call last):
  File "/home/flutterfinn/AntiSpoofin/app/blueprints/services.py", line 33, in process_image
    if session['frame_count'] % frame_skip == 0:
                                ^^^^^^^^^^
NameError: name 'frame_skip' is not defined
2024-11-22 01:20:24,307 - ERROR - An error occurred during image processing: name 'frame_skip' is not defined
Traceback (most recent call last):
  File "/home/flutterfinn/AntiSpoofin/app/blueprints/services.py", line 33, in process_image
    if session['frame_count'] % frame_skip == 0:
                                ^^^^^^^^^^
NameError: name 'frame_skip' is not defined
2024-11-22 01:20:24,602 - ERROR - An error occurred during image processing: name 'frame_skip' is not defined
Traceback (most recent call last):
  File "/home/flutterfinn/AntiSpoofin/app/blueprints/services.py", line 33, in process_image
    if session['frame_count'] % frame_skip == 0:
                                ^^^^^^^^^^
NameError: name 'frame_skip' is not defined
2024-11-22 01:20:24,850 - ERROR - An error occurred during image processing: name 'frame_skip' is not defined
Traceback (most recent call last):
  File "/home/flutterfinn/AntiSpoofin/app/blueprints/services.py", line 33, in process_image
    if session['frame_count'] % frame_skip == 0:
                                ^^^^^^^^^^
NameError: name 'frame_skip' is not defined
2024-11-22 01:20:25,141 - ERROR - An error occurred during image processing: name 'frame_skip' is not defined
Traceback (most recent call last):
  File "/home/flutterfinn/AntiSpoofin/app/blueprints/services.py", line 33, in process_image
    if session['frame_count'] % frame_skip == 0:
                                ^^^^^^^^^^
NameError: name 'frame_skip' is not defined
2024-11-22 01:20:25,382 - ERROR - An error occurred during image processing: name 'frame_skip' is not defined
Traceback (most recent call last):
  File "/home/flutterfinn/AntiSpoofin/app/blueprints/services.py", line 33, in process_image
    if session['frame_count'] % frame_skip == 0:
                                ^^^^^^^^^^
NameError: name 'frame_skip' is not defined
2024-11-22 01:20:25,639 - ERROR - An error occurred during image processing: name 'frame_skip' is not defined
Traceback (most recent call last):
  File "/home/flutterfinn/AntiSpoofin/app/blueprints/services.py", line 33, in process_image
    if session['frame_count'] % frame_skip == 0:
                                ^^^^^^^^^^
NameError: name 'frame_skip' is not defined
2024-11-22 01:20:25,943 - ERROR - An error occurred during image processing: name 'frame_skip' is not defined
Traceback (most recent call last):
  File "/home/flutterfinn/AntiSpoofin/app/blueprints/services.py", line 33, in process_image
    if session['frame_count'] % frame_skip == 0:
                                ^^^^^^^^^^
NameError: name 'frame_skip' is not defined
2024-11-22 01:20:26,182 - ERROR - An error occurred during image processing: name 'frame_skip' is not defined
Traceback (most recent call last):
  File "/home/flutterfinn/AntiSpoofin/app/blueprints/services.py", line 33, in process_image
    if session['frame_count'] % frame_skip == 0:
                                ^^^^^^^^^^
NameError: name 'frame_skip' is not defined
2024-11-22 01:20:26,421 - ERROR - An error occurred during image processing: name 'frame_skip' is not defined
Traceback (most recent call last):
  File "/home/flutterfinn/AntiSpoofin/app/blueprints/services.py", line 33, in process_image
    if session['frame_count'] % frame_skip == 0:
                                ^^^^^^^^^^
NameError: name 'frame_skip' is not defined
2024-11-22 01:20:26,660 - ERROR - An error occurred during image processing: name 'frame_skip' is not defined
Traceback (most recent call last):
  File "/home/flutterfinn/AntiSpoofin/app/blueprints/services.py", line 33, in process_image
    if session['frame_count'] % frame_skip == 0:
                                ^^^^^^^^^^
NameError: name 'frame_skip' is not defined
2024-11-22 01:20:26,916 - ERROR - An error occurred during image processing: name 'frame_skip' is not defined
Traceback (most recent call last):
  File "/home/flutterfinn/AntiSpoofin/app/blueprints/services.py", line 33, in process_image
    if session['frame_count'] % frame_skip == 0:
                                ^^^^^^^^^^
NameError: name 'frame_skip' is not defined
2024-11-22 01:20:27,159 - ERROR - An error occurred during image processing: name 'frame_skip' is not defined
Traceback (most recent call last):
  File "/home/flutterfinn/AntiSpoofin/app/blueprints/services.py", line 33, in process_image
    if session['frame_count'] % frame_skip == 0:
                                ^^^^^^^^^^
NameError: name 'frame_skip' is not defined
2024-11-22 01:20:27,400 - ERROR - An error occurred during image processing: name 'frame_skip' is not defined
Traceback (most recent call last):
  File "/home/flutterfinn/AntiSpoofin/app/blueprints/services.py", line 33, in process_image
    if session['frame_count'] % frame_skip == 0:
                                ^^^^^^^^^^
NameError: name 'frame_skip' is not defined
2024-11-22 01:20:27,711 - ERROR - An error occurred during image processing: name 'frame_skip' is not defined
Traceback (most recent call last):
  File "/home/flutterfinn/AntiSpoofin/app/blueprints/services.py", line 33, in process_image
    if session['frame_count'] % frame_skip == 0:
                                ^^^^^^^^^^
NameError: name 'frame_skip' is not defined
2024-11-22 01:20:27,716 - INFO - 192.168.43.85 - - [22/Nov/2024 01:20:27] "GET /socket.io/?EIO=4&transport=websocket&sid=nCrYkc3FGFvBnj9-AAAB HTTP/1.1" 200 -
2024-11-22 01:20:28,791 - INFO - 192.168.43.85 - - [22/Nov/2024 01:20:28] "GET /socket.io/?EIO=4&transport=polling&t=PDHFTlp HTTP/1.1" 200 -
2024-11-22 01:20:28,860 - INFO - 192.168.43.85 - - [22/Nov/2024 01:20:28] "POST /socket.io/?EIO=4&transport=polling&t=PDHFTms&sid=lpdhfBKS0tnA-AM8AAAD HTTP/1.1" 200 -
2024-11-22 01:20:28,867 - INFO - 192.168.43.85 - - [22/Nov/2024 01:20:28] "GET /socket.io/?EIO=4&transport=polling&t=PDHFTmu&sid=lpdhfBKS0tnA-AM8AAAD HTTP/1.1" 200 -
2024-11-22 01:20:28,939 - INFO - 192.168.43.85 - - [22/Nov/2024 01:20:28] "GET /socket.io/?EIO=4&transport=polling&t=PDHFTo8&sid=lpdhfBKS0tnA-AM8AAAD HTTP/1.1" 200 -
2024-11-22 01:20:28,965 - INFO - 192.168.43.85 - - [22/Nov/2024 01:20:28] "POST /socket.io/?EIO=4&transport=polling&t=PDHFToB&sid=lpdhfBKS0tnA-AM8AAAD HTTP/1.1" 200 -
2024-11-22 01:20:28,985 - ERROR - An error occurred during image processing: name 'frame_skip' is not defined
Traceback (most recent call last):
  File "/home/flutterfinn/AntiSpoofin/app/blueprints/services.py", line 33, in process_image
    if session['frame_count'] % frame_skip == 0:
                                ^^^^^^^^^^
NameError: name 'frame_skip' is not defined
2024-11-22 01:20:29,070 - INFO - 192.168.43.85 - - [22/Nov/2024 01:20:29] "GET /socket.io/?EIO=4&transport=polling&t=PDHFTqA&sid=lpdhfBKS0tnA-AM8AAAD HTTP/1.1" 200 -
2024-11-22 01:20:47,513 - INFO -  * Detected change in '/home/flutterfinn/AntiSpoofin/app/blueprints/services.py', reloading
2024-11-22 01:20:48,379 - INFO -  * Restarting with stat
2024-11-22 01:20:55,042 - WARNING -  * Debugger is active!
2024-11-22 01:20:55,042 - INFO -  * Debugger PIN: 144-004-194
2024-11-22 01:20:55,083 - INFO - 192.168.43.85 - - [22/Nov/2024 01:20:55] "GET /socket.io/?EIO=4&transport=polling&t=PDHFYpt HTTP/1.1" 200 -
2024-11-22 01:20:55,140 - INFO - 192.168.43.85 - - [22/Nov/2024 01:20:55] "POST /socket.io/?EIO=4&transport=polling&t=PDHFaBQ&sid=x4arFpwcOyGVmqarAAAA HTTP/1.1" 200 -
2024-11-22 01:20:55,143 - INFO - 192.168.43.85 - - [22/Nov/2024 01:20:55] "GET /socket.io/?EIO=4&transport=polling&t=PDHFaBR&sid=x4arFpwcOyGVmqarAAAA HTTP/1.1" 200 -
2024-11-22 01:20:55,220 - INFO - 192.168.43.85 - - [22/Nov/2024 01:20:55] "GET /socket.io/?EIO=4&transport=polling&t=PDHFaCm&sid=x4arFpwcOyGVmqarAAAA HTTP/1.1" 200 -
2024-11-22 01:20:55,540 - INFO - 192.168.43.85 - - [22/Nov/2024 01:20:55] "POST /socket.io/?EIO=4&transport=polling&t=PDHFaHh&sid=x4arFpwcOyGVmqarAAAA HTTP/1.1" 200 -
2024-11-22 01:20:55,546 - INFO - Rendering the index page.
2024-11-22 01:20:55,556 - INFO - 127.0.0.1 - - [22/Nov/2024 01:20:55] "GET / HTTP/1.1" 200 -
2024-11-22 01:20:55,617 - INFO - 192.168.43.85 - - [22/Nov/2024 01:20:55] "GET /socket.io/?EIO=4&transport=websocket&sid=x4arFpwcOyGVmqarAAAA HTTP/1.1" 200 -
2024-11-22 01:20:55,698 - INFO - 127.0.0.1 - - [22/Nov/2024 01:20:55] "[36mGET /static/js/main.js HTTP/1.1[0m" 304 -
2024-11-22 01:20:56,122 - INFO - 192.168.43.85 - - [22/Nov/2024 01:20:56] "GET /socket.io/?EIO=4&transport=polling&t=PDHFaQq HTTP/1.1" 200 -
2024-11-22 01:20:56,158 - INFO - 192.168.43.85 - - [22/Nov/2024 01:20:56] "POST /socket.io/?EIO=4&transport=polling&t=PDHFaR6&sid=sqV8JaDWndFFvNTuAAAC HTTP/1.1" 200 -
2024-11-22 01:20:56,159 - INFO - 192.168.43.85 - - [22/Nov/2024 01:20:56] "GET /socket.io/?EIO=4&transport=polling&t=PDHFaR8&sid=sqV8JaDWndFFvNTuAAAC HTTP/1.1" 200 -
2024-11-22 01:20:56,239 - ERROR - Cannot identify image file
2024-11-22 01:20:56,239 - ERROR - Cannot identify image file
2024-11-22 01:20:56,247 - INFO - 127.0.0.1 - - [22/Nov/2024 01:20:56] "[33mGET /undefined HTTP/1.1[0m" 404 -
2024-11-22 01:20:56,258 - ERROR - Cannot identify image file
2024-11-22 01:20:56,300 - INFO - 127.0.0.1 - - [22/Nov/2024 01:20:56] "[33mGET /undefined HTTP/1.1[0m" 404 -
2024-11-22 01:20:56,302 - ERROR - Cannot identify image file
2024-11-22 01:20:56,343 - ERROR - Cannot identify image file
2024-11-22 01:20:56,351 - INFO - 127.0.0.1 - - [22/Nov/2024 01:20:56] "[33mGET /undefined HTTP/1.1[0m" 404 -
2024-11-22 01:20:56,389 - ERROR - Cannot identify image file
2024-11-22 01:20:56,393 - INFO - 127.0.0.1 - - [22/Nov/2024 01:20:56] "[33mGET /undefined HTTP/1.1[0m" 404 -
2024-11-22 01:20:56,433 - ERROR - Cannot identify image file
2024-11-22 01:20:56,437 - INFO - 127.0.0.1 - - [22/Nov/2024 01:20:56] "[33mGET /undefined HTTP/1.1[0m" 404 -
2024-11-22 01:20:56,478 - ERROR - Cannot identify image file
2024-11-22 01:20:56,484 - INFO - 127.0.0.1 - - [22/Nov/2024 01:20:56] "[33mGET /undefined HTTP/1.1[0m" 404 -
2024-11-22 01:20:56,835 - ERROR - An error occurred during image processing: name 'frame_skip' is not defined
Traceback (most recent call last):
  File "/home/flutterfinn/AntiSpoofin/app/blueprints/services.py", line 36, in process_image
    frame = cv2.cvtColor(np.array(pil_image), cv2.COLOR_RGB2BGR)
                                ^^^^^^^^^^
NameError: name 'frame_skip' is not defined
2024-11-22 01:20:57,063 - ERROR - An error occurred during image processing: name 'frame_skip' is not defined
Traceback (most recent call last):
  File "/home/flutterfinn/AntiSpoofin/app/blueprints/services.py", line 36, in process_image
    frame = cv2.cvtColor(np.array(pil_image), cv2.COLOR_RGB2BGR)
                                ^^^^^^^^^^
NameError: name 'frame_skip' is not defined
2024-11-22 01:20:57,330 - ERROR - An error occurred during image processing: name 'frame_skip' is not defined
Traceback (most recent call last):
  File "/home/flutterfinn/AntiSpoofin/app/blueprints/services.py", line 36, in process_image
    frame = cv2.cvtColor(np.array(pil_image), cv2.COLOR_RGB2BGR)
                                ^^^^^^^^^^
NameError: name 'frame_skip' is not defined
2024-11-22 01:20:57,581 - INFO - Rendering the index page.
2024-11-22 01:20:57,584 - INFO - 127.0.0.1 - - [22/Nov/2024 01:20:57] "GET / HTTP/1.1" 200 -
2024-11-22 01:20:57,642 - INFO - 192.168.43.85 - - [22/Nov/2024 01:20:57] "GET /socket.io/?EIO=4&transport=websocket&sid=sqV8JaDWndFFvNTuAAAC HTTP/1.1" 200 -
2024-11-22 01:20:57,681 - INFO - 127.0.0.1 - - [22/Nov/2024 01:20:57] "[36mGET /static/js/main.js HTTP/1.1[0m" 304 -
2024-11-22 01:20:58,091 - INFO - 192.168.43.85 - - [22/Nov/2024 01:20:58] "GET /socket.io/?EIO=4&transport=polling&t=PDHFavc HTTP/1.1" 200 -
2024-11-22 01:20:58,124 - INFO - 192.168.43.85 - - [22/Nov/2024 01:20:58] "POST /socket.io/?EIO=4&transport=polling&t=PDHFavv&sid=tpD2CUpHmHR4MOVOAAAE HTTP/1.1" 200 -
2024-11-22 01:20:58,127 - INFO - 192.168.43.85 - - [22/Nov/2024 01:20:58] "GET /socket.io/?EIO=4&transport=polling&t=PDHFavw&sid=tpD2CUpHmHR4MOVOAAAE HTTP/1.1" 200 -
2024-11-22 01:20:58,142 - ERROR - Cannot identify image file
2024-11-22 01:20:58,179 - ERROR - Cannot identify image file
2024-11-22 01:20:58,188 - INFO - 127.0.0.1 - - [22/Nov/2024 01:20:58] "[33mGET /undefined HTTP/1.1[0m" 404 -
2024-11-22 01:20:58,225 - INFO - 127.0.0.1 - - [22/Nov/2024 01:20:58] "[33mGET /undefined HTTP/1.1[0m" 404 -
2024-11-22 01:20:58,227 - ERROR - Cannot identify image file
2024-11-22 01:20:58,269 - ERROR - Cannot identify image file
2024-11-22 01:20:58,274 - INFO - 127.0.0.1 - - [22/Nov/2024 01:20:58] "[33mGET /undefined HTTP/1.1[0m" 404 -
2024-11-22 01:20:58,314 - ERROR - Cannot identify image file
2024-11-22 01:20:58,321 - INFO - 127.0.0.1 - - [22/Nov/2024 01:20:58] "[33mGET /undefined HTTP/1.1[0m" 404 -
2024-11-22 01:20:58,360 - ERROR - Cannot identify image file
2024-11-22 01:20:58,365 - INFO - 127.0.0.1 - - [22/Nov/2024 01:20:58] "[33mGET /undefined HTTP/1.1[0m" 404 -
2024-11-22 01:20:58,404 - ERROR - Cannot identify image file
2024-11-22 01:20:58,408 - INFO - 127.0.0.1 - - [22/Nov/2024 01:20:58] "[33mGET /undefined HTTP/1.1[0m" 404 -
2024-11-22 01:20:58,449 - ERROR - Cannot identify image file
2024-11-22 01:20:58,454 - INFO - 127.0.0.1 - - [22/Nov/2024 01:20:58] "[33mGET /undefined HTTP/1.1[0m" 404 -
2024-11-22 01:20:58,823 - ERROR - An error occurred during image processing: name 'frame_skip' is not defined
Traceback (most recent call last):
  File "/home/flutterfinn/AntiSpoofin/app/blueprints/services.py", line 36, in process_image
    frame = cv2.cvtColor(np.array(pil_image), cv2.COLOR_RGB2BGR)
                                ^^^^^^^^^^
NameError: name 'frame_skip' is not defined
2024-11-22 01:20:59,089 - ERROR - An error occurred during image processing: name 'frame_skip' is not defined
Traceback (most recent call last):
  File "/home/flutterfinn/AntiSpoofin/app/blueprints/services.py", line 36, in process_image
    frame = cv2.cvtColor(np.array(pil_image), cv2.COLOR_RGB2BGR)
                                ^^^^^^^^^^
NameError: name 'frame_skip' is not defined
2024-11-22 01:20:59,349 - ERROR - An error occurred during image processing: name 'frame_skip' is not defined
Traceback (most recent call last):
  File "/home/flutterfinn/AntiSpoofin/app/blueprints/services.py", line 36, in process_image
    frame = cv2.cvtColor(np.array(pil_image), cv2.COLOR_RGB2BGR)
                                ^^^^^^^^^^
NameError: name 'frame_skip' is not defined
2024-11-22 01:20:59,685 - ERROR - An error occurred during image processing: name 'frame_skip' is not defined
Traceback (most recent call last):
  File "/home/flutterfinn/AntiSpoofin/app/blueprints/services.py", line 36, in process_image
    frame = cv2.cvtColor(np.array(pil_image), cv2.COLOR_RGB2BGR)
                                ^^^^^^^^^^
NameError: name 'frame_skip' is not defined
2024-11-22 01:20:59,930 - ERROR - An error occurred during image processing: name 'frame_skip' is not defined
Traceback (most recent call last):
  File "/home/flutterfinn/AntiSpoofin/app/blueprints/services.py", line 36, in process_image
    frame = cv2.cvtColor(np.array(pil_image), cv2.COLOR_RGB2BGR)
                                ^^^^^^^^^^
NameError: name 'frame_skip' is not defined
2024-11-22 01:21:00,328 - ERROR - An error occurred during image processing: name 'frame_skip' is not defined
Traceback (most recent call last):
  File "/home/flutterfinn/AntiSpoofin/app/blueprints/services.py", line 36, in process_image
    frame = cv2.cvtColor(np.array(pil_image), cv2.COLOR_RGB2BGR)
                                ^^^^^^^^^^
NameError: name 'frame_skip' is not defined
2024-11-22 01:21:00,653 - ERROR - An error occurred during image processing: name 'frame_skip' is not defined
Traceback (most recent call last):
  File "/home/flutterfinn/AntiSpoofin/app/blueprints/services.py", line 36, in process_image
    frame = cv2.cvtColor(np.array(pil_image), cv2.COLOR_RGB2BGR)
                                ^^^^^^^^^^
NameError: name 'frame_skip' is not defined
2024-11-22 01:21:00,914 - ERROR - An error occurred during image processing: name 'frame_skip' is not defined
Traceback (most recent call last):
  File "/home/flutterfinn/AntiSpoofin/app/blueprints/services.py", line 36, in process_image
    frame = cv2.cvtColor(np.array(pil_image), cv2.COLOR_RGB2BGR)
                                ^^^^^^^^^^
NameError: name 'frame_skip' is not defined
2024-11-22 01:21:01,215 - ERROR - An error occurred during image processing: name 'frame_skip' is not defined
Traceback (most recent call last):
  File "/home/flutterfinn/AntiSpoofin/app/blueprints/services.py", line 36, in process_image
    frame = cv2.cvtColor(np.array(pil_image), cv2.COLOR_RGB2BGR)
                                ^^^^^^^^^^
NameError: name 'frame_skip' is not defined
2024-11-22 01:21:01,565 - ERROR - An error occurred during image processing: name 'frame_skip' is not defined
Traceback (most recent call last):
  File "/home/flutterfinn/AntiSpoofin/app/blueprints/services.py", line 36, in process_image
    frame = cv2.cvtColor(np.array(pil_image), cv2.COLOR_RGB2BGR)
                                ^^^^^^^^^^
NameError: name 'frame_skip' is not defined
2024-11-22 01:21:01,826 - ERROR - An error occurred during image processing: name 'frame_skip' is not defined
Traceback (most recent call last):
  File "/home/flutterfinn/AntiSpoofin/app/blueprints/services.py", line 36, in process_image
    frame = cv2.cvtColor(np.array(pil_image), cv2.COLOR_RGB2BGR)
                                ^^^^^^^^^^
NameError: name 'frame_skip' is not defined
2024-11-22 01:21:02,150 - ERROR - An error occurred during image processing: name 'frame_skip' is not defined
Traceback (most recent call last):
  File "/home/flutterfinn/AntiSpoofin/app/blueprints/services.py", line 36, in process_image
    frame = cv2.cvtColor(np.array(pil_image), cv2.COLOR_RGB2BGR)
                                ^^^^^^^^^^
NameError: name 'frame_skip' is not defined
2024-11-22 01:21:02,574 - ERROR - An error occurred during image processing: name 'frame_skip' is not defined
Traceback (most recent call last):
  File "/home/flutterfinn/AntiSpoofin/app/blueprints/services.py", line 36, in process_image
    frame = cv2.cvtColor(np.array(pil_image), cv2.COLOR_RGB2BGR)
                                ^^^^^^^^^^
NameError: name 'frame_skip' is not defined
2024-11-22 01:21:02,842 - ERROR - An error occurred during image processing: name 'frame_skip' is not defined
Traceback (most recent call last):
  File "/home/flutterfinn/AntiSpoofin/app/blueprints/services.py", line 36, in process_image
    frame = cv2.cvtColor(np.array(pil_image), cv2.COLOR_RGB2BGR)
                                ^^^^^^^^^^
NameError: name 'frame_skip' is not defined
2024-11-22 01:21:03,133 - ERROR - An error occurred during image processing: name 'frame_skip' is not defined
Traceback (most recent call last):
  File "/home/flutterfinn/AntiSpoofin/app/blueprints/services.py", line 36, in process_image
    frame = cv2.cvtColor(np.array(pil_image), cv2.COLOR_RGB2BGR)
                                ^^^^^^^^^^
NameError: name 'frame_skip' is not defined
2024-11-22 01:21:03,412 - ERROR - An error occurred during image processing: name 'frame_skip' is not defined
Traceback (most recent call last):
  File "/home/flutterfinn/AntiSpoofin/app/blueprints/services.py", line 36, in process_image
    frame = cv2.cvtColor(np.array(pil_image), cv2.COLOR_RGB2BGR)
                                ^^^^^^^^^^
NameError: name 'frame_skip' is not defined
2024-11-22 01:21:03,745 - ERROR - An error occurred during image processing: name 'frame_skip' is not defined
Traceback (most recent call last):
  File "/home/flutterfinn/AntiSpoofin/app/blueprints/services.py", line 36, in process_image
    frame = cv2.cvtColor(np.array(pil_image), cv2.COLOR_RGB2BGR)
                                ^^^^^^^^^^
NameError: name 'frame_skip' is not defined
2024-11-22 01:21:03,993 - ERROR - An error occurred during image processing: name 'frame_skip' is not defined
Traceback (most recent call last):
  File "/home/flutterfinn/AntiSpoofin/app/blueprints/services.py", line 36, in process_image
    frame = cv2.cvtColor(np.array(pil_image), cv2.COLOR_RGB2BGR)
                                ^^^^^^^^^^
NameError: name 'frame_skip' is not defined
2024-11-22 01:21:04,293 - ERROR - An error occurred during image processing: name 'frame_skip' is not defined
Traceback (most recent call last):
  File "/home/flutterfinn/AntiSpoofin/app/blueprints/services.py", line 36, in process_image
    frame = cv2.cvtColor(np.array(pil_image), cv2.COLOR_RGB2BGR)
                                ^^^^^^^^^^
NameError: name 'frame_skip' is not defined
2024-11-22 01:21:04,547 - ERROR - An error occurred during image processing: name 'frame_skip' is not defined
Traceback (most recent call last):
  File "/home/flutterfinn/AntiSpoofin/app/blueprints/services.py", line 36, in process_image
    frame = cv2.cvtColor(np.array(pil_image), cv2.COLOR_RGB2BGR)
                                ^^^^^^^^^^
NameError: name 'frame_skip' is not defined
2024-11-22 01:21:04,853 - ERROR - An error occurred during image processing: name 'frame_skip' is not defined
Traceback (most recent call last):
  File "/home/flutterfinn/AntiSpoofin/app/blueprints/services.py", line 36, in process_image
    frame = cv2.cvtColor(np.array(pil_image), cv2.COLOR_RGB2BGR)
                                ^^^^^^^^^^
NameError: name 'frame_skip' is not defined
2024-11-22 01:21:05,110 - ERROR - An error occurred during image processing: name 'frame_skip' is not defined
Traceback (most recent call last):
  File "/home/flutterfinn/AntiSpoofin/app/blueprints/services.py", line 36, in process_image
    frame = cv2.cvtColor(np.array(pil_image), cv2.COLOR_RGB2BGR)
                                ^^^^^^^^^^
NameError: name 'frame_skip' is not defined
2024-11-22 01:21:05,363 - ERROR - An error occurred during image processing: name 'frame_skip' is not defined
Traceback (most recent call last):
  File "/home/flutterfinn/AntiSpoofin/app/blueprints/services.py", line 36, in process_image
    frame = cv2.cvtColor(np.array(pil_image), cv2.COLOR_RGB2BGR)
                                ^^^^^^^^^^
NameError: name 'frame_skip' is not defined
2024-11-22 01:21:05,693 - ERROR - An error occurred during image processing: name 'frame_skip' is not defined
Traceback (most recent call last):
  File "/home/flutterfinn/AntiSpoofin/app/blueprints/services.py", line 36, in process_image
    frame = cv2.cvtColor(np.array(pil_image), cv2.COLOR_RGB2BGR)
                                ^^^^^^^^^^
NameError: name 'frame_skip' is not defined
2024-11-22 01:21:05,950 - ERROR - An error occurred during image processing: name 'frame_skip' is not defined
Traceback (most recent call last):
  File "/home/flutterfinn/AntiSpoofin/app/blueprints/services.py", line 36, in process_image
    frame = cv2.cvtColor(np.array(pil_image), cv2.COLOR_RGB2BGR)
                                ^^^^^^^^^^
NameError: name 'frame_skip' is not defined
2024-11-22 01:21:06,274 - ERROR - An error occurred during image processing: name 'frame_skip' is not defined
Traceback (most recent call last):
  File "/home/flutterfinn/AntiSpoofin/app/blueprints/services.py", line 36, in process_image
    frame = cv2.cvtColor(np.array(pil_image), cv2.COLOR_RGB2BGR)
                                ^^^^^^^^^^
NameError: name 'frame_skip' is not defined
2024-11-22 01:21:06,553 - ERROR - An error occurred during image processing: name 'frame_skip' is not defined
Traceback (most recent call last):
  File "/home/flutterfinn/AntiSpoofin/app/blueprints/services.py", line 36, in process_image
    frame = cv2.cvtColor(np.array(pil_image), cv2.COLOR_RGB2BGR)
                                ^^^^^^^^^^
NameError: name 'frame_skip' is not defined
2024-11-22 01:21:06,810 - ERROR - An error occurred during image processing: name 'frame_skip' is not defined
Traceback (most recent call last):
  File "/home/flutterfinn/AntiSpoofin/app/blueprints/services.py", line 36, in process_image
    frame = cv2.cvtColor(np.array(pil_image), cv2.COLOR_RGB2BGR)
                                ^^^^^^^^^^
NameError: name 'frame_skip' is not defined
2024-11-22 01:21:07,104 - ERROR - An error occurred during image processing: name 'frame_skip' is not defined
Traceback (most recent call last):
  File "/home/flutterfinn/AntiSpoofin/app/blueprints/services.py", line 36, in process_image
    frame = cv2.cvtColor(np.array(pil_image), cv2.COLOR_RGB2BGR)
                                ^^^^^^^^^^
NameError: name 'frame_skip' is not defined
2024-11-22 01:21:07,351 - ERROR - An error occurred during image processing: name 'frame_skip' is not defined
Traceback (most recent call last):
  File "/home/flutterfinn/AntiSpoofin/app/blueprints/services.py", line 36, in process_image
    frame = cv2.cvtColor(np.array(pil_image), cv2.COLOR_RGB2BGR)
                                ^^^^^^^^^^
NameError: name 'frame_skip' is not defined
2024-11-22 01:21:07,681 - ERROR - An error occurred during image processing: name 'frame_skip' is not defined
Traceback (most recent call last):
  File "/home/flutterfinn/AntiSpoofin/app/blueprints/services.py", line 36, in process_image
    frame = cv2.cvtColor(np.array(pil_image), cv2.COLOR_RGB2BGR)
                                ^^^^^^^^^^
NameError: name 'frame_skip' is not defined
2024-11-22 01:21:16,901 - INFO - [31m[1mWARNING: This is a development server. Do not use it in a production deployment. Use a production WSGI server instead.[0m
 * Running on all addresses (0.0.0.0)
 * Running on http://127.0.0.1:5000
 * Running on http://192.168.43.85:5000
2024-11-22 01:21:16,901 - INFO - [33mPress CTRL+C to quit[0m
2024-11-22 01:21:16,901 - INFO -  * Restarting with stat
2024-11-22 01:21:23,426 - WARNING -  * Debugger is active!
2024-11-22 01:21:23,426 - INFO -  * Debugger PIN: 144-004-194
2024-11-22 01:21:23,461 - INFO - 192.168.43.85 - - [22/Nov/2024 01:21:23] "GET /socket.io/?EIO=4&transport=polling&t=PDHFg1c HTTP/1.1" 200 -
2024-11-22 01:21:23,529 - INFO - 192.168.43.85 - - [22/Nov/2024 01:21:23] "POST /socket.io/?EIO=4&transport=polling&t=PDHFh71&sid=WLFaDJTNhFmQcqDgAAAA HTTP/1.1" 200 -
2024-11-22 01:21:23,536 - INFO - 192.168.43.85 - - [22/Nov/2024 01:21:23] "GET /socket.io/?EIO=4&transport=polling&t=PDHFh73&sid=WLFaDJTNhFmQcqDgAAAA HTTP/1.1" 200 -
2024-11-22 01:21:23,597 - INFO - 192.168.43.85 - - [22/Nov/2024 01:21:23] "GET /socket.io/?EIO=4&transport=polling&t=PDHFh89&sid=WLFaDJTNhFmQcqDgAAAA HTTP/1.1" 200 -
2024-11-22 01:21:23,659 - INFO - 192.168.43.85 - - [22/Nov/2024 01:21:23] "GET /socket.io/?EIO=4&transport=polling&t=PDHFh97&sid=WLFaDJTNhFmQcqDgAAAA HTTP/1.1" 200 -
2024-11-22 01:21:25,541 - ERROR - An error occurred during image processing: cannot access local variable 'annotated_frame' where it is not associated with a value
Traceback (most recent call last):
  File "/home/flutterfinn/AntiSpoofin/app/blueprints/services.py", line 48, in process_image
    _, img_encoded = cv2.imencode('.jpg', annotated_frame)
                                          ^^^^^^^^^^^^^^^
UnboundLocalError: cannot access local variable 'annotated_frame' where it is not associated with a value
2024-11-22 01:21:25,792 - ERROR - An error occurred during image processing: cannot access local variable 'annotated_frame' where it is not associated with a value
Traceback (most recent call last):
  File "/home/flutterfinn/AntiSpoofin/app/blueprints/services.py", line 48, in process_image
    _, img_encoded = cv2.imencode('.jpg', annotated_frame)
                                          ^^^^^^^^^^^^^^^
UnboundLocalError: cannot access local variable 'annotated_frame' where it is not associated with a value
2024-11-22 01:21:26,021 - ERROR - An error occurred during image processing: cannot access local variable 'annotated_frame' where it is not associated with a value
Traceback (most recent call last):
  File "/home/flutterfinn/AntiSpoofin/app/blueprints/services.py", line 48, in process_image
    _, img_encoded = cv2.imencode('.jpg', annotated_frame)
                                          ^^^^^^^^^^^^^^^
UnboundLocalError: cannot access local variable 'annotated_frame' where it is not associated with a value
2024-11-22 01:21:26,294 - ERROR - An error occurred during image processing: cannot access local variable 'annotated_frame' where it is not associated with a value
Traceback (most recent call last):
  File "/home/flutterfinn/AntiSpoofin/app/blueprints/services.py", line 48, in process_image
    _, img_encoded = cv2.imencode('.jpg', annotated_frame)
                                          ^^^^^^^^^^^^^^^
UnboundLocalError: cannot access local variable 'annotated_frame' where it is not associated with a value
2024-11-22 01:21:26,953 - ERROR - An error occurred during image processing: cannot access local variable 'annotated_frame' where it is not associated with a value
Traceback (most recent call last):
  File "/home/flutterfinn/AntiSpoofin/app/blueprints/services.py", line 48, in process_image
    _, img_encoded = cv2.imencode('.jpg', annotated_frame)
                                          ^^^^^^^^^^^^^^^
UnboundLocalError: cannot access local variable 'annotated_frame' where it is not associated with a value
2024-11-22 01:21:27,321 - ERROR - An error occurred during image processing: cannot access local variable 'annotated_frame' where it is not associated with a value
Traceback (most recent call last):
  File "/home/flutterfinn/AntiSpoofin/app/blueprints/services.py", line 48, in process_image
    _, img_encoded = cv2.imencode('.jpg', annotated_frame)
                                          ^^^^^^^^^^^^^^^
UnboundLocalError: cannot access local variable 'annotated_frame' where it is not associated with a value
2024-11-22 01:21:27,629 - ERROR - An error occurred during image processing: cannot access local variable 'annotated_frame' where it is not associated with a value
Traceback (most recent call last):
  File "/home/flutterfinn/AntiSpoofin/app/blueprints/services.py", line 48, in process_image
    _, img_encoded = cv2.imencode('.jpg', annotated_frame)
                                          ^^^^^^^^^^^^^^^
UnboundLocalError: cannot access local variable 'annotated_frame' where it is not associated with a value
2024-11-22 01:21:27,917 - ERROR - An error occurred during image processing: cannot access local variable 'annotated_frame' where it is not associated with a value
Traceback (most recent call last):
  File "/home/flutterfinn/AntiSpoofin/app/blueprints/services.py", line 48, in process_image
    _, img_encoded = cv2.imencode('.jpg', annotated_frame)
                                          ^^^^^^^^^^^^^^^
UnboundLocalError: cannot access local variable 'annotated_frame' where it is not associated with a value
2024-11-22 01:21:28,639 - ERROR - An error occurred during image processing: cannot access local variable 'annotated_frame' where it is not associated with a value
Traceback (most recent call last):
  File "/home/flutterfinn/AntiSpoofin/app/blueprints/services.py", line 48, in process_image
    _, img_encoded = cv2.imencode('.jpg', annotated_frame)
                                          ^^^^^^^^^^^^^^^
UnboundLocalError: cannot access local variable 'annotated_frame' where it is not associated with a value
2024-11-22 01:21:28,914 - ERROR - An error occurred during image processing: cannot access local variable 'annotated_frame' where it is not associated with a value
Traceback (most recent call last):
  File "/home/flutterfinn/AntiSpoofin/app/blueprints/services.py", line 48, in process_image
    _, img_encoded = cv2.imencode('.jpg', annotated_frame)
                                          ^^^^^^^^^^^^^^^
UnboundLocalError: cannot access local variable 'annotated_frame' where it is not associated with a value
2024-11-22 01:21:29,286 - ERROR - An error occurred during image processing: cannot access local variable 'annotated_frame' where it is not associated with a value
Traceback (most recent call last):
  File "/home/flutterfinn/AntiSpoofin/app/blueprints/services.py", line 48, in process_image
    _, img_encoded = cv2.imencode('.jpg', annotated_frame)
                                          ^^^^^^^^^^^^^^^
UnboundLocalError: cannot access local variable 'annotated_frame' where it is not associated with a value
2024-11-22 01:21:29,590 - ERROR - An error occurred during image processing: cannot access local variable 'annotated_frame' where it is not associated with a value
Traceback (most recent call last):
  File "/home/flutterfinn/AntiSpoofin/app/blueprints/services.py", line 48, in process_image
    _, img_encoded = cv2.imencode('.jpg', annotated_frame)
                                          ^^^^^^^^^^^^^^^
UnboundLocalError: cannot access local variable 'annotated_frame' where it is not associated with a value
2024-11-22 01:21:30,641 - ERROR - An error occurred during image processing: cannot access local variable 'annotated_frame' where it is not associated with a value
Traceback (most recent call last):
  File "/home/flutterfinn/AntiSpoofin/app/blueprints/services.py", line 48, in process_image
    _, img_encoded = cv2.imencode('.jpg', annotated_frame)
                                          ^^^^^^^^^^^^^^^
UnboundLocalError: cannot access local variable 'annotated_frame' where it is not associated with a value
2024-11-22 01:21:30,851 - ERROR - An error occurred during image processing: cannot access local variable 'annotated_frame' where it is not associated with a value
Traceback (most recent call last):
  File "/home/flutterfinn/AntiSpoofin/app/blueprints/services.py", line 48, in process_image
    _, img_encoded = cv2.imencode('.jpg', annotated_frame)
                                          ^^^^^^^^^^^^^^^
UnboundLocalError: cannot access local variable 'annotated_frame' where it is not associated with a value
2024-11-22 01:21:31,086 - ERROR - An error occurred during image processing: cannot access local variable 'annotated_frame' where it is not associated with a value
Traceback (most recent call last):
  File "/home/flutterfinn/AntiSpoofin/app/blueprints/services.py", line 48, in process_image
    _, img_encoded = cv2.imencode('.jpg', annotated_frame)
                                          ^^^^^^^^^^^^^^^
UnboundLocalError: cannot access local variable 'annotated_frame' where it is not associated with a value
2024-11-22 01:21:31,390 - ERROR - An error occurred during image processing: cannot access local variable 'annotated_frame' where it is not associated with a value
Traceback (most recent call last):
  File "/home/flutterfinn/AntiSpoofin/app/blueprints/services.py", line 48, in process_image
    _, img_encoded = cv2.imencode('.jpg', annotated_frame)
                                          ^^^^^^^^^^^^^^^
UnboundLocalError: cannot access local variable 'annotated_frame' where it is not associated with a value
2024-11-22 01:21:31,977 - ERROR - An error occurred during image processing: cannot access local variable 'annotated_frame' where it is not associated with a value
Traceback (most recent call last):
  File "/home/flutterfinn/AntiSpoofin/app/blueprints/services.py", line 48, in process_image
    _, img_encoded = cv2.imencode('.jpg', annotated_frame)
                                          ^^^^^^^^^^^^^^^
UnboundLocalError: cannot access local variable 'annotated_frame' where it is not associated with a value
2024-11-22 01:21:32,249 - ERROR - An error occurred during image processing: cannot access local variable 'annotated_frame' where it is not associated with a value
Traceback (most recent call last):
  File "/home/flutterfinn/AntiSpoofin/app/blueprints/services.py", line 48, in process_image
    _, img_encoded = cv2.imencode('.jpg', annotated_frame)
                                          ^^^^^^^^^^^^^^^
UnboundLocalError: cannot access local variable 'annotated_frame' where it is not associated with a value
2024-11-22 01:21:32,519 - ERROR - An error occurred during image processing: cannot access local variable 'annotated_frame' where it is not associated with a value
Traceback (most recent call last):
  File "/home/flutterfinn/AntiSpoofin/app/blueprints/services.py", line 48, in process_image
    _, img_encoded = cv2.imencode('.jpg', annotated_frame)
                                          ^^^^^^^^^^^^^^^
UnboundLocalError: cannot access local variable 'annotated_frame' where it is not associated with a value
2024-11-22 01:21:32,860 - ERROR - An error occurred during image processing: cannot access local variable 'annotated_frame' where it is not associated with a value
Traceback (most recent call last):
  File "/home/flutterfinn/AntiSpoofin/app/blueprints/services.py", line 48, in process_image
    _, img_encoded = cv2.imencode('.jpg', annotated_frame)
                                          ^^^^^^^^^^^^^^^
UnboundLocalError: cannot access local variable 'annotated_frame' where it is not associated with a value
2024-11-22 01:21:33,429 - ERROR - An error occurred during image processing: cannot access local variable 'annotated_frame' where it is not associated with a value
Traceback (most recent call last):
  File "/home/flutterfinn/AntiSpoofin/app/blueprints/services.py", line 48, in process_image
    _, img_encoded = cv2.imencode('.jpg', annotated_frame)
                                          ^^^^^^^^^^^^^^^
UnboundLocalError: cannot access local variable 'annotated_frame' where it is not associated with a value
2024-11-22 01:21:33,700 - ERROR - An error occurred during image processing: cannot access local variable 'annotated_frame' where it is not associated with a value
Traceback (most recent call last):
  File "/home/flutterfinn/AntiSpoofin/app/blueprints/services.py", line 48, in process_image
    _, img_encoded = cv2.imencode('.jpg', annotated_frame)
                                          ^^^^^^^^^^^^^^^
UnboundLocalError: cannot access local variable 'annotated_frame' where it is not associated with a value
2024-11-22 01:21:34,009 - ERROR - An error occurred during image processing: cannot access local variable 'annotated_frame' where it is not associated with a value
Traceback (most recent call last):
  File "/home/flutterfinn/AntiSpoofin/app/blueprints/services.py", line 48, in process_image
    _, img_encoded = cv2.imencode('.jpg', annotated_frame)
                                          ^^^^^^^^^^^^^^^
UnboundLocalError: cannot access local variable 'annotated_frame' where it is not associated with a value
2024-11-22 01:21:34,273 - ERROR - An error occurred during image processing: cannot access local variable 'annotated_frame' where it is not associated with a value
Traceback (most recent call last):
  File "/home/flutterfinn/AntiSpoofin/app/blueprints/services.py", line 48, in process_image
    _, img_encoded = cv2.imencode('.jpg', annotated_frame)
                                          ^^^^^^^^^^^^^^^
UnboundLocalError: cannot access local variable 'annotated_frame' where it is not associated with a value
2024-11-22 01:21:34,851 - ERROR - An error occurred during image processing: cannot access local variable 'annotated_frame' where it is not associated with a value
Traceback (most recent call last):
  File "/home/flutterfinn/AntiSpoofin/app/blueprints/services.py", line 48, in process_image
    _, img_encoded = cv2.imencode('.jpg', annotated_frame)
                                          ^^^^^^^^^^^^^^^
UnboundLocalError: cannot access local variable 'annotated_frame' where it is not associated with a value
2024-11-22 01:21:35,130 - ERROR - An error occurred during image processing: cannot access local variable 'annotated_frame' where it is not associated with a value
Traceback (most recent call last):
  File "/home/flutterfinn/AntiSpoofin/app/blueprints/services.py", line 48, in process_image
    _, img_encoded = cv2.imencode('.jpg', annotated_frame)
                                          ^^^^^^^^^^^^^^^
UnboundLocalError: cannot access local variable 'annotated_frame' where it is not associated with a value
2024-11-22 01:21:35,466 - ERROR - An error occurred during image processing: cannot access local variable 'annotated_frame' where it is not associated with a value
Traceback (most recent call last):
  File "/home/flutterfinn/AntiSpoofin/app/blueprints/services.py", line 48, in process_image
    _, img_encoded = cv2.imencode('.jpg', annotated_frame)
                                          ^^^^^^^^^^^^^^^
UnboundLocalError: cannot access local variable 'annotated_frame' where it is not associated with a value
2024-11-22 01:21:35,723 - ERROR - An error occurred during image processing: cannot access local variable 'annotated_frame' where it is not associated with a value
Traceback (most recent call last):
  File "/home/flutterfinn/AntiSpoofin/app/blueprints/services.py", line 48, in process_image
    _, img_encoded = cv2.imencode('.jpg', annotated_frame)
                                          ^^^^^^^^^^^^^^^
UnboundLocalError: cannot access local variable 'annotated_frame' where it is not associated with a value
2024-11-22 01:21:36,301 - ERROR - An error occurred during image processing: cannot access local variable 'annotated_frame' where it is not associated with a value
Traceback (most recent call last):
  File "/home/flutterfinn/AntiSpoofin/app/blueprints/services.py", line 48, in process_image
    _, img_encoded = cv2.imencode('.jpg', annotated_frame)
                                          ^^^^^^^^^^^^^^^
UnboundLocalError: cannot access local variable 'annotated_frame' where it is not associated with a value
2024-11-22 01:21:36,567 - ERROR - An error occurred during image processing: cannot access local variable 'annotated_frame' where it is not associated with a value
Traceback (most recent call last):
  File "/home/flutterfinn/AntiSpoofin/app/blueprints/services.py", line 48, in process_image
    _, img_encoded = cv2.imencode('.jpg', annotated_frame)
                                          ^^^^^^^^^^^^^^^
UnboundLocalError: cannot access local variable 'annotated_frame' where it is not associated with a value
2024-11-22 01:21:36,897 - ERROR - An error occurred during image processing: cannot access local variable 'annotated_frame' where it is not associated with a value
Traceback (most recent call last):
  File "/home/flutterfinn/AntiSpoofin/app/blueprints/services.py", line 48, in process_image
    _, img_encoded = cv2.imencode('.jpg', annotated_frame)
                                          ^^^^^^^^^^^^^^^
UnboundLocalError: cannot access local variable 'annotated_frame' where it is not associated with a value
2024-11-22 01:21:37,210 - ERROR - An error occurred during image processing: cannot access local variable 'annotated_frame' where it is not associated with a value
Traceback (most recent call last):
  File "/home/flutterfinn/AntiSpoofin/app/blueprints/services.py", line 48, in process_image
    _, img_encoded = cv2.imencode('.jpg', annotated_frame)
                                          ^^^^^^^^^^^^^^^
UnboundLocalError: cannot access local variable 'annotated_frame' where it is not associated with a value
2024-11-22 01:21:37,764 - ERROR - An error occurred during image processing: cannot access local variable 'annotated_frame' where it is not associated with a value
Traceback (most recent call last):
  File "/home/flutterfinn/AntiSpoofin/app/blueprints/services.py", line 48, in process_image
    _, img_encoded = cv2.imencode('.jpg', annotated_frame)
                                          ^^^^^^^^^^^^^^^
UnboundLocalError: cannot access local variable 'annotated_frame' where it is not associated with a value
2024-11-22 01:21:38,073 - ERROR - An error occurred during image processing: cannot access local variable 'annotated_frame' where it is not associated with a value
Traceback (most recent call last):
  File "/home/flutterfinn/AntiSpoofin/app/blueprints/services.py", line 48, in process_image
    _, img_encoded = cv2.imencode('.jpg', annotated_frame)
                                          ^^^^^^^^^^^^^^^
UnboundLocalError: cannot access local variable 'annotated_frame' where it is not associated with a value
2024-11-22 01:21:38,337 - ERROR - An error occurred during image processing: cannot access local variable 'annotated_frame' where it is not associated with a value
Traceback (most recent call last):
  File "/home/flutterfinn/AntiSpoofin/app/blueprints/services.py", line 48, in process_image
    _, img_encoded = cv2.imencode('.jpg', annotated_frame)
                                          ^^^^^^^^^^^^^^^
UnboundLocalError: cannot access local variable 'annotated_frame' where it is not associated with a value
2024-11-22 01:21:38,629 - ERROR - An error occurred during image processing: cannot access local variable 'annotated_frame' where it is not associated with a value
Traceback (most recent call last):
  File "/home/flutterfinn/AntiSpoofin/app/blueprints/services.py", line 48, in process_image
    _, img_encoded = cv2.imencode('.jpg', annotated_frame)
                                          ^^^^^^^^^^^^^^^
UnboundLocalError: cannot access local variable 'annotated_frame' where it is not associated with a value
2024-11-22 01:21:39,154 - ERROR - An error occurred during image processing: cannot access local variable 'annotated_frame' where it is not associated with a value
Traceback (most recent call last):
  File "/home/flutterfinn/AntiSpoofin/app/blueprints/services.py", line 48, in process_image
    _, img_encoded = cv2.imencode('.jpg', annotated_frame)
                                          ^^^^^^^^^^^^^^^
UnboundLocalError: cannot access local variable 'annotated_frame' where it is not associated with a value
2024-11-22 01:21:39,477 - ERROR - An error occurred during image processing: cannot access local variable 'annotated_frame' where it is not associated with a value
Traceback (most recent call last):
  File "/home/flutterfinn/AntiSpoofin/app/blueprints/services.py", line 48, in process_image
    _, img_encoded = cv2.imencode('.jpg', annotated_frame)
                                          ^^^^^^^^^^^^^^^
UnboundLocalError: cannot access local variable 'annotated_frame' where it is not associated with a value
2024-11-22 01:21:39,837 - ERROR - An error occurred during image processing: cannot access local variable 'annotated_frame' where it is not associated with a value
Traceback (most recent call last):
  File "/home/flutterfinn/AntiSpoofin/app/blueprints/services.py", line 48, in process_image
    _, img_encoded = cv2.imencode('.jpg', annotated_frame)
                                          ^^^^^^^^^^^^^^^
UnboundLocalError: cannot access local variable 'annotated_frame' where it is not associated with a value
2024-11-22 01:21:40,111 - ERROR - An error occurred during image processing: cannot access local variable 'annotated_frame' where it is not associated with a value
Traceback (most recent call last):
  File "/home/flutterfinn/AntiSpoofin/app/blueprints/services.py", line 48, in process_image
    _, img_encoded = cv2.imencode('.jpg', annotated_frame)
                                          ^^^^^^^^^^^^^^^
UnboundLocalError: cannot access local variable 'annotated_frame' where it is not associated with a value
2024-11-22 01:21:40,742 - ERROR - An error occurred during image processing: cannot access local variable 'annotated_frame' where it is not associated with a value
Traceback (most recent call last):
  File "/home/flutterfinn/AntiSpoofin/app/blueprints/services.py", line 48, in process_image
    _, img_encoded = cv2.imencode('.jpg', annotated_frame)
                                          ^^^^^^^^^^^^^^^
UnboundLocalError: cannot access local variable 'annotated_frame' where it is not associated with a value
2024-11-22 01:21:41,203 - ERROR - An error occurred during image processing: cannot access local variable 'annotated_frame' where it is not associated with a value
Traceback (most recent call last):
  File "/home/flutterfinn/AntiSpoofin/app/blueprints/services.py", line 48, in process_image
    _, img_encoded = cv2.imencode('.jpg', annotated_frame)
                                          ^^^^^^^^^^^^^^^
UnboundLocalError: cannot access local variable 'annotated_frame' where it is not associated with a value
2024-11-22 01:21:41,565 - ERROR - An error occurred during image processing: cannot access local variable 'annotated_frame' where it is not associated with a value
Traceback (most recent call last):
  File "/home/flutterfinn/AntiSpoofin/app/blueprints/services.py", line 48, in process_image
    _, img_encoded = cv2.imencode('.jpg', annotated_frame)
                                          ^^^^^^^^^^^^^^^
UnboundLocalError: cannot access local variable 'annotated_frame' where it is not associated with a value
2024-11-22 01:21:41,995 - ERROR - An error occurred during image processing: cannot access local variable 'annotated_frame' where it is not associated with a value
Traceback (most recent call last):
  File "/home/flutterfinn/AntiSpoofin/app/blueprints/services.py", line 48, in process_image
    _, img_encoded = cv2.imencode('.jpg', annotated_frame)
                                          ^^^^^^^^^^^^^^^
UnboundLocalError: cannot access local variable 'annotated_frame' where it is not associated with a value
2024-11-22 01:21:42,589 - ERROR - An error occurred during image processing: cannot access local variable 'annotated_frame' where it is not associated with a value
Traceback (most recent call last):
  File "/home/flutterfinn/AntiSpoofin/app/blueprints/services.py", line 48, in process_image
    _, img_encoded = cv2.imencode('.jpg', annotated_frame)
                                          ^^^^^^^^^^^^^^^
UnboundLocalError: cannot access local variable 'annotated_frame' where it is not associated with a value
2024-11-22 01:21:42,876 - ERROR - An error occurred during image processing: cannot access local variable 'annotated_frame' where it is not associated with a value
Traceback (most recent call last):
  File "/home/flutterfinn/AntiSpoofin/app/blueprints/services.py", line 48, in process_image
    _, img_encoded = cv2.imencode('.jpg', annotated_frame)
                                          ^^^^^^^^^^^^^^^
UnboundLocalError: cannot access local variable 'annotated_frame' where it is not associated with a value
2024-11-22 01:21:43,169 - ERROR - An error occurred during image processing: cannot access local variable 'annotated_frame' where it is not associated with a value
Traceback (most recent call last):
  File "/home/flutterfinn/AntiSpoofin/app/blueprints/services.py", line 48, in process_image
    _, img_encoded = cv2.imencode('.jpg', annotated_frame)
                                          ^^^^^^^^^^^^^^^
UnboundLocalError: cannot access local variable 'annotated_frame' where it is not associated with a value
2024-11-22 01:21:43,452 - ERROR - An error occurred during image processing: cannot access local variable 'annotated_frame' where it is not associated with a value
Traceback (most recent call last):
  File "/home/flutterfinn/AntiSpoofin/app/blueprints/services.py", line 48, in process_image
    _, img_encoded = cv2.imencode('.jpg', annotated_frame)
                                          ^^^^^^^^^^^^^^^
UnboundLocalError: cannot access local variable 'annotated_frame' where it is not associated with a value
2024-11-22 01:21:44,131 - ERROR - An error occurred during image processing: cannot access local variable 'annotated_frame' where it is not associated with a value
Traceback (most recent call last):
  File "/home/flutterfinn/AntiSpoofin/app/blueprints/services.py", line 48, in process_image
    _, img_encoded = cv2.imencode('.jpg', annotated_frame)
                                          ^^^^^^^^^^^^^^^
UnboundLocalError: cannot access local variable 'annotated_frame' where it is not associated with a value
2024-11-22 01:21:44,437 - ERROR - An error occurred during image processing: cannot access local variable 'annotated_frame' where it is not associated with a value
Traceback (most recent call last):
  File "/home/flutterfinn/AntiSpoofin/app/blueprints/services.py", line 48, in process_image
    _, img_encoded = cv2.imencode('.jpg', annotated_frame)
                                          ^^^^^^^^^^^^^^^
UnboundLocalError: cannot access local variable 'annotated_frame' where it is not associated with a value
2024-11-22 01:21:44,726 - ERROR - An error occurred during image processing: cannot access local variable 'annotated_frame' where it is not associated with a value
Traceback (most recent call last):
  File "/home/flutterfinn/AntiSpoofin/app/blueprints/services.py", line 48, in process_image
    _, img_encoded = cv2.imencode('.jpg', annotated_frame)
                                          ^^^^^^^^^^^^^^^
UnboundLocalError: cannot access local variable 'annotated_frame' where it is not associated with a value
2024-11-22 01:21:44,996 - ERROR - An error occurred during image processing: cannot access local variable 'annotated_frame' where it is not associated with a value
Traceback (most recent call last):
  File "/home/flutterfinn/AntiSpoofin/app/blueprints/services.py", line 48, in process_image
    _, img_encoded = cv2.imencode('.jpg', annotated_frame)
                                          ^^^^^^^^^^^^^^^
UnboundLocalError: cannot access local variable 'annotated_frame' where it is not associated with a value
2024-11-22 01:21:45,563 - ERROR - An error occurred during image processing: cannot access local variable 'annotated_frame' where it is not associated with a value
Traceback (most recent call last):
  File "/home/flutterfinn/AntiSpoofin/app/blueprints/services.py", line 48, in process_image
    _, img_encoded = cv2.imencode('.jpg', annotated_frame)
                                          ^^^^^^^^^^^^^^^
UnboundLocalError: cannot access local variable 'annotated_frame' where it is not associated with a value
2024-11-22 01:21:45,856 - ERROR - An error occurred during image processing: cannot access local variable 'annotated_frame' where it is not associated with a value
Traceback (most recent call last):
  File "/home/flutterfinn/AntiSpoofin/app/blueprints/services.py", line 48, in process_image
    _, img_encoded = cv2.imencode('.jpg', annotated_frame)
                                          ^^^^^^^^^^^^^^^
UnboundLocalError: cannot access local variable 'annotated_frame' where it is not associated with a value
2024-11-22 01:21:46,146 - ERROR - An error occurred during image processing: cannot access local variable 'annotated_frame' where it is not associated with a value
Traceback (most recent call last):
  File "/home/flutterfinn/AntiSpoofin/app/blueprints/services.py", line 48, in process_image
    _, img_encoded = cv2.imencode('.jpg', annotated_frame)
                                          ^^^^^^^^^^^^^^^
UnboundLocalError: cannot access local variable 'annotated_frame' where it is not associated with a value
2024-11-22 01:21:46,501 - ERROR - An error occurred during image processing: cannot access local variable 'annotated_frame' where it is not associated with a value
Traceback (most recent call last):
  File "/home/flutterfinn/AntiSpoofin/app/blueprints/services.py", line 48, in process_image
    _, img_encoded = cv2.imencode('.jpg', annotated_frame)
                                          ^^^^^^^^^^^^^^^
UnboundLocalError: cannot access local variable 'annotated_frame' where it is not associated with a value
2024-11-22 01:21:47,161 - ERROR - An error occurred during image processing: cannot access local variable 'annotated_frame' where it is not associated with a value
Traceback (most recent call last):
  File "/home/flutterfinn/AntiSpoofin/app/blueprints/services.py", line 48, in process_image
    _, img_encoded = cv2.imencode('.jpg', annotated_frame)
                                          ^^^^^^^^^^^^^^^
UnboundLocalError: cannot access local variable 'annotated_frame' where it is not associated with a value
2024-11-22 01:21:47,504 - ERROR - An error occurred during image processing: cannot access local variable 'annotated_frame' where it is not associated with a value
Traceback (most recent call last):
  File "/home/flutterfinn/AntiSpoofin/app/blueprints/services.py", line 48, in process_image
    _, img_encoded = cv2.imencode('.jpg', annotated_frame)
                                          ^^^^^^^^^^^^^^^
UnboundLocalError: cannot access local variable 'annotated_frame' where it is not associated with a value
2024-11-22 01:21:47,814 - ERROR - An error occurred during image processing: cannot access local variable 'annotated_frame' where it is not associated with a value
Traceback (most recent call last):
  File "/home/flutterfinn/AntiSpoofin/app/blueprints/services.py", line 48, in process_image
    _, img_encoded = cv2.imencode('.jpg', annotated_frame)
                                          ^^^^^^^^^^^^^^^
UnboundLocalError: cannot access local variable 'annotated_frame' where it is not associated with a value
2024-11-22 01:21:48,084 - ERROR - An error occurred during image processing: cannot access local variable 'annotated_frame' where it is not associated with a value
Traceback (most recent call last):
  File "/home/flutterfinn/AntiSpoofin/app/blueprints/services.py", line 48, in process_image
    _, img_encoded = cv2.imencode('.jpg', annotated_frame)
                                          ^^^^^^^^^^^^^^^
UnboundLocalError: cannot access local variable 'annotated_frame' where it is not associated with a value
2024-11-22 01:21:48,732 - ERROR - An error occurred during image processing: cannot access local variable 'annotated_frame' where it is not associated with a value
Traceback (most recent call last):
  File "/home/flutterfinn/AntiSpoofin/app/blueprints/services.py", line 48, in process_image
    _, img_encoded = cv2.imencode('.jpg', annotated_frame)
                                          ^^^^^^^^^^^^^^^
UnboundLocalError: cannot access local variable 'annotated_frame' where it is not associated with a value
2024-11-22 01:21:49,015 - ERROR - An error occurred during image processing: cannot access local variable 'annotated_frame' where it is not associated with a value
Traceback (most recent call last):
  File "/home/flutterfinn/AntiSpoofin/app/blueprints/services.py", line 48, in process_image
    _, img_encoded = cv2.imencode('.jpg', annotated_frame)
                                          ^^^^^^^^^^^^^^^
UnboundLocalError: cannot access local variable 'annotated_frame' where it is not associated with a value
2024-11-22 01:21:49,283 - ERROR - An error occurred during image processing: cannot access local variable 'annotated_frame' where it is not associated with a value
Traceback (most recent call last):
  File "/home/flutterfinn/AntiSpoofin/app/blueprints/services.py", line 48, in process_image
    _, img_encoded = cv2.imencode('.jpg', annotated_frame)
                                          ^^^^^^^^^^^^^^^
UnboundLocalError: cannot access local variable 'annotated_frame' where it is not associated with a value
2024-11-22 01:21:49,605 - ERROR - An error occurred during image processing: cannot access local variable 'annotated_frame' where it is not associated with a value
Traceback (most recent call last):
  File "/home/flutterfinn/AntiSpoofin/app/blueprints/services.py", line 48, in process_image
    _, img_encoded = cv2.imencode('.jpg', annotated_frame)
                                          ^^^^^^^^^^^^^^^
UnboundLocalError: cannot access local variable 'annotated_frame' where it is not associated with a value
2024-11-22 01:21:50,163 - ERROR - An error occurred during image processing: cannot access local variable 'annotated_frame' where it is not associated with a value
Traceback (most recent call last):
  File "/home/flutterfinn/AntiSpoofin/app/blueprints/services.py", line 48, in process_image
    _, img_encoded = cv2.imencode('.jpg', annotated_frame)
                                          ^^^^^^^^^^^^^^^
UnboundLocalError: cannot access local variable 'annotated_frame' where it is not associated with a value
2024-11-22 01:21:50,574 - ERROR - An error occurred during image processing: cannot access local variable 'annotated_frame' where it is not associated with a value
Traceback (most recent call last):
  File "/home/flutterfinn/AntiSpoofin/app/blueprints/services.py", line 48, in process_image
    _, img_encoded = cv2.imencode('.jpg', annotated_frame)
                                          ^^^^^^^^^^^^^^^
UnboundLocalError: cannot access local variable 'annotated_frame' where it is not associated with a value
2024-11-22 01:21:50,897 - ERROR - An error occurred during image processing: cannot access local variable 'annotated_frame' where it is not associated with a value
Traceback (most recent call last):
  File "/home/flutterfinn/AntiSpoofin/app/blueprints/services.py", line 48, in process_image
    _, img_encoded = cv2.imencode('.jpg', annotated_frame)
                                          ^^^^^^^^^^^^^^^
UnboundLocalError: cannot access local variable 'annotated_frame' where it is not associated with a value
2024-11-22 01:21:51,239 - ERROR - An error occurred during image processing: cannot access local variable 'annotated_frame' where it is not associated with a value
Traceback (most recent call last):
  File "/home/flutterfinn/AntiSpoofin/app/blueprints/services.py", line 48, in process_image
    _, img_encoded = cv2.imencode('.jpg', annotated_frame)
                                          ^^^^^^^^^^^^^^^
UnboundLocalError: cannot access local variable 'annotated_frame' where it is not associated with a value
2024-11-22 01:21:51,813 - ERROR - An error occurred during image processing: cannot access local variable 'annotated_frame' where it is not associated with a value
Traceback (most recent call last):
  File "/home/flutterfinn/AntiSpoofin/app/blueprints/services.py", line 48, in process_image
    _, img_encoded = cv2.imencode('.jpg', annotated_frame)
                                          ^^^^^^^^^^^^^^^
UnboundLocalError: cannot access local variable 'annotated_frame' where it is not associated with a value
2024-11-22 01:21:52,198 - ERROR - An error occurred during image processing: cannot access local variable 'annotated_frame' where it is not associated with a value
Traceback (most recent call last):
  File "/home/flutterfinn/AntiSpoofin/app/blueprints/services.py", line 48, in process_image
    _, img_encoded = cv2.imencode('.jpg', annotated_frame)
                                          ^^^^^^^^^^^^^^^
UnboundLocalError: cannot access local variable 'annotated_frame' where it is not associated with a value
2024-11-22 01:21:52,475 - ERROR - An error occurred during image processing: cannot access local variable 'annotated_frame' where it is not associated with a value
Traceback (most recent call last):
  File "/home/flutterfinn/AntiSpoofin/app/blueprints/services.py", line 48, in process_image
    _, img_encoded = cv2.imencode('.jpg', annotated_frame)
                                          ^^^^^^^^^^^^^^^
UnboundLocalError: cannot access local variable 'annotated_frame' where it is not associated with a value
2024-11-22 01:21:52,775 - ERROR - An error occurred during image processing: cannot access local variable 'annotated_frame' where it is not associated with a value
Traceback (most recent call last):
  File "/home/flutterfinn/AntiSpoofin/app/blueprints/services.py", line 48, in process_image
    return {'image': f"data:image/jpg;base64,{b64_image}"}
                                          ^^^^^^^^^^^^^^^
UnboundLocalError: cannot access local variable 'annotated_frame' where it is not associated with a value
2024-11-22 01:21:53,528 - ERROR - An error occurred during image processing: cannot access local variable 'annotated_frame' where it is not associated with a value
Traceback (most recent call last):
  File "/home/flutterfinn/AntiSpoofin/app/blueprints/services.py", line 48, in process_image
    return {'image': f"data:image/jpg;base64,{b64_image}"}
                                          ^^^^^^^^^^^^^^^
UnboundLocalError: cannot access local variable 'annotated_frame' where it is not associated with a value
2024-11-22 01:21:53,596 - INFO -  * Detected change in '/home/flutterfinn/AntiSpoofin/app/blueprints/services.py', reloading
2024-11-22 01:24:58,689 - INFO - [31m[1mWARNING: This is a development server. Do not use it in a production deployment. Use a production WSGI server instead.[0m
 * Running on all addresses (0.0.0.0)
 * Running on http://127.0.0.1:5000
 * Running on http://192.168.43.85:5000
2024-11-22 01:24:58,689 - INFO - [33mPress CTRL+C to quit[0m
2024-11-22 01:24:58,690 - INFO -  * Restarting with stat
2024-11-22 01:25:04,843 - WARNING -  * Debugger is active!
2024-11-22 01:25:04,843 - INFO -  * Debugger PIN: 144-004-194
2024-11-22 01:25:04,877 - INFO - Rendering the index page.
2024-11-22 01:25:04,885 - INFO - 127.0.0.1 - - [22/Nov/2024 01:25:04] "GET / HTTP/1.1" 200 -
2024-11-22 01:25:04,986 - INFO - 127.0.0.1 - - [22/Nov/2024 01:25:04] "[36mGET /static/js/main.js HTTP/1.1[0m" 304 -
2024-11-22 01:25:05,408 - INFO - 192.168.43.85 - - [22/Nov/2024 01:25:05] "GET /socket.io/?EIO=4&transport=polling&t=PDHGXHx HTTP/1.1" 200 -
2024-11-22 01:25:05,449 - INFO - 192.168.43.85 - - [22/Nov/2024 01:25:05] "POST /socket.io/?EIO=4&transport=polling&t=PDHGXIQ&sid=eHQDOVdMOsf0CI-7AAAA HTTP/1.1" 200 -
2024-11-22 01:25:05,451 - INFO - 192.168.43.85 - - [22/Nov/2024 01:25:05] "GET /socket.io/?EIO=4&transport=polling&t=PDHGXIS&sid=eHQDOVdMOsf0CI-7AAAA HTTP/1.1" 200 -
2024-11-22 01:25:05,543 - ERROR - Cannot identify image file
2024-11-22 01:25:05,544 - ERROR - Cannot identify image file
2024-11-22 01:25:05,545 - ERROR - Cannot identify image file
2024-11-22 01:25:05,552 - INFO - 127.0.0.1 - - [22/Nov/2024 01:25:05] "[33mGET /undefined HTTP/1.1[0m" 404 -
2024-11-22 01:25:05,586 - ERROR - Cannot identify image file
2024-11-22 01:25:05,590 - INFO - 127.0.0.1 - - [22/Nov/2024 01:25:05] "[33mGET /undefined HTTP/1.1[0m" 404 -
2024-11-22 01:25:05,632 - ERROR - Cannot identify image file
2024-11-22 01:25:05,634 - INFO - 127.0.0.1 - - [22/Nov/2024 01:25:05] "[33mGET /undefined HTTP/1.1[0m" 404 -
2024-11-22 01:25:05,676 - ERROR - Cannot identify image file
2024-11-22 01:25:05,682 - INFO - 127.0.0.1 - - [22/Nov/2024 01:25:05] "[33mGET /undefined HTTP/1.1[0m" 404 -
2024-11-22 01:25:05,732 - ERROR - Cannot identify image file
2024-11-22 01:25:05,760 - INFO - 127.0.0.1 - - [22/Nov/2024 01:25:05] "[33mGET /undefined HTTP/1.1[0m" 404 -
2024-11-22 01:25:05,782 - ERROR - Cannot identify image file
2024-11-22 01:25:05,818 - INFO - 127.0.0.1 - - [22/Nov/2024 01:25:05] "[33mGET /undefined HTTP/1.1[0m" 404 -
2024-11-22 01:25:05,820 - ERROR - Cannot identify image file
2024-11-22 01:25:05,870 - ERROR - Cannot identify image file
2024-11-22 01:25:05,892 - INFO - 127.0.0.1 - - [22/Nov/2024 01:25:05] "[33mGET /undefined HTTP/1.1[0m" 404 -
2024-11-22 01:25:05,904 - ERROR - Cannot identify image file
2024-11-22 01:25:05,922 - INFO - 127.0.0.1 - - [22/Nov/2024 01:25:05] "[33mGET /undefined HTTP/1.1[0m" 404 -
2024-11-22 01:25:05,958 - ERROR - Cannot identify image file
2024-11-22 01:25:05,994 - INFO - 127.0.0.1 - - [22/Nov/2024 01:25:05] "[33mGET /undefined HTTP/1.1[0m" 404 -
2024-11-22 01:25:06,015 - ERROR - Cannot identify image file
2024-11-22 01:25:06,053 - ERROR - Cannot identify image file
2024-11-22 01:25:06,080 - INFO - 127.0.0.1 - - [22/Nov/2024 01:25:06] "[33mGET /undefined HTTP/1.1[0m" 404 -
2024-11-22 01:25:40,065 - INFO - 192.168.43.85 - - [22/Nov/2024 01:25:40] "GET /socket.io/?EIO=4&transport=websocket&sid=eHQDOVdMOsf0CI-7AAAA HTTP/1.1" 200 -
